[2026-01-21_13:47:23]  Starting installation
Now installing: fwCore
     Installing sub Components ... 
Copying files ....
  Importing general config file: ./config/fwStdLib.config ... 
Copying files ....
  Importing general config file: ./config/fwStdUi.config ... 
Copying files ....
ASCII import of file fwGeneral.dpl is finished successfully
ASCII import of file fwGeneral_ProgressBar.dpl is finished successfully
ASCII import of file fwGeneric_KnownEmails.dpl is finished successfully
  Importing general config file: ./config/fwGeneral.config ... 
Copying files ....
ASCII import of file fwConfigsAlarmClasses.dpl is finished successfully
Copying files ....
ASCII import of file fwDeviceDPTs.dpl is finished successfully
ASCII import of file _FwTreeNodeInfo.dpl is finished successfully
Copying files ....
ASCII import of file fwNodeDPs.dpl is finished successfully
ASCII import of file fwNodeDPTs.dpl is finished successfully
Copying files ....
ASCII import of file unDistributedControl.dpl is finished successfully
Copying files ....
ASCII import of file fwTree.dpl is finished successfully
  Importing general config file: ./config/fwTree.config ... 
Copying files ....
ASCII import of file fwAlarmHandlingDPs.dpl is finished successfully
ASCII import of file fwAlarmHandlingDPTs.dpl is finished successfully
ASCII import of file fwAlarmPanelConfig.dpl is finished successfully
  Importing general config file: ./config/fwAlarmHandling.config ... 
Copying files ....
  Importing general config file: ./config/fwCore.config ... 
Now installing: fwTrending
Copying files ....
ASCII import of file fwTrendingDPTs.dpl is finished successfully
ASCII import of file fwTrendingDPs.dpl is finished successfully
Now installing: fwFSM
Copying files ....
ASCII import of file FwFsmDps.dpl is finished successfully
  Importing general config file: ./config/fwFSM.config ... 
Now installing: fwDeviceEditorNavigator
Copying files ....
ASCII import of file fwDeviceEditorNavigatorDPTs.dpl is finished successfully
Now installing: fwConfigurationDB
Copying files ....
ASCII import of file fwConfigurationDB.dpl is finished successfully
  Importing general config file: ./config/fwConfigurationDB.config ... 
Now installing: fwCaen
Copying files ....
Copying files ....
ASCII import of file fwCaenDPs.dpl is finished successfully
ASCII import of file fwCaenDPTs.dpl is finished successfully
ASCII import of file fwCaenOldCratesDPs.dpl is finished successfully
ASCII import of file fwCaenOldCratesDPTs.dpl is finished successfully
ASCII import of file fwCaenEasyDPs.dpl is finished successfully
ASCII import of file fwCaenEasyDPTs.dpl is finished successfully
ASCII import of file fwCaenEasy6000.dpl is finished successfully
ASCII import of file fwCaenCmsMdtDPs.dpl is finished successfully
ASCII import of file fwCaenCmsMdtDPTs.dpl is finished successfully
Now installing: fwTrending3
Copying files ....
ASCII import of file fwTrending3.dpl is finished successfully
  Importing general config file: ./config/fwTrending3.config ... 
Now installing: fwAnalogDigital
Copying files ....
ASCII import of file fwAnalogDigitalDPs.dpl is finished successfully
ASCII import of file fwAnalogDigitalDPTs.dpl is finished successfully
Now installing: fwFSMConfDB
Copying files ....
ASCII import of file fwFSMConfDB_DPT.dpl is finished successfully
ASCII import of file fwFSMConfDBParametrization_DPT.dpl is finished successfully
ASCII import of file FSMConfDB_ConfDUT.dpl is finished successfully
ASCII import of file fwFSMConfDB_Parametrization.dpl is finished successfully
Now installing: fwAccessControl
Copying files ....
ASCII import of file fwAccessControl.dpl is finished successfully
  Importing general config file: ./config/fwAccessControl.config ... 
[2026-01-21_13:48:00] Finishing installation
[2026-01-21_13:48:00] Please find the log file for this installation operation in: /opt/winccoa_projects/CXHV/log/fwInstallation.log
ASCII import of file fwAlarmHandlingDPE_AESConfig_fwAes.dpl is finished successfully
ASCII import of file fwAlarmHandlingDPE_AESProperties_fwAes.dpl is finished successfully
ASCII import of file fwAlarmHandlingDPE_AEScreen_fwAes.dpl is finished successfully
ASCII import of file fwTrendingFreshInstallDPs.dpl is finished successfully
[2026-01-21_14:16:47]  Starting installation
Now installing: lbCaenHV
User choice at installation of lbCaenHV: ABORT
[2026-01-21_14:16:59] Finishing installation
[2026-01-21_14:16:59] Please find the log file for this installation operation in: /opt/winccoa_projects/CXHV/log/fwInstallation.log
[2026-01-21_14:17:21]  Starting installation
Now installing: lbFsmDomains
Copying files ....
ASCII import of file lbFsmDomains.dpl is finished successfully
  Importing general config file: ./config/lbFSMConfDB.config ... 
[2026-01-21_14:17:23] Finishing installation
[2026-01-21_14:17:23] Please find the log file for this installation operation in: /opt/winccoa_projects/CXHV/log/fwInstallation.log
[2026-01-21_14:18:15]  Starting installation
Now installing: lbCaenHV
Copying files ....
ASCII import of file lbCaenHV.dpl is finished successfully
  Importing general config file: ./config/lbCaenHV.config ... 
[2026-01-21_14:18:23] Finishing installation
[2026-01-21_14:18:23] Please find the log file for this installation operation in: /opt/winccoa_projects/CXHV/log/fwInstallation.log
[2026-01-21_14:30:26]  Starting installation
Now installing: LbOpcUaLauncher
Copying files ....
ASCII import of file LbOPCUAServers.dpl is finished successfully
[2026-01-21_14:30:28] Finishing installation
[2026-01-21_14:30:28] Please find the log file for this installation operation in: /opt/winccoa_projects/CXHV/log/fwInstallation.log
[2026-01-21_15:09:50]  Starting installation
Now installing: fwCtrlUtils
Copying files ....
[2026-01-21_15:09:53] Finishing installation
[2026-01-21_15:09:53] Please find the log file for this installation operation in: /opt/winccoa_projects/CXHV/log/fwInstallation.log
[2026-01-21_16:49:47]  Starting installation
Now installing: fwCaen
Copying files ....
ASCII import of file fwCaenDPs.dpl is finished successfully
ASCII import of file fwCaenDPTs.dpl is finished successfully
ASCII import of file fwCaenOldCratesDPs.dpl is finished successfully
ASCII import of file fwCaenOldCratesDPTs.dpl is finished successfully
ASCII import of file fwCaenEasyDPs.dpl is finished successfully
ASCII import of file fwCaenEasyDPTs.dpl is finished successfully
ASCII import of file fwCaenEasy6000.dpl is finished successfully
ASCII import of file fwCaenCmsMdtDPs.dpl is finished successfully
ASCII import of file fwCaenCmsMdtDPTs.dpl is finished successfully
[2026-01-21_16:50:07] Finishing installation
[2026-01-21_16:50:07] Please find the log file for this installation operation in: /opt/winccoa_projects/CXHV/log/fwInstallation.log
