["fwTrending: initialization script"]
["fwTrending: Detected fresh installation of fwTrending. Flagging post-install job to import DPs for runnning."]
2026.01.21 13:47:41.563["fwCaen.preInit script: running script"]
2026.01.21 13:47:41.565["fwCaen.preinit script: created missing user defined type _FwCaenBoardSY1527A1676UserDefined"]
2026.01.21 13:47:41.566["fwCaen.preinit script: created missing user defined type _FwCaenBoardSY1527A1660UserDefined"]
2026.01.21 13:47:41.567["fwCaen.preinit script: created missing user defined type _FwCaenCrateEasyUserDefined"]
2026.01.21 13:47:41.568["fwCaen.preinit script: created missing user defined type _FwCaenBoardEasyUserDefined"]
2026.01.21 13:47:41.568["fwCaen.preinit script: created missing user defined type _FwCaenChannelADCUserDefined"]
2026.01.21 13:47:41.569["fwCaen.preinit script: created missing user defined type _FwCaenChannelDACUserDefined"]
2026.01.21 13:47:41.570["fwCaen.preinit script: created missing user defined type _FwCaenChannelUserDefined"]
2026.01.21 13:47:41.571["fwCaen.preinit script: created missing user defined type _FwCaenCrateSY1527UserDefined"]
2026.01.21 13:47:41.571["fwCaen.preinit script: created missing user defined type _FwCaenBoardSY1527UserDefined"]
2026.01.21 13:47:41.572["fwCaen.preinit script: created missing user defined type _FwCaenCrateVMEUserDefined"]
2026.01.21 13:47:41.573["fwCaen.preinit script: created missing user defined type _FwCaenChannelVMEUserDefined"]
2026.01.21 13:47:41.574["fwCaen.preinit script: created missing user defined type _FwCaenCrateNGPSUserDefined"]
2026.01.21 13:47:41.574["fwCaen.preinit script: script finished"]
2026.01.21 14:10:02.737["System Name: CXHV: System Number: 1401 - FwFsm: version is 3503"]
2026.01.21 14:10:17.949["System Name: CXHV: System Number: 1401 - FwFsm: version is 3503"]
["Creating default ConfDB setup"]
2026.01.21 14:19:15.837["INFO : CAENHVChannelConfDBInitializer -> Step 2 -> Save Properties created!!"]
2026.01.21 14:48:10.578["INFO : CAENHVChannelConfDBInitializer -> Step 2 -> Save Properties created!!"]
2026.01.21 14:48:40.066["INFO : CAENHVChannelConfDBInitializer -> Step 2 -> Save Properties created!!"]
2026.01.21 14:51:16.692["INFO : CAENHVChannelConfDBInitializer -> Step 2 -> Save Properties created!!"]
2026.01.21 15:10:46.154["INFO : CAENHVChannelConfDBInitializer -> Step 2 -> Save Properties created!!"]
2026.01.21 15:23:14.023["INFO : CAENHVChannelConfDBInitializer -> Step 1 -> No CONFIGURATORS to be created!!"]
2026.01.21 15:23:14.023["INFO : CAENHVChannelConfDBInitializer -> Step 1 -> END"]
2026.01.21 15:23:22.558["INFO : CAENHVChannelConfDBInitializer -> Step 1 -> No CONFIGURATORS to be created!!"]
2026.01.21 15:23:22.558["INFO : CAENHVChannelConfDBInitializer -> Step 1 -> END"]
2026.01.21 15:23:25.222["INFO : CAENHVChannelConfDBInitializer -> Step 2 -> Save Properties created!!"]
2026.01.21 15:23:25.223["INFO : CAENHVChannelConfDBInitializer -> Step 2 -> No DU to include on the RecipeCache for node CXHV!!"]
2026.01.21 15:23:25.223["INFO : CAENHVChannelConfDBInitializer -> Step 2 -> All DU DPE's for node CXHV included!!"]
2026.01.21 15:23:25.397["INFO : CAENHVChannelConfDBInitializer -> Step 2 -> Standard Recipes created!!"]
2026.01.21 15:23:25.397["INFO : CAENHVChannelConfDBInitializer -> Step 2 -> END"]
2026.01.21 15:23:48.019["INFO : CAENHVChannelConfDBInitializer -> Step 3 -> All DU's of type FwCaenChannelDefault for node  set to VISIBLE!!"]
2026.01.21 15:23:48.019["INFO : CAENHVChannelConfDBInitializer -> Step 3 -> END"]
2026.01.21 15:46:51.462["INFO : CAENHVChannelConfDBInitializer -> Step 1 -> No CONFIGURATORS to be created!!"]
2026.01.21 15:46:51.462["INFO : CAENHVChannelConfDBInitializer -> Step 1 -> END"]
2026.01.21 15:46:56.596["INFO : CAENHVChannelConfDBInitializer -> Step 2 -> Save Properties created!!"]
2026.01.21 15:46:56.597["INFO : CAENHVChannelConfDBInitializer -> Step 2 -> No DU to include on the RecipeCache for node CXHV!!"]
2026.01.21 15:46:56.597["INFO : CAENHVChannelConfDBInitializer -> Step 2 -> All DU DPE's for node CXHV included!!"]
2026.01.21 15:46:56.610["INFO : CAENHVChannelConfDBInitializer -> Step 2 -> Standard Recipes created!!"]
2026.01.21 15:46:56.610["INFO : CAENHVChannelConfDBInitializer -> Step 2 -> END"]
2026.01.21 16:03:15.181["INFO : CAENHVChannelConfDBInitializer -> Step 3 -> All DU's of type FwCaenChannelDefault for node  set to VISIBLE!!"]
2026.01.21 16:03:15.182["INFO : CAENHVChannelConfDBInitializer -> Step 3 -> END"]
2026.01.21 16:03:32.016["INFO : CAENHVChannelConfDBInitializer -> Step 2 -> Save Properties created!!"]
2026.01.21 16:03:32.016["INFO : CAENHVChannelConfDBInitializer -> Step 2 -> No DU to include on the RecipeCache for node CXHV!!"]
2026.01.21 16:03:32.016["INFO : CAENHVChannelConfDBInitializer -> Step 2 -> All DU DPE's for node CXHV included!!"]
2026.01.21 16:03:32.031["INFO : CAENHVChannelConfDBInitializer -> Step 2 -> Standard Recipes created!!"]
2026.01.21 16:03:32.031["INFO : CAENHVChannelConfDBInitializer -> Step 2 -> END"]
2026.01.21 16:03:33.712["INFO : CAENHVChannelConfDBInitializer -> Step 3 -> All DU's of type FwCaenChannelDefault for node  set to VISIBLE!!"]
2026.01.21 16:03:33.712["INFO : CAENHVChannelConfDBInitializer -> Step 3 -> END"]
["DU added: CXHV_ConfDB ->>>> to domain: CXHV"]
2026.01.21 16:34:58.072["INFO : CAENHVChannelConfDBInitializer -> Step 1 -> END"]
["CXHV_ConfDB deleted"]
["DU added: CXHV_ConfDB ->>>> to domain: CXHV"]
2026.01.21 16:35:06.565["INFO : CAENHVChannelConfDBInitializer -> Step 1 -> END"]
2026.01.21 16:35:12.236["INFO : CAENHVChannelConfDBInitializer -> Step 2 -> Save Properties created!!"]
2026.01.21 16:35:12.302["INFO : CAENHVChannelConfDBInitializer -> Step 2 -> All DU's for node CXHV included!!"]
2026.01.21 16:35:12.302["INFO : CAENHVChannelConfDBInitializer -> Step 2 -> All DU DPE's for node CXHV included!!"]
2026.01.21 16:35:12.329["INFO : CAENHVChannelConfDBInitializer -> Step 2 -> Standard Recipes created!!"]
2026.01.21 16:35:12.330["INFO : CAENHVChannelConfDBInitializer -> Step 2 -> END"]
2026.01.21 16:35:16.557["INFO : CAENHVChannelConfDBInitializer -> Step 3 -> All DU's of type FwCaenChannelDefault for node  set to VISIBLE!!"]
2026.01.21 16:35:16.557["INFO : CAENHVChannelConfDBInitializer -> Step 3 -> END"]
2026.01.21 16:35:19.157["INFO : CAENHVChannelConfDBInitializer -> Step 3 -> All DU's of type FwCaenChannelDefault for node  set to VISIBLE!!"]
2026.01.21 16:35:19.157["INFO : CAENHVChannelConfDBInitializer -> Step 3 -> END"]
["CXHV_ConfDB deleted"]
["DU added: CXHV_ConfDB ->>>> to domain: CXHV"]
2026.01.21 16:40:41.828["INFO : CAENHVChannelConfDBInitializer -> Step 1 -> END"]
2026.01.21 16:41:00.525["INFO : CAENHVChannelConfDBInitializer -> Step 2 -> Save Properties created!!"]
2026.01.21 16:41:00.561["INFO : CAENHVChannelConfDBInitializer -> Step 2 -> All DU's for node CXHV included!!"]
2026.01.21 16:41:00.561["INFO : CAENHVChannelConfDBInitializer -> Step 2 -> All DU DPE's for node CXHV included!!"]
2026.01.21 16:41:00.606["INFO : CAENHVChannelConfDBInitializer -> Step 2 -> Standard Recipes created!!"]
2026.01.21 16:41:00.606["INFO : CAENHVChannelConfDBInitializer -> Step 2 -> END"]
2026.01.21 16:41:05.073["INFO : CAENHVChannelConfDBInitializer -> Step 3 -> All DU's of type FwCaenChannelDefault for node  set to VISIBLE!!"]
2026.01.21 16:41:05.073["INFO : CAENHVChannelConfDBInitializer -> Step 3 -> END"]
["DU added: CXHV01_ConfDB ->>>> to domain: CXHV01"]
2026.01.21 16:41:17.022["INFO : CAENHVChannelConfDBInitializer -> Step 1 -> END"]
2026.01.21 16:41:18.958["INFO : CAENHVChannelConfDBInitializer -> Step 2 -> Save Properties created!!"]
2026.01.21 16:41:18.988["INFO : CAENHVChannelConfDBInitializer -> Step 2 -> All DU's for node CXHV01 included!!"]
2026.01.21 16:41:18.989["INFO : CAENHVChannelConfDBInitializer -> Step 2 -> All DU DPE's for node CXHV01 included!!"]
2026.01.21 16:41:19.033["INFO : CAENHVChannelConfDBInitializer -> Step 2 -> Standard Recipes created!!"]
2026.01.21 16:41:19.033["INFO : CAENHVChannelConfDBInitializer -> Step 2 -> END"]
2026.01.21 16:41:24.572["INFO : CAENHVChannelConfDBInitializer -> Step 2 -> Save Properties created!!"]
2026.01.21 16:41:24.604["INFO : CAENHVChannelConfDBInitializer -> Step 2 -> All DU's for node CXHV01 included!!"]
2026.01.21 16:41:24.605["INFO : CAENHVChannelConfDBInitializer -> Step 2 -> All DU DPE's for node CXHV01 included!!"]
2026.01.21 16:41:24.662["INFO : CAENHVChannelConfDBInitializer -> Step 2 -> Standard Recipes created!!"]
2026.01.21 16:41:24.663["INFO : CAENHVChannelConfDBInitializer -> Step 2 -> END"]
2026.01.21 16:41:26.669["INFO : CAENHVChannelConfDBInitializer -> Step 3 -> All DU's of type FwCaenChannelDefault for node  set to VISIBLE!!"]
2026.01.21 16:41:26.669["INFO : CAENHVChannelConfDBInitializer -> Step 3 -> END"]
2026.01.22 10:20:54.754["System Name: CXHV: System Number: 1401 - FwFsm: version is 3503"]
2026.01.22 10:31:32.733["fwFsmTree_generateAll: Generating Device Types..."]
2026.01.22 10:31:35.353["fwFsmTree_generateAll: Generating Object Types..."]
2026.01.22 10:31:37.467["fwFsmTree_generateAll: Generating Tree Nodes..."]
2026.01.22 10:31:50.754["+++++++++++++ Opening Panel CODEXB_HV::CODEXB_HV"]
2026.01.22 10:32:00.992["*** INFO - petersm@cxhv01 issued Take to CODEXB_HV"]["CODEXB_HV"]
["Reporting 22-Jan-2026 10:32:00 - *** INFO - petersm@cxhv01 issued Take to CODEXB_HV"]
2026.01.22 10:32:01.009["******* Taking "]["CODEXB_HV"]
2026.01.22 10:32:08.166["Param panel"]["CXHV:FwCaenChannelA1580"]["OFF"]["Go_READY"]["CODEXB_HV"]["CAEN/cxcaen01/board08/channel000"]["Go_READY"][dyn_string 1 items
     1: "string RUN_TYPE = \"PHYSICS\""
]
2026.01.22 10:36:23.231["+++++++++++++ Opening Panel CODEXB_HV::CODEXB_HV"]
2026.01.22 10:36:26.806["******* Closing "]["CODEXB_HV"][0]
2026.01.22 10:36:26.807["******* Releasing "]["CODEXB_HV"]
2026.01.22 10:36:35.257["+++++++++++++ Opening Panel CODEXB_HV::CODEXB_HV"]
2026.01.22 10:36:40.022["******* Closing "]["CODEXB_HV"][0]
2026.01.22 10:37:14.039["+++++++++++++ Opening Panel CODEXB_HV::CODEXB_HV"]
2026.01.22 10:37:27.567["fwFsmTree_generateAll: Generating Device Types..."]
2026.01.22 10:37:30.094["fwFsmTree_generateAll: Generating Object Types..."]
2026.01.22 10:37:32.150["fwFsmTree_generateAll: Generating Tree Nodes..."]
2026.01.22 10:37:43.631["*** INFO - petersm@cxhv01 issued Take to CODEXB_HV"]["CODEXB_HV"]
["Reporting 22-Jan-2026 10:37:43 - *** INFO - petersm@cxhv01 issued Take to CODEXB_HV"]
2026.01.22 10:37:43.646["******* Taking "]["CODEXB_HV"]
2026.01.22 10:37:49.049["Param panel"]["CXHV:HV_Domain_v1"]["NOT_READY"]["Load"]["CODEXB_HV"]["CODEXB_HV"]["Load"][dyn_string 1 items
     1: "string RUN_TYPE = \"PHYSICS\""
]
2026.01.22 10:37:59.927["Param panel"]["CXHV:FwCaenChannelA1580"]["OFF"]["Go_STANDBY1"]["CODEXB_HV"]["CAEN/cxcaen01/board08/channel000"]["Go_STANDBY1"][dyn_string 1 items
     1: "string RUN_TYPE = \"PHYSICS\""
]
2026.01.22 10:38:03.948["+++++++++++++ Opening Panel CODEXB_HV::CAEN/cxcaen01/board08/channel000"]
2026.01.22 10:38:07.750["******* Closing "]["CAEN/cxcaen01/board08/channel000"][0]
2026.01.22 10:38:46.391["Param panel"]["CXHV:FwCaenChannelA1580"]["OFF"]["Go_STANDBY1"]["CODEXB_HV"]["CAEN/cxcaen01/board08/channel000"]["Go_STANDBY1"][dyn_string 1 items
     1: "string RUN_TYPE = \"PHYSICS\""
]
2026.01.22 10:39:00.939["Param panel"]["CXHV:HV_Domain_v1"]["NOT_READY"]["Go_STANDBY1"]["CODEXB_HV"]["CODEXB_HV"]["Go_STANDBY1"][dyn_string 1 items
     1: "string RUN_TYPE = \"PHYSICS\""
]
2026.01.22 10:40:10.205["Param panel"]["CXHV:HV_Domain_v1"]["NOT_READY"]["Go_STANDBY2"]["CODEXB_HV"]["CODEXB_HV"]["Go_STANDBY2"][dyn_string 1 items
     1: "string RUN_TYPE = \"PHYSICS\""
]
2026.01.22 10:40:34.085["Param panel"]["CXHV:FwFSMConfDB_HV"]["NOT_READY"]["LOAD"]["CODEXB_HV"]["CODEXB_HV_ConfDB"]["LOAD"][dyn_string 1 items
     1: "string sMode = \"PHYSICS\""
]
2026.01.22 10:41:11.059["Param panel"]["CXHV:HV_Domain_v1"]["NOT_READY"]["Go_STANDBY1"]["CODEXB_HV"]["CODEXB_HV"]["Go_STANDBY1"][dyn_string 1 items
     1: "string RUN_TYPE = \"PHYSICS\""
]
2026.01.22 10:50:23.940["INFO : CAENHVChannelConfDBInitializer -> Step 2 -> Save Properties created!!"]
2026.01.22 10:50:23.987["INFO : CAENHVChannelConfDBInitializer -> Step 2 -> All DU's for node CODEXB_HV included!!"]
2026.01.22 10:50:23.987["INFO : CAENHVChannelConfDBInitializer -> Step 2 -> All DU DPE's for node CODEXB_HV included!!"]
2026.01.22 10:50:24.256["INFO : CAENHVChannelConfDBInitializer -> Step 2 -> Standard Recipes created!!"]
2026.01.22 10:50:24.257["INFO : CAENHVChannelConfDBInitializer -> Step 2 -> END"]
2026.01.22 10:51:09.523["Param panel"]["CXHV:HV_Domain_v1"]["NOT_READY"]["Load"]["CODEXB_HV"]["CODEXB_HV"]["Load"][dyn_string 1 items
     1: "string RUN_TYPE = \"PHYSICS\""
]
2026.01.22 10:51:18.408["Param panel"]["CXHV:FwCaenChannelA1580"]["OFF"]["Go_STANDBY1"]["CODEXB_HV"]["CAEN/cxcaen01/board08/channel000"]["Go_STANDBY1"][dyn_string 1 items
     1: "string RUN_TYPE = \"PHYSICS\""
]
2026.01.22 10:55:21.549["INFO : CAENHVChannelConfDBInitializer -> Step 2 -> Save Properties created!!"]
2026.01.22 10:55:21.590["INFO : CAENHVChannelConfDBInitializer -> Step 2 -> All DU's for node CODEXB_HV included!!"]
2026.01.22 10:55:21.590["INFO : CAENHVChannelConfDBInitializer -> Step 2 -> All DU DPE's for node CODEXB_HV included!!"]
2026.01.22 10:55:21.628["INFO : CAENHVChannelConfDBInitializer -> Step 2 -> Standard Recipes created!!"]
2026.01.22 10:55:21.628["INFO : CAENHVChannelConfDBInitializer -> Step 2 -> END"]
2026.01.22 10:56:46.641["INFO : CAENHVChannelConfDBInitializer -> Step 2 -> Save Properties created!!"]
2026.01.22 10:56:46.643[dyn_string 17 items
     1: "CAEN/cxcaen01/board08/channel000"
     2: "CAEN/cxcaen01/board08/channel001"
     3: "CAEN/cxcaen01/board08/channel002"
     4: "CAEN/cxcaen01/board08/channel003"
     5: "CAEN/cxcaen01/board08/channel004"
     6: "CAEN/cxcaen01/board08/channel005"
     7: "CAEN/cxcaen01/board08/channel006"
     8: "CAEN/cxcaen01/board08/channel007"
     9: "CAEN/cxcaen01/board09/channel000"
    10: "CAEN/cxcaen01/board09/channel001"
    11: "CAEN/cxcaen01/board09/channel002"
    12: "CAEN/cxcaen01/board09/channel003"
    13: "CAEN/cxcaen01/board09/channel004"
    14: "CAEN/cxcaen01/board09/channel005"
    15: "CAEN/cxcaen01/board09/channel006"
    16: "CAEN/cxcaen01/board09/channel007"
    17: "CODEXB_HV_ConfDB"
][dyn_int 17 items
     1: 2
     2: 2
     3: 2
     4: 2
     5: 2
     6: 2
     7: 2
     8: 2
     9: 2
    10: 2
    11: 2
    12: 2
    13: 2
    14: 2
    15: 2
    16: 2
    17: 2
]["CODEXB_HV"]
2026.01.22 10:56:46.684["INFO : CAENHVChannelConfDBInitializer -> Step 2 -> All DU's for node CODEXB_HV included!!"]
2026.01.22 10:56:46.684["INFO : CAENHVChannelConfDBInitializer -> Step 2 -> All DU DPE's for node CODEXB_HV included!!"]
2026.01.22 10:56:46.721["INFO : CAENHVChannelConfDBInitializer -> Step 2 -> Standard Recipes created!!"]
2026.01.22 10:56:46.721["INFO : CAENHVChannelConfDBInitializer -> Step 2 -> END"]
2026.01.22 11:01:04.129["INFO : CAENHVChannelConfDBInitializer -> Step 2 -> Save Properties created!!"]
2026.01.22 11:01:04.131[dyn_string 17 items
     1: "CAEN/cxcaen01/board08/channel000"
     2: "CAEN/cxcaen01/board08/channel001"
     3: "CAEN/cxcaen01/board08/channel002"
     4: "CAEN/cxcaen01/board08/channel003"
     5: "CAEN/cxcaen01/board08/channel004"
     6: "CAEN/cxcaen01/board08/channel005"
     7: "CAEN/cxcaen01/board08/channel006"
     8: "CAEN/cxcaen01/board08/channel007"
     9: "CAEN/cxcaen01/board09/channel000"
    10: "CAEN/cxcaen01/board09/channel001"
    11: "CAEN/cxcaen01/board09/channel002"
    12: "CAEN/cxcaen01/board09/channel003"
    13: "CAEN/cxcaen01/board09/channel004"
    14: "CAEN/cxcaen01/board09/channel005"
    15: "CAEN/cxcaen01/board09/channel006"
    16: "CAEN/cxcaen01/board09/channel007"
    17: "CODEXB_HV_ConfDB"
][dyn_int 17 items
     1: 2
     2: 2
     3: 2
     4: 2
     5: 2
     6: 2
     7: 2
     8: 2
     9: 2
    10: 2
    11: 2
    12: 2
    13: 2
    14: 2
    15: 2
    16: 2
    17: 2
]["CODEXB_HV"]
2026.01.22 11:01:04.134["CAEN/cxcaen01/board08/channel000"]["FwCaenChannelA1580"]
2026.01.22 11:01:04.136["CAEN/cxcaen01/board08/channel001"]["FwCaenChannelA1580"]
2026.01.22 11:01:04.139["CAEN/cxcaen01/board08/channel002"]["FwCaenChannelA1580"]
2026.01.22 11:01:04.141["CAEN/cxcaen01/board08/channel003"]["FwCaenChannelA1580"]
2026.01.22 11:01:04.143["CAEN/cxcaen01/board08/channel004"]["FwCaenChannelA1580"]
2026.01.22 11:01:04.146["CAEN/cxcaen01/board08/channel005"]["FwCaenChannelA1580"]
2026.01.22 11:01:04.149["CAEN/cxcaen01/board08/channel006"]["FwCaenChannelA1580"]
2026.01.22 11:01:04.151["CAEN/cxcaen01/board08/channel007"]["FwCaenChannelA1580"]
2026.01.22 11:01:04.153["CAEN/cxcaen01/board09/channel000"]["FwCaenChannelA1580"]
2026.01.22 11:01:04.156["CAEN/cxcaen01/board09/channel001"]["FwCaenChannelA1580"]
2026.01.22 11:01:04.158["CAEN/cxcaen01/board09/channel002"]["FwCaenChannelA1580"]
2026.01.22 11:01:04.160["CAEN/cxcaen01/board09/channel003"]["FwCaenChannelA1580"]
2026.01.22 11:01:04.163["CAEN/cxcaen01/board09/channel004"]["FwCaenChannelA1580"]
2026.01.22 11:01:04.165["CAEN/cxcaen01/board09/channel005"]["FwCaenChannelA1580"]
2026.01.22 11:01:04.168["CAEN/cxcaen01/board09/channel006"]["FwCaenChannelA1580"]
2026.01.22 11:01:04.170["CAEN/cxcaen01/board09/channel007"]["FwCaenChannelA1580"]
2026.01.22 11:01:04.172["CODEXB_HV_ConfDB"]["FwFSMConfDB_HV"]
2026.01.22 11:01:04.172["INFO : CAENHVChannelConfDBInitializer -> Step 2 -> All DU's for node CODEXB_HV included!!"]
2026.01.22 11:01:04.173["INFO : CAENHVChannelConfDBInitializer -> Step 2 -> All DU DPE's for node CODEXB_HV included!!"]
2026.01.22 11:01:05.323["INFO : CAENHVChannelConfDBInitializer -> Step 2 -> Standard Recipes created!!"]
2026.01.22 11:01:05.324["INFO : CAENHVChannelConfDBInitializer -> Step 2 -> END"]
2026.01.22 11:03:30.237["INFO : CAENHVChannelConfDBInitializer -> Step 2 -> Save Properties created!!"]
2026.01.22 11:03:30.239[dyn_string 17 items
     1: "CAEN/cxcaen01/board08/channel000"
     2: "CAEN/cxcaen01/board08/channel001"
     3: "CAEN/cxcaen01/board08/channel002"
     4: "CAEN/cxcaen01/board08/channel003"
     5: "CAEN/cxcaen01/board08/channel004"
     6: "CAEN/cxcaen01/board08/channel005"
     7: "CAEN/cxcaen01/board08/channel006"
     8: "CAEN/cxcaen01/board08/channel007"
     9: "CAEN/cxcaen01/board09/channel000"
    10: "CAEN/cxcaen01/board09/channel001"
    11: "CAEN/cxcaen01/board09/channel002"
    12: "CAEN/cxcaen01/board09/channel003"
    13: "CAEN/cxcaen01/board09/channel004"
    14: "CAEN/cxcaen01/board09/channel005"
    15: "CAEN/cxcaen01/board09/channel006"
    16: "CAEN/cxcaen01/board09/channel007"
    17: "CODEXB_HV_ConfDB"
][dyn_int 17 items
     1: 2
     2: 2
     3: 2
     4: 2
     5: 2
     6: 2
     7: 2
     8: 2
     9: 2
    10: 2
    11: 2
    12: 2
    13: 2
    14: 2
    15: 2
    16: 2
    17: 2
]["CODEXB_HV"]
2026.01.22 11:03:30.243["CAEN/cxcaen01/board08/channel000"]["FwCaenChannelA1580"]
2026.01.22 11:03:30.247["CAEN/cxcaen01/board08/channel001"]["FwCaenChannelA1580"]
2026.01.22 11:03:30.250["CAEN/cxcaen01/board08/channel002"]["FwCaenChannelA1580"]
2026.01.22 11:03:30.254["CAEN/cxcaen01/board08/channel003"]["FwCaenChannelA1580"]
2026.01.22 11:03:30.257["CAEN/cxcaen01/board08/channel004"]["FwCaenChannelA1580"]
2026.01.22 11:03:30.261["CAEN/cxcaen01/board08/channel005"]["FwCaenChannelA1580"]
2026.01.22 11:03:30.264["CAEN/cxcaen01/board08/channel006"]["FwCaenChannelA1580"]
2026.01.22 11:03:30.267["CAEN/cxcaen01/board08/channel007"]["FwCaenChannelA1580"]
2026.01.22 11:03:30.271["CAEN/cxcaen01/board09/channel000"]["FwCaenChannelA1580"]
2026.01.22 11:03:30.274["CAEN/cxcaen01/board09/channel001"]["FwCaenChannelA1580"]
2026.01.22 11:03:30.277["CAEN/cxcaen01/board09/channel002"]["FwCaenChannelA1580"]
2026.01.22 11:03:30.279["CAEN/cxcaen01/board09/channel003"]["FwCaenChannelA1580"]
2026.01.22 11:03:30.282["CAEN/cxcaen01/board09/channel004"]["FwCaenChannelA1580"]
2026.01.22 11:03:30.285["CAEN/cxcaen01/board09/channel005"]["FwCaenChannelA1580"]
2026.01.22 11:03:30.288["CAEN/cxcaen01/board09/channel006"]["FwCaenChannelA1580"]
2026.01.22 11:03:30.290["CAEN/cxcaen01/board09/channel007"]["FwCaenChannelA1580"]
2026.01.22 11:03:30.293["CODEXB_HV_ConfDB"]["FwFSMConfDB_HV"]
2026.01.22 11:03:30.293[dyn_string 16 items
     1: "CXHV:CAEN/cxcaen01/board08/channel000"
     2: "CXHV:CAEN/cxcaen01/board08/channel001"
     3: "CXHV:CAEN/cxcaen01/board08/channel002"
     4: "CXHV:CAEN/cxcaen01/board08/channel003"
     5: "CXHV:CAEN/cxcaen01/board08/channel004"
     6: "CXHV:CAEN/cxcaen01/board08/channel005"
     7: "CXHV:CAEN/cxcaen01/board08/channel006"
     8: "CXHV:CAEN/cxcaen01/board08/channel007"
     9: "CXHV:CAEN/cxcaen01/board09/channel000"
    10: "CXHV:CAEN/cxcaen01/board09/channel001"
    11: "CXHV:CAEN/cxcaen01/board09/channel002"
    12: "CXHV:CAEN/cxcaen01/board09/channel003"
    13: "CXHV:CAEN/cxcaen01/board09/channel004"
    14: "CXHV:CAEN/cxcaen01/board09/channel005"
    15: "CXHV:CAEN/cxcaen01/board09/channel006"
    16: "CXHV:CAEN/cxcaen01/board09/channel007"
][dyn_string 16 items
     1: "FwCaenChannelA1580"
     2: "FwCaenChannelA1580"
     3: "FwCaenChannelA1580"
     4: "FwCaenChannelA1580"
     5: "FwCaenChannelA1580"
     6: "FwCaenChannelA1580"
     7: "FwCaenChannelA1580"
     8: "FwCaenChannelA1580"
     9: "FwCaenChannelA1580"
    10: "FwCaenChannelA1580"
    11: "FwCaenChannelA1580"
    12: "FwCaenChannelA1580"
    13: "FwCaenChannelA1580"
    14: "FwCaenChannelA1580"
    15: "FwCaenChannelA1580"
    16: "FwCaenChannelA1580"
]
2026.01.22 11:03:30.293["INFO : CAENHVChannelConfDBInitializer -> Step 2 -> All DU's for node CODEXB_HV included!!"]
2026.01.22 11:03:30.293["INFO : CAENHVChannelConfDBInitializer -> Step 2 -> All DU DPE's for node CODEXB_HV included!!"]
2026.01.22 11:03:31.439["INFO : CAENHVChannelConfDBInitializer -> Step 2 -> Standard Recipes created!!"]
2026.01.22 11:03:31.439["INFO : CAENHVChannelConfDBInitializer -> Step 2 -> END"]
["DU added: TEST_ConfDB ->>>> to domain: TEST"]
2026.01.22 11:05:59.737["INFO : CAENHVChannelConfDBInitializer -> Step 1 -> END"]
2026.01.22 11:06:05.776["INFO : CAENHVChannelConfDBInitializer -> Step 2 -> Save Properties created!!"]
2026.01.22 11:06:05.778[dyn_string 3 items
     1: "CAEN/cxcaen01/board01/channel000"
     2: "CAEN/cxcaen01/board01/channel001"
     3: "TEST_ConfDB"
][dyn_int 3 items
     1: 2
     2: 2
     3: 2
]["TEST"]
2026.01.22 11:06:05.780["CAEN/cxcaen01/board01/channel000"]["FwCaenChannelDefault"]
2026.01.22 11:06:05.782["CAEN/cxcaen01/board01/channel001"]["FwCaenChannelDefault"]
2026.01.22 11:06:05.784["TEST_ConfDB"]["FwFSMConfDB_HV"]
2026.01.22 11:06:05.784[dyn_string 16 items
     1: "CXHV:CAEN/cxcaen01/board08/channel000"
     2: "CXHV:CAEN/cxcaen01/board08/channel001"
     3: "CXHV:CAEN/cxcaen01/board08/channel002"
     4: "CXHV:CAEN/cxcaen01/board08/channel003"
     5: "CXHV:CAEN/cxcaen01/board08/channel004"
     6: "CXHV:CAEN/cxcaen01/board08/channel005"
     7: "CXHV:CAEN/cxcaen01/board08/channel006"
     8: "CXHV:CAEN/cxcaen01/board08/channel007"
     9: "CXHV:CAEN/cxcaen01/board09/channel000"
    10: "CXHV:CAEN/cxcaen01/board09/channel001"
    11: "CXHV:CAEN/cxcaen01/board09/channel002"
    12: "CXHV:CAEN/cxcaen01/board09/channel003"
    13: "CXHV:CAEN/cxcaen01/board09/channel004"
    14: "CXHV:CAEN/cxcaen01/board09/channel005"
    15: "CXHV:CAEN/cxcaen01/board09/channel006"
    16: "CXHV:CAEN/cxcaen01/board09/channel007"
][dyn_string 16 items
     1: "FwCaenChannelA1580"
     2: "FwCaenChannelA1580"
     3: "FwCaenChannelA1580"
     4: "FwCaenChannelA1580"
     5: "FwCaenChannelA1580"
     6: "FwCaenChannelA1580"
     7: "FwCaenChannelA1580"
     8: "FwCaenChannelA1580"
     9: "FwCaenChannelA1580"
    10: "FwCaenChannelA1580"
    11: "FwCaenChannelA1580"
    12: "FwCaenChannelA1580"
    13: "FwCaenChannelA1580"
    14: "FwCaenChannelA1580"
    15: "FwCaenChannelA1580"
    16: "FwCaenChannelA1580"
]
2026.01.22 11:06:05.784["INFO : CAENHVChannelConfDBInitializer -> Step 2 -> All DU's for node TEST included!!"]
2026.01.22 11:06:05.785["INFO : CAENHVChannelConfDBInitializer -> Step 2 -> All DU DPE's for node TEST included!!"]
2026.01.22 11:06:06.931["INFO : CAENHVChannelConfDBInitializer -> Step 2 -> Standard Recipes created!!"]
2026.01.22 11:06:06.931["INFO : CAENHVChannelConfDBInitializer -> Step 2 -> END"]
2026.01.22 11:08:35.399["INFO : CAENHVChannelConfDBInitializer -> Step 2 -> Save Properties created!!"]
2026.01.22 11:08:35.400[dyn_string 3 items
     1: "CAEN/cxcaen01/board01/channel000"
     2: "CAEN/cxcaen01/board01/channel001"
     3: "TEST_ConfDB"
][dyn_int 3 items
     1: 2
     2: 2
     3: 2
]["TEST"]
2026.01.22 11:08:35.403["CAEN/cxcaen01/board01/channel000"]["FwCaenChannelDefault"]
2026.01.22 11:08:35.405["CAEN/cxcaen01/board01/channel001"]["FwCaenChannelDefault"]
2026.01.22 11:08:35.407["TEST_ConfDB"]["FwFSMConfDB_HV"]
2026.01.22 11:08:35.407[dyn_string 0 items
][dyn_string 0 items
]
2026.01.22 11:08:35.407["INFO : CAENHVChannelConfDBInitializer -> Step 2 -> All DU's for node TEST included!!"]
2026.01.22 11:08:35.407["****"][dyn_string 0 items
][dyn_string 0 items
][dyn_string 0 items
]
2026.01.22 11:08:35.407["INFO : CAENHVChannelConfDBInitializer -> Step 2 -> All DU DPE's for node TEST included!!"]
2026.01.22 11:08:35.441["INFO : CAENHVChannelConfDBInitializer -> Step 2 -> Standard Recipes created!!"]
2026.01.22 11:08:35.441["INFO : CAENHVChannelConfDBInitializer -> Step 2 -> END"]
2026.01.22 11:10:34.228["INFO : CAENHVChannelConfDBInitializer -> Step 2 -> Save Properties created!!"]
2026.01.22 11:10:34.229[dyn_string 3 items
     1: "CAEN/cxcaen01/board01/channel000"
     2: "CAEN/cxcaen01/board01/channel001"
     3: "TEST_ConfDB"
][dyn_int 3 items
     1: 2
     2: 2
     3: 2
]["TEST"]
2026.01.22 11:10:34.232["CAEN/cxcaen01/board01/channel000"]["FwCaenChannelDefault"]
2026.01.22 11:10:34.234["CAEN/cxcaen01/board01/channel001"]["FwCaenChannelDefault"]
2026.01.22 11:10:34.236["TEST_ConfDB"]["FwFSMConfDB_HV"]
2026.01.22 11:10:34.236[dyn_string 0 items
][dyn_string 0 items
]
2026.01.22 11:10:34.236["INFO : CAENHVChannelConfDBInitializer -> Step 2 -> All DU's for node TEST included!!"]
2026.01.22 11:10:34.236["GETDPES"][199][dyn_string 0 items
][dyn_string 9 items
     1: ".settings.i0"
     2: ".settings.i1"
     3: ".settings.onOff"
     4: ".settings.rDwn"
     5: ".settings.rUp"
     6: ".settings.tripTime"
     7: ".settings.v0"
     8: ".settings.v1"
     9: ".settings.vMaxSoftValue"
]
2026.01.22 11:10:34.236["****"][dyn_string 0 items
][dyn_string 0 items
][dyn_string 0 items
]
2026.01.22 11:10:34.236["INFO : CAENHVChannelConfDBInitializer -> Step 2 -> All DU DPE's for node TEST included!!"]
2026.01.22 11:10:34.250["INFO : CAENHVChannelConfDBInitializer -> Step 2 -> Standard Recipes created!!"]
2026.01.22 11:10:34.250["INFO : CAENHVChannelConfDBInitializer -> Step 2 -> END"]
2026.01.22 11:12:45.194["INFO : CAENHVChannelConfDBInitializer -> Step 2 -> Save Properties created!!"]
2026.01.22 11:12:45.206[dyn_string 0 items
][dyn_string 0 items
]
2026.01.22 11:12:45.206["INFO : CAENHVChannelConfDBInitializer -> Step 2 -> All DU's for node TEST included!!"]
2026.01.22 11:12:45.206["GETDPS"][194][dyn_string 0 items
][dyn_string 0 items
]
2026.01.22 11:12:45.206["GETDPES"][200][dyn_string 0 items
][dyn_string 9 items
     1: ".settings.i0"
     2: ".settings.i1"
     3: ".settings.onOff"
     4: ".settings.rDwn"
     5: ".settings.rUp"
     6: ".settings.tripTime"
     7: ".settings.v0"
     8: ".settings.v1"
     9: ".settings.vMaxSoftValue"
]
2026.01.22 11:12:45.206["****"][dyn_string 0 items
][dyn_string 0 items
][dyn_string 0 items
]
2026.01.22 11:12:45.206["INFO : CAENHVChannelConfDBInitializer -> Step 2 -> All DU DPE's for node TEST included!!"]
2026.01.22 11:12:45.220["INFO : CAENHVChannelConfDBInitializer -> Step 2 -> Standard Recipes created!!"]
2026.01.22 11:12:45.220["INFO : CAENHVChannelConfDBInitializer -> Step 2 -> END"]
2026.01.22 11:14:03.252["INFO : CAENHVChannelConfDBInitializer -> Step 2 -> Save Properties created!!"]
2026.01.22 11:14:03.260["---"][dyn_string 2 items
     1: "CXHV:CAEN/cxcaen01/board01/channel000"
     2: "CXHV:CAEN/cxcaen01/board01/channel001"
][dyn_string 2 items
     1: "FwCaenChannelDefault"
     2: "FwCaenChannelDefault"
]
2026.01.22 11:14:03.260["INFO : CAENHVChannelConfDBInitializer -> Step 2 -> All DU's for node TEST included!!"]
2026.01.22 11:14:03.260["GETDPS"][194][dyn_string 2 items
     1: "CXHV:CAEN/cxcaen01/board01/channel000"
     2: "CXHV:CAEN/cxcaen01/board01/channel001"
][dyn_string 2 items
     1: "FwCaenChannelDefault"
     2: "FwCaenChannelDefault"
]
2026.01.22 11:14:03.260["GETDPES"][200][dyn_string 2 items
     1: "CXHV:CAEN/cxcaen01/board01/channel000"
     2: "CXHV:CAEN/cxcaen01/board01/channel001"
][dyn_string 9 items
     1: ".settings.i0"
     2: ".settings.i1"
     3: ".settings.onOff"
     4: ".settings.rDwn"
     5: ".settings.rUp"
     6: ".settings.tripTime"
     7: ".settings.v0"
     8: ".settings.v1"
     9: ".settings.vMaxSoftValue"
]
2026.01.22 11:14:03.260["****"][dyn_string 18 items
     1: "10"
     2: "0"
     3: "TRUE"
     4: "75"
     5: "75"
     6: "3"
     7: "200"
     8: "0"
     9: "600"
    10: "10"
    11: "0"
    12: "TRUE"
    13: "75"
    14: "75"
    15: "3"
    16: "200"
    17: "0"
    18: "600"
][dyn_string 18 items
     1: "10"
     2: "0"
     3: "TRUE"
     4: "75"
     5: "75"
     6: "3"
     7: "400"
     8: "0"
     9: "600"
    10: "10"
    11: "0"
    12: "TRUE"
    13: "75"
    14: "75"
    15: "3"
    16: "400"
    17: "0"
    18: "600"
][dyn_string 18 items
     1: "10"
     2: "0"
     3: "TRUE"
     4: "75"
     5: "75"
     6: "3"
     7: "600"
     8: "0"
     9: "600"
    10: "10"
    11: "0"
    12: "TRUE"
    13: "75"
    14: "75"
    15: "3"
    16: "600"
    17: "0"
    18: "600"
]
2026.01.22 11:14:03.260["INFO : CAENHVChannelConfDBInitializer -> Step 2 -> All DU DPE's for node TEST included!!"]
2026.01.22 11:14:03.278["INFO : CAENHVChannelConfDBInitializer -> Step 2 -> Standard Recipes created!!"]
2026.01.22 11:14:03.278["INFO : CAENHVChannelConfDBInitializer -> Step 2 -> END"]
2026.01.22 11:14:56.554["INFO : CAENHVChannelConfDBInitializer -> Step 2 -> Save Properties created!!"]
2026.01.22 11:14:56.596["---"][dyn_string 2 items
     1: "CXHV:CAEN/cxcaen01/board01/channel000"
     2: "CXHV:CAEN/cxcaen01/board01/channel001"
][dyn_string 2 items
     1: "FwCaenChannelDefault"
     2: "FwCaenChannelDefault"
]
2026.01.22 11:14:56.596["INFO : CAENHVChannelConfDBInitializer -> Step 2 -> All DU's for node CODEXB_HV included!!"]
2026.01.22 11:14:56.596["GETDPS"][194][dyn_string 2 items
     1: "CXHV:CAEN/cxcaen01/board01/channel000"
     2: "CXHV:CAEN/cxcaen01/board01/channel001"
][dyn_string 2 items
     1: "FwCaenChannelDefault"
     2: "FwCaenChannelDefault"
]
2026.01.22 11:14:56.596["GETDPES"][200][dyn_string 2 items
     1: "CXHV:CAEN/cxcaen01/board01/channel000"
     2: "CXHV:CAEN/cxcaen01/board01/channel001"
][dyn_string 9 items
     1: ".settings.i0"
     2: ".settings.i1"
     3: ".settings.onOff"
     4: ".settings.rDwn"
     5: ".settings.rUp"
     6: ".settings.tripTime"
     7: ".settings.v0"
     8: ".settings.v1"
     9: ".settings.vMaxSoftValue"
]
2026.01.22 11:14:56.596["****"][dyn_string 36 items
     1: "10"
     2: "0"
     3: "TRUE"
     4: "75"
     5: "75"
     6: "3"
     7: "200"
     8: "0"
     9: "600"
    10: "10"
    11: "0"
    12: "TRUE"
    13: "75"
    14: "75"
    15: "3"
    16: "200"
    17: "0"
    18: "600"
    19: "10"
    20: "0"
    21: "TRUE"
    22: "75"
    23: "75"
    24: "3"
    25: "200"
    26: "0"
    27: "600"
    28: "10"
    29: "0"
    30: "TRUE"
    31: "75"
    32: "75"
    33: "3"
    34: "200"
    35: "0"
    36: "600"
][dyn_string 36 items
     1: "10"
     2: "0"
     3: "TRUE"
     4: "75"
     5: "75"
     6: "3"
     7: "400"
     8: "0"
     9: "600"
    10: "10"
    11: "0"
    12: "TRUE"
    13: "75"
    14: "75"
    15: "3"
    16: "400"
    17: "0"
    18: "600"
    19: "10"
    20: "0"
    21: "TRUE"
    22: "75"
    23: "75"
    24: "3"
    25: "400"
    26: "0"
    27: "600"
    28: "10"
    29: "0"
    30: "TRUE"
    31: "75"
    32: "75"
    33: "3"
    34: "400"
    35: "0"
    36: "600"
][dyn_string 36 items
     1: "10"
     2: "0"
     3: "TRUE"
     4: "75"
     5: "75"
     6: "3"
     7: "600"
     8: "0"
     9: "600"
    10: "10"
    11: "0"
    12: "TRUE"
    13: "75"
    14: "75"
    15: "3"
    16: "600"
    17: "0"
    18: "600"
    19: "10"
    20: "0"
    21: "TRUE"
    22: "75"
    23: "75"
    24: "3"
    25: "600"
    26: "0"
    27: "600"
    28: "10"
    29: "0"
    30: "TRUE"
    31: "75"
    32: "75"
    33: "3"
    34: "600"
    35: "0"
    36: "600"
]
2026.01.22 11:14:56.596["INFO : CAENHVChannelConfDBInitializer -> Step 2 -> All DU DPE's for node CODEXB_HV included!!"]
2026.01.22 11:14:56.619["INFO : CAENHVChannelConfDBInitializer -> Step 2 -> Standard Recipes created!!"]
2026.01.22 11:14:56.619["INFO : CAENHVChannelConfDBInitializer -> Step 2 -> END"]
2026.01.22 11:23:57.865["INFO : CAENHVChannelConfDBInitializer -> Step 2 -> Save Properties created!!"]
2026.01.22 11:23:57.905["---"][dyn_string 16 items
     1: "CXHV:CAEN/cxcaen01/board08/channel000"
     2: "CXHV:CAEN/cxcaen01/board08/channel001"
     3: "CXHV:CAEN/cxcaen01/board08/channel002"
     4: "CXHV:CAEN/cxcaen01/board08/channel003"
     5: "CXHV:CAEN/cxcaen01/board08/channel004"
     6: "CXHV:CAEN/cxcaen01/board08/channel005"
     7: "CXHV:CAEN/cxcaen01/board08/channel006"
     8: "CXHV:CAEN/cxcaen01/board08/channel007"
     9: "CXHV:CAEN/cxcaen01/board09/channel000"
    10: "CXHV:CAEN/cxcaen01/board09/channel001"
    11: "CXHV:CAEN/cxcaen01/board09/channel002"
    12: "CXHV:CAEN/cxcaen01/board09/channel003"
    13: "CXHV:CAEN/cxcaen01/board09/channel004"
    14: "CXHV:CAEN/cxcaen01/board09/channel005"
    15: "CXHV:CAEN/cxcaen01/board09/channel006"
    16: "CXHV:CAEN/cxcaen01/board09/channel007"
][dyn_string 16 items
     1: "FwCaenChannelA1580"
     2: "FwCaenChannelA1580"
     3: "FwCaenChannelA1580"
     4: "FwCaenChannelA1580"
     5: "FwCaenChannelA1580"
     6: "FwCaenChannelA1580"
     7: "FwCaenChannelA1580"
     8: "FwCaenChannelA1580"
     9: "FwCaenChannelA1580"
    10: "FwCaenChannelA1580"
    11: "FwCaenChannelA1580"
    12: "FwCaenChannelA1580"
    13: "FwCaenChannelA1580"
    14: "FwCaenChannelA1580"
    15: "FwCaenChannelA1580"
    16: "FwCaenChannelA1580"
]
2026.01.22 11:23:57.905["INFO : CAENHVChannelConfDBInitializer -> Step 2 -> All DU's for node CODEXB_HV included!!"]
2026.01.22 11:23:57.905["GETDPS"][193][dyn_string 16 items
     1: "CXHV:CAEN/cxcaen01/board08/channel000"
     2: "CXHV:CAEN/cxcaen01/board08/channel001"
     3: "CXHV:CAEN/cxcaen01/board08/channel002"
     4: "CXHV:CAEN/cxcaen01/board08/channel003"
     5: "CXHV:CAEN/cxcaen01/board08/channel004"
     6: "CXHV:CAEN/cxcaen01/board08/channel005"
     7: "CXHV:CAEN/cxcaen01/board08/channel006"
     8: "CXHV:CAEN/cxcaen01/board08/channel007"
     9: "CXHV:CAEN/cxcaen01/board09/channel000"
    10: "CXHV:CAEN/cxcaen01/board09/channel001"
    11: "CXHV:CAEN/cxcaen01/board09/channel002"
    12: "CXHV:CAEN/cxcaen01/board09/channel003"
    13: "CXHV:CAEN/cxcaen01/board09/channel004"
    14: "CXHV:CAEN/cxcaen01/board09/channel005"
    15: "CXHV:CAEN/cxcaen01/board09/channel006"
    16: "CXHV:CAEN/cxcaen01/board09/channel007"
][dyn_string 16 items
     1: "FwCaenChannelA1580"
     2: "FwCaenChannelA1580"
     3: "FwCaenChannelA1580"
     4: "FwCaenChannelA1580"
     5: "FwCaenChannelA1580"
     6: "FwCaenChannelA1580"
     7: "FwCaenChannelA1580"
     8: "FwCaenChannelA1580"
     9: "FwCaenChannelA1580"
    10: "FwCaenChannelA1580"
    11: "FwCaenChannelA1580"
    12: "FwCaenChannelA1580"
    13: "FwCaenChannelA1580"
    14: "FwCaenChannelA1580"
    15: "FwCaenChannelA1580"
    16: "FwCaenChannelA1580"
]
2026.01.22 11:23:57.905["GETDPES"][199][dyn_string 16 items
     1: "CXHV:CAEN/cxcaen01/board08/channel000"
     2: "CXHV:CAEN/cxcaen01/board08/channel001"
     3: "CXHV:CAEN/cxcaen01/board08/channel002"
     4: "CXHV:CAEN/cxcaen01/board08/channel003"
     5: "CXHV:CAEN/cxcaen01/board08/channel004"
     6: "CXHV:CAEN/cxcaen01/board08/channel005"
     7: "CXHV:CAEN/cxcaen01/board08/channel006"
     8: "CXHV:CAEN/cxcaen01/board08/channel007"
     9: "CXHV:CAEN/cxcaen01/board09/channel000"
    10: "CXHV:CAEN/cxcaen01/board09/channel001"
    11: "CXHV:CAEN/cxcaen01/board09/channel002"
    12: "CXHV:CAEN/cxcaen01/board09/channel003"
    13: "CXHV:CAEN/cxcaen01/board09/channel004"
    14: "CXHV:CAEN/cxcaen01/board09/channel005"
    15: "CXHV:CAEN/cxcaen01/board09/channel006"
    16: "CXHV:CAEN/cxcaen01/board09/channel007"
][dyn_string 9 items
     1: ".settings.i0"
     2: ".settings.i1"
     3: ".settings.onOff"
     4: ".settings.rDwn"
     5: ".settings.rUp"
     6: ".settings.tripTime"
     7: ".settings.v0"
     8: ".settings.v1"
     9: ".settings.vMaxSoftValue"
]
2026.01.22 11:23:57.905["****"][dyn_string 144 items
     1: "10"
     2: "0"
     3: "TRUE"
     4: "75"
     5: "75"
     6: "3"
     7: "200"
     8: "0"
     9: "600"
    10: "10"
    11: "0"
    12: "TRUE"
    13: "75"
    14: "75"
    15: "3"
    16: "200"
    17: "0"
    18: "600"
    19: "10"
    20: "0"
    21: "TRUE"
    22: "75"
    23: "75"
    24: "3"
    25: "200"
    26: "0"
    27: "600"
    28: "10"
    29: "0"
    30: "TRUE"
    31: "75"
    32: "75"
    33: "3"
    34: "200"
    35: "0"
    36: "600"
    37: "10"
    38: "0"
    39: "TRUE"
    40: "75"
    41: "75"
    42: "3"
    43: "200"
    44: "0"
    45: "600"
    46: "10"
    47: "0"
    48: "TRUE"
    49: "75"
    50: "75"
    51: "3"
    52: "200"
    53: "0"
    54: "600"
    55: "10"
    56: "0"
    57: "TRUE"
    58: "75"
    59: "75"
    60: "3"
    61: "200"
    62: "0"
    63: "600"
    64: "10"
    65: "0"
    66: "TRUE"
    67: "75"
    68: "75"
    69: "3"
    70: "200"
    71: "0"
    72: "600"
    73: "10"
    74: "0"
    75: "TRUE"
    76: "75"
    77: "75"
    78: "3"
    79: "200"
    80: "0"
    81: "600"
    82: "10"
    83: "0"
    84: "TRUE"
    85: "75"
    86: "75"
    87: "3"
    88: "200"
    89: "0"
    90: "600"
    91: "10"
    92: "0"
    93: "TRUE"
    94: "75"
    95: "75"
    96: "3"
    97: "200"
    98: "0"
    99: "600"
   100: "10"
   101: "0"
   102: "TRUE"
   103: "75"
   104: "75"
   105: "3"
   106: "200"
   107: "0"
   108: "600"
   109: "10"
   110: "0"
   111: "TRUE"
   112: "75"
   113: "75"
   114: "3"
   115: "200"
   116: "0"
   117: "600"
   118: "10"
   119: "0"
   120: "TRUE"
   121: "75"
   122: "75"
   123: "3"
   124: "200"
   125: "0"
   126: "600"
   127: "10"
   128: "0"
   129: "TRUE"
   130: "75"
   131: "75"
   132: "3"
   133: "200"
   134: "0"
   135: "600"
   136: "10"
   137: "0"
   138: "TRUE"
   139: "75"
   140: "75"
   141: "3"
   142: "200"
   143: "0"
   144: "600"
][dyn_string 144 items
     1: "10"
     2: "0"
     3: "TRUE"
     4: "75"
     5: "75"
     6: "3"
     7: "400"
     8: "0"
     9: "600"
    10: "10"
    11: "0"
    12: "TRUE"
    13: "75"
    14: "75"
    15: "3"
    16: "400"
    17: "0"
    18: "600"
    19: "10"
    20: "0"
    21: "TRUE"
    22: "75"
    23: "75"
    24: "3"
    25: "400"
    26: "0"
    27: "600"
    28: "10"
    29: "0"
    30: "TRUE"
    31: "75"
    32: "75"
    33: "3"
    34: "400"
    35: "0"
    36: "600"
    37: "10"
    38: "0"
    39: "TRUE"
    40: "75"
    41: "75"
    42: "3"
    43: "400"
    44: "0"
    45: "600"
    46: "10"
    47: "0"
    48: "TRUE"
    49: "75"
    50: "75"
    51: "3"
    52: "400"
    53: "0"
    54: "600"
    55: "10"
    56: "0"
    57: "TRUE"
    58: "75"
    59: "75"
    60: "3"
    61: "400"
    62: "0"
    63: "600"
    64: "10"
    65: "0"
    66: "TRUE"
    67: "75"
    68: "75"
    69: "3"
    70: "400"
    71: "0"
    72: "600"
    73: "10"
    74: "0"
    75: "TRUE"
    76: "75"
    77: "75"
    78: "3"
    79: "400"
    80: "0"
    81: "600"
    82: "10"
    83: "0"
    84: "TRUE"
    85: "75"
    86: "75"
    87: "3"
    88: "400"
    89: "0"
    90: "600"
    91: "10"
    92: "0"
    93: "TRUE"
    94: "75"
    95: "75"
    96: "3"
    97: "400"
    98: "0"
    99: "600"
   100: "10"
   101: "0"
   102: "TRUE"
   103: "75"
   104: "75"
   105: "3"
   106: "400"
   107: "0"
   108: "600"
   109: "10"
   110: "0"
   111: "TRUE"
   112: "75"
   113: "75"
   114: "3"
   115: "400"
   116: "0"
   117: "600"
   118: "10"
   119: "0"
   120: "TRUE"
   121: "75"
   122: "75"
   123: "3"
   124: "400"
   125: "0"
   126: "600"
   127: "10"
   128: "0"
   129: "TRUE"
   130: "75"
   131: "75"
   132: "3"
   133: "400"
   134: "0"
   135: "600"
   136: "10"
   137: "0"
   138: "TRUE"
   139: "75"
   140: "75"
   141: "3"
   142: "400"
   143: "0"
   144: "600"
][dyn_string 144 items
     1: "10"
     2: "0"
     3: "TRUE"
     4: "75"
     5: "75"
     6: "3"
     7: "600"
     8: "0"
     9: "600"
    10: "10"
    11: "0"
    12: "TRUE"
    13: "75"
    14: "75"
    15: "3"
    16: "600"
    17: "0"
    18: "600"
    19: "10"
    20: "0"
    21: "TRUE"
    22: "75"
    23: "75"
    24: "3"
    25: "600"
    26: "0"
    27: "600"
    28: "10"
    29: "0"
    30: "TRUE"
    31: "75"
    32: "75"
    33: "3"
    34: "600"
    35: "0"
    36: "600"
    37: "10"
    38: "0"
    39: "TRUE"
    40: "75"
    41: "75"
    42: "3"
    43: "600"
    44: "0"
    45: "600"
    46: "10"
    47: "0"
    48: "TRUE"
    49: "75"
    50: "75"
    51: "3"
    52: "600"
    53: "0"
    54: "600"
    55: "10"
    56: "0"
    57: "TRUE"
    58: "75"
    59: "75"
    60: "3"
    61: "600"
    62: "0"
    63: "600"
    64: "10"
    65: "0"
    66: "TRUE"
    67: "75"
    68: "75"
    69: "3"
    70: "600"
    71: "0"
    72: "600"
    73: "10"
    74: "0"
    75: "TRUE"
    76: "75"
    77: "75"
    78: "3"
    79: "600"
    80: "0"
    81: "600"
    82: "10"
    83: "0"
    84: "TRUE"
    85: "75"
    86: "75"
    87: "3"
    88: "600"
    89: "0"
    90: "600"
    91: "10"
    92: "0"
    93: "TRUE"
    94: "75"
    95: "75"
    96: "3"
    97: "600"
    98: "0"
    99: "600"
   100: "10"
   101: "0"
   102: "TRUE"
   103: "75"
   104: "75"
   105: "3"
   106: "600"
   107: "0"
   108: "600"
   109: "10"
   110: "0"
   111: "TRUE"
   112: "75"
   113: "75"
   114: "3"
   115: "600"
   116: "0"
   117: "600"
   118: "10"
   119: "0"
   120: "TRUE"
   121: "75"
   122: "75"
   123: "3"
   124: "600"
   125: "0"
   126: "600"
   127: "10"
   128: "0"
   129: "TRUE"
   130: "75"
   131: "75"
   132: "3"
   133: "600"
   134: "0"
   135: "600"
   136: "10"
   137: "0"
   138: "TRUE"
   139: "75"
   140: "75"
   141: "3"
   142: "600"
   143: "0"
   144: "600"
]
2026.01.22 11:23:57.906["INFO : CAENHVChannelConfDBInitializer -> Step 2 -> All DU DPE's for node CODEXB_HV included!!"]
2026.01.22 11:23:59.062["INFO : CAENHVChannelConfDBInitializer -> Step 2 -> Standard Recipes created!!"]
2026.01.22 11:23:59.062["INFO : CAENHVChannelConfDBInitializer -> Step 2 -> END"]
2026.01.22 11:25:12.512["******* Closing "]["CODEXB_HV"][0]
2026.01.22 11:25:12.514["******* Releasing "]["CODEXB_HV"]
2026.01.22 11:25:34.883["********************** Expanding Tree/Does not exist CODEXB_HV"]
2026.01.22 11:25:34.884["********************** Expanding Tree/Does not exist CODEXB_HV"]
2026.01.22 11:25:34.992["********************** Expanding Tree/Does not exist CODEXB_HV"]
2026.01.22 11:25:34.992["********************** Expanding Tree/Does not exist CODEXB_HV"]
2026.01.22 11:25:40.209["********************** Expanding Tree/Does not exist TEST"]
2026.01.22 11:25:40.209["********************** Expanding Tree/Does not exist TEST"]
2026.01.22 11:25:40.340["********************** Expanding Tree/Does not exist TEST"]
2026.01.22 11:25:40.340["********************** Expanding Tree/Does not exist TEST"]
["CODEXB_HV_ConfDB deleted"]
["DU added: CODEXB_HV_ConfDB ->>>> to domain: CODEXB_HV"]
2026.01.22 11:30:08.338["INFO : CAENHVChannelConfDBInitializer -> Step 1 -> END"]
2026.01.22 11:30:12.151["INFO : CAENHVChannelConfDBInitializer -> Step 2 -> Save Properties created!!"]
2026.01.22 11:30:12.194["INFO : CAENHVChannelConfDBInitializer -> Step 2 -> All DU's for node CODEXB_HV included!!"]
2026.01.22 11:30:12.194["INFO : CAENHVChannelConfDBInitializer -> Step 2 -> All DU DPE's for node CODEXB_HV included!!"]
2026.01.22 11:30:13.338["INFO : CAENHVChannelConfDBInitializer -> Step 2 -> Standard Recipes created!!"]
2026.01.22 11:30:13.338["INFO : CAENHVChannelConfDBInitializer -> Step 2 -> END"]
2026.01.22 11:30:29.407["INFO : CAENHVChannelConfDBInitializer -> Step 2 -> Save Properties created!!"]
2026.01.22 11:30:29.450["INFO : CAENHVChannelConfDBInitializer -> Step 2 -> All DU's for node CODEXB_HV included!!"]
2026.01.22 11:30:29.451["INFO : CAENHVChannelConfDBInitializer -> Step 2 -> All DU DPE's for node CODEXB_HV included!!"]
2026.01.22 11:30:30.583["INFO : CAENHVChannelConfDBInitializer -> Step 2 -> Standard Recipes created!!"]
2026.01.22 11:30:30.583["INFO : CAENHVChannelConfDBInitializer -> Step 2 -> END"]
2026.01.22 11:31:13.361["INFO : CAENHVChannelConfDBInitializer -> Step 2 -> Save Properties created!!"]
2026.01.22 11:31:13.406["INFO : CAENHVChannelConfDBInitializer -> Step 2 -> All DU's for node CODEXB_HV included!!"]
2026.01.22 11:31:13.406["INFO : CAENHVChannelConfDBInitializer -> Step 2 -> All DU DPE's for node CODEXB_HV included!!"]
2026.01.22 11:31:14.542["INFO : CAENHVChannelConfDBInitializer -> Step 2 -> Standard Recipes created!!"]
2026.01.22 11:31:14.542["INFO : CAENHVChannelConfDBInitializer -> Step 2 -> END"]
2026.01.22 11:35:53.705["INFO : CAENHVChannelConfDBInitializer -> Step 2 -> Save Properties created!!"]
2026.01.22 11:35:53.753["INFO : CAENHVChannelConfDBInitializer -> Step 2 -> All DU's for node CODEXB_HV included!!"]
2026.01.22 11:35:53.753["INFO : CAENHVChannelConfDBInitializer -> Step 2 -> All DU DPE's for node CODEXB_HV included!!"]
2026.01.22 11:35:54.884["INFO : CAENHVChannelConfDBInitializer -> Step 2 -> Standard Recipes created!!"]
2026.01.22 11:35:54.884["INFO : CAENHVChannelConfDBInitializer -> Step 2 -> END"]
2026.01.22 14:14:29.350["System Name: CXHV: System Number: 1401 - FwFsm: version is 3503"]
2026.01.22 14:14:46.041["+++++++++++++ Opening Panel CODEXB_HV::CODEXB_HV"]
2026.01.22 14:14:53.253["******* Closing "]["CODEXB_HV"][0]
["CODEXB_HV_ConfDB deleted"]
["DU added: CODEXB_HV_ConfDB ->>>> to domain: CODEXB_HV"]
2026.01.22 15:19:51.982["INFO : CAENHVChannelConfDBInitializer -> Step 1 -> END"]
2026.01.22 15:19:52.268["INFO : CAENHVChannelConfDBInitializer -> Step 2 -> Save Properties created!!"]
2026.01.22 15:19:52.303["INFO : CAENHVChannelConfDBInitializer -> Step 2 -> All DU's for node CODEXB_HV included!!"]
2026.01.22 15:19:52.303["GETDPS"][188][dyn_string 16 items
     1: "CXHV:CAEN/cxcaen01/board08/channel000"
     2: "CXHV:CAEN/cxcaen01/board08/channel001"
     3: "CXHV:CAEN/cxcaen01/board08/channel002"
     4: "CXHV:CAEN/cxcaen01/board08/channel003"
     5: "CXHV:CAEN/cxcaen01/board08/channel004"
     6: "CXHV:CAEN/cxcaen01/board08/channel005"
     7: "CXHV:CAEN/cxcaen01/board08/channel006"
     8: "CXHV:CAEN/cxcaen01/board08/channel007"
     9: "CXHV:CAEN/cxcaen01/board09/channel000"
    10: "CXHV:CAEN/cxcaen01/board09/channel001"
    11: "CXHV:CAEN/cxcaen01/board09/channel002"
    12: "CXHV:CAEN/cxcaen01/board09/channel003"
    13: "CXHV:CAEN/cxcaen01/board09/channel004"
    14: "CXHV:CAEN/cxcaen01/board09/channel005"
    15: "CXHV:CAEN/cxcaen01/board09/channel006"
    16: "CXHV:CAEN/cxcaen01/board09/channel007"
][dyn_string 16 items
     1: "FwCaenChannelA1580Default"
     2: "FwCaenChannelA1580Default"
     3: "FwCaenChannelA1580Default"
     4: "FwCaenChannelA1580Default"
     5: "FwCaenChannelA1580Default"
     6: "FwCaenChannelA1580Default"
     7: "FwCaenChannelA1580Default"
     8: "FwCaenChannelA1580Default"
     9: "FwCaenChannelA1580Default"
    10: "FwCaenChannelA1580Default"
    11: "FwCaenChannelA1580Default"
    12: "FwCaenChannelA1580Default"
    13: "FwCaenChannelA1580Default"
    14: "FwCaenChannelA1580Default"
    15: "FwCaenChannelA1580Default"
    16: "FwCaenChannelA1580Default"
]
2026.01.22 15:19:52.303["INFO : CAENHVChannelConfDBInitializer -> Step 2 -> All DU DPE's for node CODEXB_HV included!!"]
2026.01.22 15:19:52.525["INFO : CAENHVChannelConfDBInitializer -> Step 2 -> Standard Recipes created!!"]
2026.01.22 15:19:52.525["INFO : CAENHVChannelConfDBInitializer -> Step 2 -> END"]
