2026.01.21 13:48:33.511[""]
2026.01.21 13:48:33.511["**************** fwTrending .postinstall (start) ****************"]
2026.01.21 13:48:33.511[""]
2026.01.21 13:48:33.512["fwTrending: Detected fresh installation of fwTrending. Importing DPs..."]
2026.01.21 13:48:33.605["fwTrending: configuring default panels"]
2026.01.21 13:48:33.606["fwTrending: adding clipboard to trend tree"]
2026.01.21 13:48:33.607["fwTrending: updating device references"]
2026.01.21 13:48:33.609["fwTrending.postInstall() -> FWTREND-1067 -> Fix not required"]
2026.01.21 13:48:33.611[""]
2026.01.21 13:48:33.611["**************** fwTrending .postinstall (finish) ****************"]
2026.01.21 13:48:33.611[""]
2026.01.21 13:48:33.736[""]
2026.01.21 13:48:33.736["**************** fwCaen .postinstall (start) ****************"]
2026.01.21 13:48:33.736[""]
2026.01.21 13:48:33.736[""]
2026.01.21 13:48:33.736["**************** fwCaen .postinstall (finish) ****************"]
2026.01.21 13:48:33.736[""]
2026.01.21 14:18:33.092["CXHV:DistributedControl: DistributedControl initialisation successfully done"]
2026.01.21 14:18:33.092["CXHV:DistributedControl: unDistributedControl version 9.3.0 loaded"]
2026.01.21 14:30:34.499["CXHV:DistributedControl: DistributedControl initialisation successfully done"]
2026.01.21 14:30:34.499["CXHV:DistributedControl: unDistributedControl version 9.3.0 loaded"]
2026.01.21 14:43:59.299["CXHV:DistributedControl: DistributedControl initialisation successfully done"]
2026.01.21 14:43:59.299["CXHV:DistributedControl: unDistributedControl version 9.3.0 loaded"]
2026.01.21 16:50:33.443[""]
2026.01.21 16:50:33.443["**************** fwCaen .postinstall (start) ****************"]
2026.01.21 16:50:33.443[""]
2026.01.21 16:50:33.443[""]
2026.01.21 16:50:33.443["**************** fwCaen .postinstall (finish) ****************"]
2026.01.21 16:50:33.443[""]
2026.01.21 16:50:33.980["CXHV:DistributedControl: DistributedControl initialisation successfully done"]
2026.01.21 16:50:33.980["CXHV:DistributedControl: unDistributedControl version 9.3.0 loaded"]
2026.01.22 11:43:59.985["CXHV:DistributedControl: DistributedControl initialisation successfully done"]
2026.01.22 11:43:59.985["CXHV:DistributedControl: unDistributedControl version 9.3.0 loaded"]
2026.01.22 15:19:29.757["CXHV:DistributedControl: DistributedControl initialisation successfully done"]
2026.01.22 15:19:29.757["CXHV:DistributedControl: unDistributedControl version 9.3.0 loaded"]
2026.01.22 16:15:57.033["CXHV:DistributedControl: DistributedControl initialisation successfully done"]
2026.01.22 16:15:57.033["CXHV:DistributedControl: unDistributedControl version 9.3.0 loaded"]
