2026.01.21 13:48:33.458["CXHV:DistributedControl: DistributedControl initialisation successfully done"]
2026.01.21 13:48:33.458["CXHV:DistributedControl: unDistributedControl version 9.3.0 loaded"]
2026.01.21 14:17:44.766["CXHV:DistributedControl: DistributedControl initialisation successfully done"]
2026.01.21 14:17:44.767["CXHV:DistributedControl: unDistributedControl version 9.3.0 loaded"]
2026.01.21 14:18:33.361["fwFsmSrv: Starting up"]
2026.01.21 14:18:33.368["System Name: CXHV: System Number: 1401 - FwFsm: version is 3503"]
2026.01.21 14:30:34.790["fwFsmSrv: Starting up"]
2026.01.21 14:30:34.797["System Name: CXHV: System Number: 1401 - FwFsm: version is 3503"]
2026.01.21 14:43:59.590["fwFsmSrv: Starting up"]
2026.01.21 14:43:59.597["System Name: CXHV: System Number: 1401 - FwFsm: version is 3503"]
2026.01.21 14:47:30.074["fwFsmSrv: Starting up"]
2026.01.21 14:47:30.081["System Name: CXHV: System Number: 1401 - FwFsm: version is 3503"]
2026.01.21 15:10:02.469["CXHV:DistributedControl: DistributedControl initialisation successfully done"]
2026.01.21 15:10:02.469["CXHV:DistributedControl: unDistributedControl version 9.3.0 loaded"]
2026.01.21 16:50:34.285["fwFsmSrv: Starting up"]
2026.01.21 16:50:34.291["System Name: CXHV: System Number: 1401 - FwFsm: version is 3503"]
["Wed 21 Jan 2026 04:50:34 PM CET DIM_DNS_NODE = cxhv01"]
2026.01.21 16:50:34.346["WCCOAsmi started"]
2026.01.21 16:50:36.357["FwFsmSrvr: Api FSM States written."]
["Wed 21 Jan 2026 04:51:53 PM CET fwFSMSrvr executing FwCreateObject - FwCaenChannelA1580 From: CXHV:Manager1(petersm@cxhv01)"]
["Wed 21 Jan 2026 04:51:53 PM CET FwCaenChannelA1580 - Object Type Created"]
["Wed 21 Jan 2026 04:52:42 PM CET fwFSMSrvr executing FwRestartTreeDomains - CXHV From: CXHV:Manager1(petersm@cxhv01)"]
2026.01.21 16:52:43.553["Copying /opt/winccoa_projects/CXHV/log//smiSM_CXHV.log.bak-2 to /opt/winccoa_projects/CXHV/log//smiSM_CXHV.log.bak-3"]
2026.01.21 16:52:43.557["Copying /opt/winccoa_projects/CXHV/log//smiSM_CXHV.log.bak-1 to /opt/winccoa_projects/CXHV/log//smiSM_CXHV.log.bak-2"]
2026.01.21 16:52:43.558["Copying /opt/winccoa_projects/CXHV/log//smiSM_CXHV.log.bak to /opt/winccoa_projects/CXHV/log//smiSM_CXHV.log.bak-1"]
2026.01.21 16:52:43.561["Copying /opt/winccoa_projects/CXHV/log//smiSM_CXHV.log to /opt/winccoa_projects/CXHV/log//smiSM_CXHV.log.bak"]
2026.01.21 16:52:43.568["************ Domain Stopped"]["CXHV"]["DEAD"]
2026.01.21 16:53:43.686["++++++++++++++++ Wait_running Returned TIMEOUT"]
2026.01.21 16:53:43.686["Not Running"]["CXHV"]
["Wed 21 Jan 2026 04:53:43 PM CET fwFSMSrvr executing FwStopAllDomains From: CXHV:Manager1(petersm@cxhv01)"]
2026.01.21 16:53:47.762["WCCOAsmi stopped"]
["Wed 21 Jan 2026 04:53:47 PM CET DIM_DNS_NODE = cxhv01"]
2026.01.21 16:53:47.817["WCCOAsmi started"]
["Wed 21 Jan 2026 04:53:47 PM CET fwFSMSrvr executing FwStopAllDomains From: CXHV:Manager1(petersm@cxhv01)"]
2026.01.21 16:54:01.014["Timeout stopping WCCOAsmi via DIM"]
2026.01.21 16:54:04.073["WCCOAsmi stopped"]
["Wed 21 Jan 2026 04:54:04 PM CET DIM_DNS_NODE = cxhv01"]
2026.01.21 16:54:04.129["WCCOAsmi started"]
["Wed 21 Jan 2026 04:54:04 PM CET fwFSMSrvr executing FwStopAllDomains From: CXHV:Manager1(petersm@cxhv01)"]
2026.01.21 16:54:17.334["Timeout stopping WCCOAsmi via DIM"]
2026.01.21 16:54:20.391["WCCOAsmi stopped"]
["Wed 21 Jan 2026 04:54:25 PM CET DIM_DNS_NODE = cxhv01"]
2026.01.21 16:54:25.927["WCCOAsmi started"]
["Wed 21 Jan 2026 04:54:25 PM CET fwFSMSrvr executing FwRestartTreeDomains - CXHV From: CXHV:Manager1(petersm@cxhv01)"]
2026.01.21 16:54:25.939["Copying /opt/winccoa_projects/CXHV/log//smiSM_CXHV.log.bak-3 to /opt/winccoa_projects/CXHV/log//smiSM_CXHV.log.bak-4"]
2026.01.21 16:54:25.942["Copying /opt/winccoa_projects/CXHV/log//smiSM_CXHV.log.bak-2 to /opt/winccoa_projects/CXHV/log//smiSM_CXHV.log.bak-3"]
2026.01.21 16:54:25.946["Copying /opt/winccoa_projects/CXHV/log//smiSM_CXHV.log.bak-1 to /opt/winccoa_projects/CXHV/log//smiSM_CXHV.log.bak-2"]
2026.01.21 16:54:25.948["Copying /opt/winccoa_projects/CXHV/log//smiSM_CXHV.log.bak to /opt/winccoa_projects/CXHV/log//smiSM_CXHV.log.bak-1"]
2026.01.21 16:54:25.951["Copying /opt/winccoa_projects/CXHV/log//smiSM_CXHV.log to /opt/winccoa_projects/CXHV/log//smiSM_CXHV.log.bak"]
2026.01.21 16:54:25.958["************ Domain Stopped"]["CXHV"]["DEAD"]
2026.01.21 16:55:26.074["++++++++++++++++ Wait_running Returned TIMEOUT"]
2026.01.21 16:55:26.074["Not Running"]["CXHV"]
["Wed 21 Jan 2026 04:55:41 PM CET fwFSMSrvr executing FwRestartTreeDomains - CXHV From: CXHV:Manager1(petersm@cxhv01)"]
2026.01.21 16:55:42.327["Copying /opt/winccoa_projects/CXHV/log//smiSM_CXHV.log.bak-4 to /opt/winccoa_projects/CXHV/log//smiSM_CXHV.log.bak-5"]
2026.01.21 16:55:42.330["Copying /opt/winccoa_projects/CXHV/log//smiSM_CXHV.log.bak-3 to /opt/winccoa_projects/CXHV/log//smiSM_CXHV.log.bak-4"]
2026.01.21 16:55:42.333["Copying /opt/winccoa_projects/CXHV/log//smiSM_CXHV.log.bak-2 to /opt/winccoa_projects/CXHV/log//smiSM_CXHV.log.bak-3"]
2026.01.21 16:55:42.336["Copying /opt/winccoa_projects/CXHV/log//smiSM_CXHV.log.bak-1 to /opt/winccoa_projects/CXHV/log//smiSM_CXHV.log.bak-2"]
2026.01.21 16:55:42.338["Copying /opt/winccoa_projects/CXHV/log//smiSM_CXHV.log.bak to /opt/winccoa_projects/CXHV/log//smiSM_CXHV.log.bak-1"]
2026.01.21 16:55:42.340["Copying /opt/winccoa_projects/CXHV/log//smiSM_CXHV.log to /opt/winccoa_projects/CXHV/log//smiSM_CXHV.log.bak"]
2026.01.21 16:55:43.179["************ Domain Stopped"]["CXHV"]["DEAD"]
2026.01.21 16:56:42.462["++++++++++++++++ Wait_running Returned TIMEOUT"]
2026.01.21 16:56:42.463["Not Running"]["CXHV"]
["Wed 21 Jan 2026 04:59:22 PM CET fwFSMSrvr executing FwStopAllDomains From: CXHV:Manager1(petersm@cxhv01)"]
2026.01.21 16:59:26.087["WCCOAsmi stopped"]
["Thu 22 Jan 2026 10:25:21 AM CET fwFSMSrvr executing FwDeleteScripts - CODEXB_HV From: CXHV:Manager2(petersm@cxhv01)"]
["Thu 22 Jan 2026 10:25:21 AM CET CODEXB_HV - Object Scripts deleted"]
["Thu 22 Jan 2026 10:25:21 AM CET fwFSMSrvr executing FwCreateDomain - CODEXB_HV From: CXHV:Manager2(petersm@cxhv01)"]
rm: cannot remove '/opt/winccoa_projects/CXHV/smi/CODEXB_HV.sobj': No such file or directory
["Thu 22 Jan 2026 10:25:21 AM CET CODEXB_HV - Domain Created"]
["Thu 22 Jan 2026 10:25:43 AM CET fwFSMSrvr executing FwDeleteDomain - CXHV From: CXHV:Manager2(petersm@cxhv01)"]
["Thu 22 Jan 2026 10:25:43 AM CET CXHV - Domain Deleted"]
["Thu 22 Jan 2026 10:25:43 AM CET fwFSMSrvr executing FwDeleteScripts - CXHV From: CXHV:Manager2(petersm@cxhv01)"]
["Thu 22 Jan 2026 10:25:43 AM CET CXHV - Object Scripts deleted"]
["Thu 22 Jan 2026 10:25:50 AM CET fwFSMSrvr executing FwDeleteDomain - CXHV01 From: CXHV:Manager2(petersm@cxhv01)"]
["Thu 22 Jan 2026 10:25:50 AM CET CXHV01 - Domain Deleted"]
["Thu 22 Jan 2026 10:25:50 AM CET fwFSMSrvr executing FwDeleteScripts - CXHV01 From: CXHV:Manager2(petersm@cxhv01)"]
["Thu 22 Jan 2026 10:25:50 AM CET CXHV01 - Object Scripts deleted"]
["Thu 22 Jan 2026 10:31:06 AM CET fwFSMSrvr executing FwDeleteScripts - CODEXB_HV From: CXHV:Manager2(petersm@cxhv01)"]
["Thu 22 Jan 2026 10:31:06 AM CET CODEXB_HV - Object Scripts deleted"]
["Thu 22 Jan 2026 10:31:06 AM CET fwFSMSrvr executing FwCreateScripts - CODEXB_HV From: CXHV:Manager2(petersm@cxhv01)"]
["Thu 22 Jan 2026 10:31:06 AM CET CODEXB_HV - Object Scripts for Type FwCaenChannelA1580 Created"]
["Thu 22 Jan 2026 10:31:06 AM CET fwFSMSrvr executing FwCreateScripts - CODEXB_HV From: CXHV:Manager2(petersm@cxhv01)"]
["Thu 22 Jan 2026 10:31:06 AM CET CODEXB_HV - Object Scripts for Type FwDevMode Created"]
["Thu 22 Jan 2026 10:31:06 AM CET fwFSMSrvr executing FwCreateDomain - CODEXB_HV From: CXHV:Manager2(petersm@cxhv01)"]
smiTrans: src/commonSource/smllinevector.cxx:66: SMLline SMLlineVector::operator[](int) const: Assertion `elem >= 0 && elem < _len' failed.
["Thu 22 Jan 2026 10:31:06 AM CET CODEXB_HV - Domain Created"]
["Thu 22 Jan 2026 10:31:32 AM CET fwFSMSrvr executing FwCreateObject - FwCaenChannelA1580 From: CXHV:Manager2(petersm@cxhv01)"]
["Thu 22 Jan 2026 10:31:32 AM CET FwCaenChannelA1580 - Object Type Created"]
["Thu 22 Jan 2026 10:31:33 AM CET fwFSMSrvr executing FwCreateObject - FwCaenChannelDefault From: CXHV:Manager2(petersm@cxhv01)"]
["Thu 22 Jan 2026 10:31:33 AM CET FwCaenChannelDefault - Object Type Created"]
["Thu 22 Jan 2026 10:31:33 AM CET fwFSMSrvr executing FwCreateObject - FwCaenCrateSY1527Default From: CXHV:Manager2(petersm@cxhv01)"]
["Thu 22 Jan 2026 10:31:33 AM CET FwCaenCrateSY1527Default - Object Type Created"]
["Thu 22 Jan 2026 10:31:33 AM CET fwFSMSrvr executing FwCreateObject - FwDevMajority From: CXHV:Manager2(petersm@cxhv01)"]
["Thu 22 Jan 2026 10:31:33 AM CET FwDevMajority - Object Type Created"]
["Thu 22 Jan 2026 10:31:33 AM CET fwFSMSrvr executing FwCreateObject - FwDevMode From: CXHV:Manager2(petersm@cxhv01)"]
["Thu 22 Jan 2026 10:31:33 AM CET FwDevMode - Object Type Created"]
["Thu 22 Jan 2026 10:31:34 AM CET fwFSMSrvr executing FwCreateObject - FwFSMConfDBDUT From: CXHV:Manager2(petersm@cxhv01)"]
["Thu 22 Jan 2026 10:31:34 AM CET FwFSMConfDBDUT - Object Type Created"]
["Thu 22 Jan 2026 10:31:34 AM CET fwFSMSrvr executing FwCreateObject - FwFSMConfDB_DAI From: CXHV:Manager2(petersm@cxhv01)"]
["Thu 22 Jan 2026 10:31:34 AM CET FwFSMConfDB_DAI - Object Type Created"]
["Thu 22 Jan 2026 10:31:34 AM CET fwFSMSrvr executing FwCreateObject - FwFSMConfDB_DAQ From: CXHV:Manager2(petersm@cxhv01)"]
["Thu 22 Jan 2026 10:31:34 AM CET FwFSMConfDB_DAQ - Object Type Created"]
["Thu 22 Jan 2026 10:31:34 AM CET fwFSMSrvr executing FwCreateObject - FwFSMConfDB_DCS From: CXHV:Manager2(petersm@cxhv01)"]
["Thu 22 Jan 2026 10:31:34 AM CET FwFSMConfDB_DCS - Object Type Created"]
["Thu 22 Jan 2026 10:31:35 AM CET fwFSMSrvr executing FwCreateObject - FwFSMConfDB_HV From: CXHV:Manager2(petersm@cxhv01)"]
["Thu 22 Jan 2026 10:31:35 AM CET FwFSMConfDB_HV - Object Type Created"]
["Thu 22 Jan 2026 10:31:35 AM CET fwFSMSrvr executing FwCreateObject - DAI_Domain_v1 From: CXHV:Manager2(petersm@cxhv01)"]
["Thu 22 Jan 2026 10:31:35 AM CET DAI_Domain_v1 - Object Type Created"]
["Thu 22 Jan 2026 10:31:35 AM CET fwFSMSrvr executing FwCreateObject - DAQ_Domain_v1 From: CXHV:Manager2(petersm@cxhv01)"]
["Thu 22 Jan 2026 10:31:35 AM CET DAQ_Domain_v1 - Object Type Created"]
["Thu 22 Jan 2026 10:31:35 AM CET fwFSMSrvr executing FwCreateObject - DCS_Domain_v1 From: CXHV:Manager2(petersm@cxhv01)"]
["Thu 22 Jan 2026 10:31:35 AM CET DCS_Domain_v1 - Object Type Created"]
["Thu 22 Jan 2026 10:31:36 AM CET fwFSMSrvr executing FwCreateObject - FwChildMode From: CXHV:Manager2(petersm@cxhv01)"]
["Thu 22 Jan 2026 10:31:36 AM CET FwChildMode - Object Type Created"]
["Thu 22 Jan 2026 10:31:36 AM CET fwFSMSrvr executing FwCreateObject - FwChildrenMode From: CXHV:Manager2(petersm@cxhv01)"]
["Thu 22 Jan 2026 10:31:36 AM CET FwChildrenMode - Object Type Created"]
["Thu 22 Jan 2026 10:31:36 AM CET fwFSMSrvr executing FwCreateObject - FwMode From: CXHV:Manager2(petersm@cxhv01)"]
["Thu 22 Jan 2026 10:31:36 AM CET FwMode - Object Type Created"]
["Thu 22 Jan 2026 10:31:37 AM CET fwFSMSrvr executing FwCreateObject - HV_Domain_v1 From: CXHV:Manager2(petersm@cxhv01)"]
["Thu 22 Jan 2026 10:31:37 AM CET HV_Domain_v1 - Object Type Created"]
["Thu 22 Jan 2026 10:31:37 AM CET fwFSMSrvr executing FwCreateObject - SAFETY_Domain From: CXHV:Manager2(petersm@cxhv01)"]
["Thu 22 Jan 2026 10:31:37 AM CET SAFETY_Domain - Object Type Created"]
["Thu 22 Jan 2026 10:31:37 AM CET fwFSMSrvr executing FwDeleteScripts - CODEXB_HV From: CXHV:Manager2(petersm@cxhv01)"]
["Thu 22 Jan 2026 10:31:37 AM CET CODEXB_HV - Object Scripts deleted"]
["Thu 22 Jan 2026 10:31:37 AM CET fwFSMSrvr executing FwCreateScripts - CODEXB_HV From: CXHV:Manager2(petersm@cxhv01)"]
["Thu 22 Jan 2026 10:31:37 AM CET CODEXB_HV - Object Scripts for Type FwCaenChannelA1580 Created"]
["Thu 22 Jan 2026 10:31:37 AM CET fwFSMSrvr executing FwCreateScripts - CODEXB_HV From: CXHV:Manager2(petersm@cxhv01)"]
["Thu 22 Jan 2026 10:31:37 AM CET CODEXB_HV - Object Scripts for Type FwDevMode Created"]
["Thu 22 Jan 2026 10:31:37 AM CET fwFSMSrvr executing FwCreateDomain - CODEXB_HV From: CXHV:Manager2(petersm@cxhv01)"]
rm: cannot remove '/opt/winccoa_projects/CXHV/smi/CODEXB_HV.sobj': No such file or directory
["Thu 22 Jan 2026 10:31:37 AM CET CODEXB_HV - Domain Created"]
["Thu 22 Jan 2026 10:31:46 AM CET fwFSMSrvr executing FwRestartAllDomains From: CXHV:Manager2(petersm@cxhv01)"]
["Thu 22 Jan 2026 10:31:46 AM CET DIM_DNS_NODE = cxhv01"]
2026.01.22 10:31:46.331["WCCOAsmi started"]
2026.01.22 10:31:47.439["************ Domain Running"]["CODEXB_HV"]["EXCLUDED"]
["Thu 22 Jan 2026 10:34:33 AM CET fwFSMSrvr executing FwDeleteScripts - CODEXB_HV From: CXHV:Manager3(petersm@cxhv01)"]
["Thu 22 Jan 2026 10:34:33 AM CET CODEXB_HV - Object Scripts deleted"]
["Thu 22 Jan 2026 10:34:33 AM CET fwFSMSrvr executing FwCreateScripts - CODEXB_HV From: CXHV:Manager3(petersm@cxhv01)"]
["Thu 22 Jan 2026 10:34:33 AM CET CODEXB_HV - Object Scripts for Type FwCaenChannelA1580 Created"]
["Thu 22 Jan 2026 10:34:33 AM CET fwFSMSrvr executing FwCreateScripts - CODEXB_HV From: CXHV:Manager3(petersm@cxhv01)"]
["Thu 22 Jan 2026 10:34:33 AM CET CODEXB_HV - Object Scripts for Type FwFSMConfDB_HV Created"]
["Thu 22 Jan 2026 10:34:33 AM CET fwFSMSrvr executing FwCreateScripts - CODEXB_HV From: CXHV:Manager3(petersm@cxhv01)"]
["Thu 22 Jan 2026 10:34:33 AM CET CODEXB_HV - Object Scripts for Type FwDevMode Created"]
["Thu 22 Jan 2026 10:34:33 AM CET fwFSMSrvr executing FwCreateDomain - CODEXB_HV From: CXHV:Manager3(petersm@cxhv01)"]
["Thu 22 Jan 2026 10:34:34 AM CET CODEXB_HV - Domain Created"]
["Thu 22 Jan 2026 10:37:04 AM CET fwFSMSrvr executing FwRestartAllDomains From: CXHV:Manager2(petersm@cxhv01)"]
2026.01.22 10:37:04.335["************ Domain Stopped"]["CODEXB_HV"]["DEAD"]
2026.01.22 10:37:06.350["Copying /opt/winccoa_projects/CXHV/log//smiSM_CODEXB_HV.log to /opt/winccoa_projects/CXHV/log//smiSM_CODEXB_HV.log.bak"]
2026.01.22 10:37:07.302["************ Domain Running"]["CODEXB_HV"]["EXCLUDED"]
["Thu 22 Jan 2026 10:37:17 AM CET fwFSMSrvr executing FwStopAllDomains From: CXHV:Manager2(petersm@cxhv01)"]
2026.01.22 10:37:18.958["************ Domain Stopped"]["CODEXB_HV"]["DEAD"]
2026.01.22 10:37:22.964["WCCOAsmi stopped"]
["Thu 22 Jan 2026 10:37:27 AM CET fwFSMSrvr executing FwCreateObject - FwCaenChannelA1580 From: CXHV:Manager2(petersm@cxhv01)"]
["Thu 22 Jan 2026 10:37:27 AM CET FwCaenChannelA1580 - Object Type Created"]
["Thu 22 Jan 2026 10:37:28 AM CET fwFSMSrvr executing FwCreateObject - FwCaenChannelDefault From: CXHV:Manager2(petersm@cxhv01)"]
["Thu 22 Jan 2026 10:37:28 AM CET FwCaenChannelDefault - Object Type Created"]
["Thu 22 Jan 2026 10:37:28 AM CET fwFSMSrvr executing FwCreateObject - FwCaenCrateSY1527Default From: CXHV:Manager2(petersm@cxhv01)"]
["Thu 22 Jan 2026 10:37:28 AM CET FwCaenCrateSY1527Default - Object Type Created"]
["Thu 22 Jan 2026 10:37:28 AM CET fwFSMSrvr executing FwCreateObject - FwDevMajority From: CXHV:Manager2(petersm@cxhv01)"]
["Thu 22 Jan 2026 10:37:28 AM CET FwDevMajority - Object Type Created"]
["Thu 22 Jan 2026 10:37:28 AM CET fwFSMSrvr executing FwCreateObject - FwDevMode From: CXHV:Manager2(petersm@cxhv01)"]
["Thu 22 Jan 2026 10:37:28 AM CET FwDevMode - Object Type Created"]
["Thu 22 Jan 2026 10:37:28 AM CET fwFSMSrvr executing FwCreateObject - FwFSMConfDBDUT From: CXHV:Manager2(petersm@cxhv01)"]
["Thu 22 Jan 2026 10:37:28 AM CET FwFSMConfDBDUT - Object Type Created"]
["Thu 22 Jan 2026 10:37:29 AM CET fwFSMSrvr executing FwCreateObject - FwFSMConfDB_DAI From: CXHV:Manager2(petersm@cxhv01)"]
["Thu 22 Jan 2026 10:37:29 AM CET FwFSMConfDB_DAI - Object Type Created"]
["Thu 22 Jan 2026 10:37:29 AM CET fwFSMSrvr executing FwCreateObject - FwFSMConfDB_DAQ From: CXHV:Manager2(petersm@cxhv01)"]
["Thu 22 Jan 2026 10:37:29 AM CET FwFSMConfDB_DAQ - Object Type Created"]
["Thu 22 Jan 2026 10:37:29 AM CET fwFSMSrvr executing FwCreateObject - FwFSMConfDB_DCS From: CXHV:Manager2(petersm@cxhv01)"]
["Thu 22 Jan 2026 10:37:29 AM CET FwFSMConfDB_DCS - Object Type Created"]
["Thu 22 Jan 2026 10:37:29 AM CET fwFSMSrvr executing FwCreateObject - FwFSMConfDB_HV From: CXHV:Manager2(petersm@cxhv01)"]
["Thu 22 Jan 2026 10:37:29 AM CET FwFSMConfDB_HV - Object Type Created"]
["Thu 22 Jan 2026 10:37:30 AM CET fwFSMSrvr executing FwCreateObject - DAI_Domain_v1 From: CXHV:Manager2(petersm@cxhv01)"]
["Thu 22 Jan 2026 10:37:30 AM CET DAI_Domain_v1 - Object Type Created"]
["Thu 22 Jan 2026 10:37:30 AM CET fwFSMSrvr executing FwCreateObject - DAQ_Domain_v1 From: CXHV:Manager2(petersm@cxhv01)"]
["Thu 22 Jan 2026 10:37:30 AM CET DAQ_Domain_v1 - Object Type Created"]
["Thu 22 Jan 2026 10:37:30 AM CET fwFSMSrvr executing FwCreateObject - DCS_Domain_v1 From: CXHV:Manager2(petersm@cxhv01)"]
["Thu 22 Jan 2026 10:37:30 AM CET DCS_Domain_v1 - Object Type Created"]
["Thu 22 Jan 2026 10:37:30 AM CET fwFSMSrvr executing FwCreateObject - FwChildMode From: CXHV:Manager2(petersm@cxhv01)"]
["Thu 22 Jan 2026 10:37:30 AM CET FwChildMode - Object Type Created"]
["Thu 22 Jan 2026 10:37:31 AM CET fwFSMSrvr executing FwCreateObject - FwChildrenMode From: CXHV:Manager2(petersm@cxhv01)"]
["Thu 22 Jan 2026 10:37:31 AM CET FwChildrenMode - Object Type Created"]
["Thu 22 Jan 2026 10:37:31 AM CET fwFSMSrvr executing FwCreateObject - FwMode From: CXHV:Manager2(petersm@cxhv01)"]
["Thu 22 Jan 2026 10:37:31 AM CET FwMode - Object Type Created"]
["Thu 22 Jan 2026 10:37:31 AM CET fwFSMSrvr executing FwCreateObject - HV_Domain_v1 From: CXHV:Manager2(petersm@cxhv01)"]
["Thu 22 Jan 2026 10:37:31 AM CET HV_Domain_v1 - Object Type Created"]
["Thu 22 Jan 2026 10:37:31 AM CET fwFSMSrvr executing FwCreateObject - SAFETY_Domain From: CXHV:Manager2(petersm@cxhv01)"]
["Thu 22 Jan 2026 10:37:31 AM CET SAFETY_Domain - Object Type Created"]
["Thu 22 Jan 2026 10:37:32 AM CET fwFSMSrvr executing FwDeleteScripts - CODEXB_HV From: CXHV:Manager2(petersm@cxhv01)"]
["Thu 22 Jan 2026 10:37:32 AM CET CODEXB_HV - Object Scripts deleted"]
["Thu 22 Jan 2026 10:37:32 AM CET fwFSMSrvr executing FwCreateScripts - CODEXB_HV From: CXHV:Manager2(petersm@cxhv01)"]
["Thu 22 Jan 2026 10:37:32 AM CET CODEXB_HV - Object Scripts for Type FwCaenChannelA1580 Created"]
["Thu 22 Jan 2026 10:37:32 AM CET fwFSMSrvr executing FwCreateScripts - CODEXB_HV From: CXHV:Manager2(petersm@cxhv01)"]
["Thu 22 Jan 2026 10:37:32 AM CET CODEXB_HV - Object Scripts for Type FwFSMConfDB_HV Created"]
["Thu 22 Jan 2026 10:37:32 AM CET fwFSMSrvr executing FwCreateScripts - CODEXB_HV From: CXHV:Manager2(petersm@cxhv01)"]
["Thu 22 Jan 2026 10:37:32 AM CET CODEXB_HV - Object Scripts for Type FwDevMode Created"]
["Thu 22 Jan 2026 10:37:32 AM CET fwFSMSrvr executing FwCreateDomain - CODEXB_HV From: CXHV:Manager2(petersm@cxhv01)"]
["Thu 22 Jan 2026 10:37:32 AM CET CODEXB_HV - Domain Created"]
["Thu 22 Jan 2026 10:37:38 AM CET fwFSMSrvr executing FwRestartAllDomains From: CXHV:Manager2(petersm@cxhv01)"]
["Thu 22 Jan 2026 10:37:38 AM CET DIM_DNS_NODE = cxhv01"]
2026.01.22 10:37:38.238["WCCOAsmi started"]
2026.01.22 10:37:38.246["Copying /opt/winccoa_projects/CXHV/log//smiSM_CODEXB_HV.log.bak to /opt/winccoa_projects/CXHV/log//smiSM_CODEXB_HV.log.bak-1"]
2026.01.22 10:37:38.250["Copying /opt/winccoa_projects/CXHV/log//smiSM_CODEXB_HV.log to /opt/winccoa_projects/CXHV/log//smiSM_CODEXB_HV.log.bak"]
2026.01.22 10:37:38.257["************ Domain Stopped"]["CODEXB_HV"]["DEAD"]
2026.01.22 10:37:39.345["************ Domain Running"]["CODEXB_HV"]["EXCLUDED"]
["Thu 22 Jan 2026 11:05:03 AM CET fwFSMSrvr executing FwDeleteScripts - TEST From: CXHV:Manager2(petersm@cxhv01)"]
["Thu 22 Jan 2026 11:05:03 AM CET TEST - Object Scripts deleted"]
["Thu 22 Jan 2026 11:05:03 AM CET fwFSMSrvr executing FwCreateDomain - TEST From: CXHV:Manager2(petersm@cxhv01)"]
rm: cannot remove '/opt/winccoa_projects/CXHV/smi/TEST.sobj': No such file or directory
["Thu 22 Jan 2026 11:05:03 AM CET TEST - Domain Created"]
["Thu 22 Jan 2026 11:05:49 AM CET fwFSMSrvr executing FwDeleteScripts - TEST From: CXHV:Manager2(petersm@cxhv01)"]
["Thu 22 Jan 2026 11:05:49 AM CET TEST - Object Scripts deleted"]
["Thu 22 Jan 2026 11:05:49 AM CET fwFSMSrvr executing FwCreateScripts - TEST From: CXHV:Manager2(petersm@cxhv01)"]
["Thu 22 Jan 2026 11:05:49 AM CET TEST - Object Scripts for Type FwCaenChannelDefault Created"]
["Thu 22 Jan 2026 11:05:50 AM CET fwFSMSrvr executing FwCreateScripts - TEST From: CXHV:Manager2(petersm@cxhv01)"]
["Thu 22 Jan 2026 11:05:50 AM CET TEST - Object Scripts for Type FwDevMode Created"]
["Thu 22 Jan 2026 11:05:50 AM CET fwFSMSrvr executing FwCreateDomain - TEST From: CXHV:Manager2(petersm@cxhv01)"]
["Thu 22 Jan 2026 11:05:50 AM CET TEST - Domain Created"]
["Thu 22 Jan 2026 11:05:59 AM CET fwFSMSrvr executing FwDeleteScripts - TEST From: CXHV:Manager2(petersm@cxhv01)"]
["Thu 22 Jan 2026 11:05:59 AM CET TEST - Object Scripts deleted"]
["Thu 22 Jan 2026 11:05:59 AM CET fwFSMSrvr executing FwCreateScripts - TEST From: CXHV:Manager2(petersm@cxhv01)"]
["Thu 22 Jan 2026 11:05:59 AM CET TEST - Object Scripts for Type FwCaenChannelDefault Created"]
["Thu 22 Jan 2026 11:05:59 AM CET fwFSMSrvr executing FwCreateScripts - TEST From: CXHV:Manager2(petersm@cxhv01)"]
["Thu 22 Jan 2026 11:05:59 AM CET TEST - Object Scripts for Type FwFSMConfDB_HV Created"]
["Thu 22 Jan 2026 11:05:59 AM CET fwFSMSrvr executing FwCreateScripts - TEST From: CXHV:Manager2(petersm@cxhv01)"]
["Thu 22 Jan 2026 11:05:59 AM CET TEST - Object Scripts for Type FwDevMode Created"]
["Thu 22 Jan 2026 11:05:59 AM CET fwFSMSrvr executing FwCreateDomain - TEST From: CXHV:Manager2(petersm@cxhv01)"]
["Thu 22 Jan 2026 11:05:59 AM CET TEST - Domain Created"]
["Thu 22 Jan 2026 11:25:34 AM CET fwFSMSrvr executing FwDeleteDomain - CODEXB_HV From: CXHV:Manager2(petersm@cxhv01)"]
["Thu 22 Jan 2026 11:25:34 AM CET CODEXB_HV - Domain Deleted"]
2026.01.22 11:25:34.487["WCCOAsmi re-started"]
["Thu 22 Jan 2026 11:25:34 AM CET DIM_DNS_NODE = cxhv01"]
["Thu 22 Jan 2026 11:25:34 AM CET fwFSMSrvr executing FwDeleteScripts - CODEXB_HV From: CXHV:Manager2(petersm@cxhv01)"]
["Thu 22 Jan 2026 11:25:34 AM CET CODEXB_HV - Object Scripts deleted"]
2026.01.22 11:25:35.025["WCCOAsmi started"]
["Thu 22 Jan 2026 11:25:39 AM CET fwFSMSrvr executing FwDeleteDomain - TEST From: CXHV:Manager2(petersm@cxhv01)"]
["Thu 22 Jan 2026 11:25:39 AM CET TEST - Domain Deleted"]
["Thu 22 Jan 2026 11:25:39 AM CET fwFSMSrvr executing FwDeleteScripts - TEST From: CXHV:Manager2(petersm@cxhv01)"]
["Thu 22 Jan 2026 11:25:39 AM CET TEST - Object Scripts deleted"]
2026.01.22 11:25:40.300["WCCOAsmi re-started"]
["Thu 22 Jan 2026 11:25:40 AM CET DIM_DNS_NODE = cxhv01"]
2026.01.22 11:25:40.347["WCCOAsmi started"]
["Thu 22 Jan 2026 11:25:51 AM CET fwFSMSrvr executing FwDeleteObject - FwCaenChannelA1580 From: CXHV:Manager2(petersm@cxhv01)"]
["Thu 22 Jan 2026 11:25:51 AM CET FwCaenChannelA1580 - Object Type Deleted"]
["Thu 22 Jan 2026 11:26:26 AM CET fwFSMSrvr executing FwCreateObject - FwCaenChannelA1580Default From: CXHV:Manager2(petersm@cxhv01)"]
["Thu 22 Jan 2026 11:26:26 AM CET FwCaenChannelA1580Default - Object Type Created"]
["Thu 22 Jan 2026 11:26:46 AM CET fwFSMSrvr executing FwDeleteScripts - CODEXB_HV From: CXHV:Manager2(petersm@cxhv01)"]
["Thu 22 Jan 2026 11:26:46 AM CET CODEXB_HV - Object Scripts deleted"]
["Thu 22 Jan 2026 11:26:46 AM CET fwFSMSrvr executing FwCreateDomain - CODEXB_HV From: CXHV:Manager2(petersm@cxhv01)"]
["Thu 22 Jan 2026 11:26:46 AM CET CODEXB_HV - Domain Created"]
["Thu 22 Jan 2026 11:27:11 AM CET fwFSMSrvr executing FwDeleteScripts - CODEXB_HV From: CXHV:Manager2(petersm@cxhv01)"]
["Thu 22 Jan 2026 11:27:11 AM CET CODEXB_HV - Object Scripts deleted"]
["Thu 22 Jan 2026 11:27:11 AM CET fwFSMSrvr executing FwCreateScripts - CODEXB_HV From: CXHV:Manager2(petersm@cxhv01)"]
["Thu 22 Jan 2026 11:27:11 AM CET CODEXB_HV - Object Scripts for Type FwCaenChannelA1580Default Created"]
["Thu 22 Jan 2026 11:27:11 AM CET fwFSMSrvr executing FwCreateScripts - CODEXB_HV From: CXHV:Manager2(petersm@cxhv01)"]
["Thu 22 Jan 2026 11:27:11 AM CET CODEXB_HV - Object Scripts for Type FwDevMode Created"]
["Thu 22 Jan 2026 11:27:11 AM CET fwFSMSrvr executing FwCreateDomain - CODEXB_HV From: CXHV:Manager2(petersm@cxhv01)"]
["Thu 22 Jan 2026 11:27:11 AM CET CODEXB_HV - Domain Created"]
["Thu 22 Jan 2026 11:30:07 AM CET fwFSMSrvr executing FwDeleteScripts - CODEXB_HV From: CXHV:Manager2(petersm@cxhv01)"]
["Thu 22 Jan 2026 11:30:07 AM CET CODEXB_HV - Object Scripts deleted"]
["Thu 22 Jan 2026 11:30:07 AM CET fwFSMSrvr executing FwCreateScripts - CODEXB_HV From: CXHV:Manager2(petersm@cxhv01)"]
["Thu 22 Jan 2026 11:30:07 AM CET CODEXB_HV - Object Scripts for Type FwCaenChannelA1580Default Created"]
["Thu 22 Jan 2026 11:30:07 AM CET fwFSMSrvr executing FwCreateScripts - CODEXB_HV From: CXHV:Manager2(petersm@cxhv01)"]
["Thu 22 Jan 2026 11:30:07 AM CET CODEXB_HV - Object Scripts for Type FwFSMConfDB_HV Created"]
["Thu 22 Jan 2026 11:30:08 AM CET fwFSMSrvr executing FwCreateScripts - CODEXB_HV From: CXHV:Manager2(petersm@cxhv01)"]
["Thu 22 Jan 2026 11:30:08 AM CET CODEXB_HV - Object Scripts for Type FwDevMode Created"]
["Thu 22 Jan 2026 11:30:08 AM CET fwFSMSrvr executing FwCreateDomain - CODEXB_HV From: CXHV:Manager2(petersm@cxhv01)"]
["Thu 22 Jan 2026 11:30:08 AM CET CODEXB_HV - Domain Created"]
2026.01.22 11:44:00.311["fwFsmSrv: Starting up"]
2026.01.22 11:44:00.319["System Name: CXHV: System Number: 1401 - FwFsm: version is 3503"]
["Thu 22 Jan 2026 11:44:00 AM CET DIM_DNS_NODE = cxhv01"]
2026.01.22 11:44:00.373["WCCOAsmi started"]
2026.01.22 11:44:00.374["FwFsmSrvr: Api FSM States written."]
["Thu 22 Jan 2026 11:57:25 AM CET fwFSMSrvr executing FwStopAllDomains From: CXHV:Manager1(petersm@cxhv01)"]
2026.01.22 11:57:28.434["WCCOAsmi stopped"]
["Thu 22 Jan 2026 11:57:32 AM CET fwFSMSrvr executing FwCreateObject - FwCaenChannelA1580Default From: CXHV:Manager1(petersm@cxhv01)"]
["Thu 22 Jan 2026 11:57:32 AM CET FwCaenChannelA1580Default - Object Type Created"]
["Thu 22 Jan 2026 11:57:32 AM CET fwFSMSrvr executing FwCreateObject - FwCaenChannelDefault From: CXHV:Manager1(petersm@cxhv01)"]
["Thu 22 Jan 2026 11:57:32 AM CET FwCaenChannelDefault - Object Type Created"]
["Thu 22 Jan 2026 11:57:33 AM CET fwFSMSrvr executing FwCreateObject - FwCaenCrateSY1527Default From: CXHV:Manager1(petersm@cxhv01)"]
["Thu 22 Jan 2026 11:57:33 AM CET FwCaenCrateSY1527Default - Object Type Created"]
["Thu 22 Jan 2026 11:57:33 AM CET fwFSMSrvr executing FwCreateObject - FwDevMajority From: CXHV:Manager1(petersm@cxhv01)"]
["Thu 22 Jan 2026 11:57:33 AM CET FwDevMajority - Object Type Created"]
["Thu 22 Jan 2026 11:57:33 AM CET fwFSMSrvr executing FwCreateObject - FwDevMode From: CXHV:Manager1(petersm@cxhv01)"]
["Thu 22 Jan 2026 11:57:33 AM CET FwDevMode - Object Type Created"]
["Thu 22 Jan 2026 11:57:33 AM CET fwFSMSrvr executing FwCreateObject - FwFSMConfDBDUT From: CXHV:Manager1(petersm@cxhv01)"]
["Thu 22 Jan 2026 11:57:33 AM CET FwFSMConfDBDUT - Object Type Created"]
["Thu 22 Jan 2026 11:57:34 AM CET fwFSMSrvr executing FwCreateObject - FwFSMConfDB_DAI From: CXHV:Manager1(petersm@cxhv01)"]
["Thu 22 Jan 2026 11:57:34 AM CET FwFSMConfDB_DAI - Object Type Created"]
["Thu 22 Jan 2026 11:57:34 AM CET fwFSMSrvr executing FwCreateObject - FwFSMConfDB_DAQ From: CXHV:Manager1(petersm@cxhv01)"]
["Thu 22 Jan 2026 11:57:34 AM CET FwFSMConfDB_DAQ - Object Type Created"]
["Thu 22 Jan 2026 11:57:34 AM CET fwFSMSrvr executing FwCreateObject - FwFSMConfDB_DCS From: CXHV:Manager1(petersm@cxhv01)"]
["Thu 22 Jan 2026 11:57:34 AM CET FwFSMConfDB_DCS - Object Type Created"]
["Thu 22 Jan 2026 11:57:34 AM CET fwFSMSrvr executing FwCreateObject - FwFSMConfDB_HV From: CXHV:Manager1(petersm@cxhv01)"]
["Thu 22 Jan 2026 11:57:34 AM CET FwFSMConfDB_HV - Object Type Created"]
["Thu 22 Jan 2026 11:57:35 AM CET fwFSMSrvr executing FwCreateObject - DAI_Domain_v1 From: CXHV:Manager1(petersm@cxhv01)"]
["Thu 22 Jan 2026 11:57:35 AM CET DAI_Domain_v1 - Object Type Created"]
["Thu 22 Jan 2026 11:57:35 AM CET fwFSMSrvr executing FwCreateObject - DAQ_Domain_v1 From: CXHV:Manager1(petersm@cxhv01)"]
["Thu 22 Jan 2026 11:57:35 AM CET DAQ_Domain_v1 - Object Type Created"]
["Thu 22 Jan 2026 11:57:35 AM CET fwFSMSrvr executing FwCreateObject - DCS_Domain_v1 From: CXHV:Manager1(petersm@cxhv01)"]
["Thu 22 Jan 2026 11:57:35 AM CET DCS_Domain_v1 - Object Type Created"]
["Thu 22 Jan 2026 11:57:35 AM CET fwFSMSrvr executing FwCreateObject - FwChildMode From: CXHV:Manager1(petersm@cxhv01)"]
["Thu 22 Jan 2026 11:57:35 AM CET FwChildMode - Object Type Created"]
["Thu 22 Jan 2026 11:57:36 AM CET fwFSMSrvr executing FwCreateObject - FwChildrenMode From: CXHV:Manager1(petersm@cxhv01)"]
["Thu 22 Jan 2026 11:57:36 AM CET FwChildrenMode - Object Type Created"]
["Thu 22 Jan 2026 11:57:36 AM CET fwFSMSrvr executing FwCreateObject - FwMode From: CXHV:Manager1(petersm@cxhv01)"]
["Thu 22 Jan 2026 11:57:36 AM CET FwMode - Object Type Created"]
["Thu 22 Jan 2026 11:57:36 AM CET fwFSMSrvr executing FwCreateObject - HV_Domain_v1 From: CXHV:Manager1(petersm@cxhv01)"]
["Thu 22 Jan 2026 11:57:36 AM CET HV_Domain_v1 - Object Type Created"]
["Thu 22 Jan 2026 11:57:36 AM CET fwFSMSrvr executing FwCreateObject - SAFETY_Domain From: CXHV:Manager1(petersm@cxhv01)"]
["Thu 22 Jan 2026 11:57:36 AM CET SAFETY_Domain - Object Type Created"]
["Thu 22 Jan 2026 11:57:37 AM CET fwFSMSrvr executing FwDeleteScripts - CODEXB_HV From: CXHV:Manager1(petersm@cxhv01)"]
["Thu 22 Jan 2026 11:57:37 AM CET CODEXB_HV - Object Scripts deleted"]
["Thu 22 Jan 2026 11:57:37 AM CET fwFSMSrvr executing FwCreateScripts - CODEXB_HV From: CXHV:Manager1(petersm@cxhv01)"]
["Thu 22 Jan 2026 11:57:37 AM CET CODEXB_HV - Object Scripts for Type FwCaenChannelA1580Default Created"]
["Thu 22 Jan 2026 11:57:37 AM CET fwFSMSrvr executing FwCreateScripts - CODEXB_HV From: CXHV:Manager1(petersm@cxhv01)"]
["Thu 22 Jan 2026 11:57:37 AM CET CODEXB_HV - Object Scripts for Type FwFSMConfDB_HV Created"]
["Thu 22 Jan 2026 11:57:37 AM CET fwFSMSrvr executing FwCreateScripts - CODEXB_HV From: CXHV:Manager1(petersm@cxhv01)"]
["Thu 22 Jan 2026 11:57:37 AM CET CODEXB_HV - Object Scripts for Type FwDevMode Created"]
["Thu 22 Jan 2026 11:57:37 AM CET fwFSMSrvr executing FwCreateDomain - CODEXB_HV From: CXHV:Manager1(petersm@cxhv01)"]
["Thu 22 Jan 2026 11:57:37 AM CET CODEXB_HV - Domain Created"]
["Thu 22 Jan 2026 11:57:44 AM CET fwFSMSrvr executing FwRestartAllDomains From: CXHV:Manager1(petersm@cxhv01)"]
["Thu 22 Jan 2026 11:57:45 AM CET DIM_DNS_NODE = cxhv01"]
2026.01.22 11:57:45.144["WCCOAsmi started"]
2026.01.22 11:57:45.151["Copying /opt/winccoa_projects/CXHV/log//smiSM_CODEXB_HV.log.bak-1 to /opt/winccoa_projects/CXHV/log//smiSM_CODEXB_HV.log.bak-2"]
2026.01.22 11:57:45.153["Copying /opt/winccoa_projects/CXHV/log//smiSM_CODEXB_HV.log.bak to /opt/winccoa_projects/CXHV/log//smiSM_CODEXB_HV.log.bak-1"]
2026.01.22 11:57:45.155["Copying /opt/winccoa_projects/CXHV/log//smiSM_CODEXB_HV.log to /opt/winccoa_projects/CXHV/log//smiSM_CODEXB_HV.log.bak"]
2026.01.22 11:57:46.246["************ Domain Running"]["CODEXB_HV"]["EXCLUDED"]
2026.01.22 15:19:30.076["fwFsmSrv: Starting up"]
2026.01.22 15:19:30.084["System Name: CXHV: System Number: 1401 - FwFsm: version is 3503"]
["Thu 22 Jan 2026 03:19:30 PM CET DIM_DNS_NODE = cxhv01"]
2026.01.22 15:19:30.617["WCCOAsmi started"]
2026.01.22 15:19:31.626["FwFsmSrvr: Api FSM States written."]
["Thu 22 Jan 2026 03:19:51 PM CET fwFSMSrvr executing FwDeleteScripts - CODEXB_HV From: CXHV:Manager2(petersm@cxhv01)"]
["Thu 22 Jan 2026 03:19:51 PM CET CODEXB_HV - Object Scripts deleted"]
["Thu 22 Jan 2026 03:19:51 PM CET fwFSMSrvr executing FwCreateScripts - CODEXB_HV From: CXHV:Manager2(petersm@cxhv01)"]
["Thu 22 Jan 2026 03:19:51 PM CET CODEXB_HV - Object Scripts for Type FwCaenChannelA1580Default Created"]
["Thu 22 Jan 2026 03:19:51 PM CET fwFSMSrvr executing FwCreateScripts - CODEXB_HV From: CXHV:Manager2(petersm@cxhv01)"]
["Thu 22 Jan 2026 03:19:51 PM CET CODEXB_HV - Object Scripts for Type FwFSMConfDB_HV Created"]
2026.01.22 15:19:51.590["WCCOAsmi re-started"]
["Thu 22 Jan 2026 03:19:51 PM CET DIM_DNS_NODE = cxhv01"]
2026.01.22 15:19:51.636["WCCOAsmi started"]
["Thu 22 Jan 2026 03:19:51 PM CET fwFSMSrvr executing FwCreateScripts - CODEXB_HV From: CXHV:Manager2(petersm@cxhv01)"]
["Thu 22 Jan 2026 03:19:51 PM CET CODEXB_HV - Object Scripts for Type FwDevMode Created"]
["Thu 22 Jan 2026 03:19:51 PM CET fwFSMSrvr executing FwCreateDomain - CODEXB_HV From: CXHV:Manager2(petersm@cxhv01)"]
["Thu 22 Jan 2026 03:19:51 PM CET CODEXB_HV - Domain Created"]
["Thu 22 Jan 2026 03:21:30 PM CET fwFSMSrvr executing FwRestartAllDomains From: CXHV:Manager1(petersm@cxhv01)"]
2026.01.22 15:21:31.715["Copying /opt/winccoa_projects/CXHV/log//smiSM_CODEXB_HV.log.bak-2 to /opt/winccoa_projects/CXHV/log//smiSM_CODEXB_HV.log.bak-3"]
2026.01.22 15:21:31.719["Copying /opt/winccoa_projects/CXHV/log//smiSM_CODEXB_HV.log.bak-1 to /opt/winccoa_projects/CXHV/log//smiSM_CODEXB_HV.log.bak-2"]
2026.01.22 15:21:31.720["Copying /opt/winccoa_projects/CXHV/log//smiSM_CODEXB_HV.log.bak to /opt/winccoa_projects/CXHV/log//smiSM_CODEXB_HV.log.bak-1"]
2026.01.22 15:21:31.722["Copying /opt/winccoa_projects/CXHV/log//smiSM_CODEXB_HV.log to /opt/winccoa_projects/CXHV/log//smiSM_CODEXB_HV.log.bak"]
2026.01.22 15:21:31.730["************ Domain Stopped"]["CODEXB_HV"]["DEAD"]
2026.01.22 15:21:32.719["************ Domain Running"]["CODEXB_HV"]["EXCLUDED"]
["Thu 22 Jan 2026 03:26:20 PM CET fwFSMSrvr executing FwRestartTreeDomains - CODEXB_HV From: CXHV:Manager1(petersm@cxhv01)"]
2026.01.22 15:26:20.238["************ Domain Stopped"]["CODEXB_HV"]["DEAD"]
2026.01.22 15:26:22.255["Copying /opt/winccoa_projects/CXHV/log//smiSM_CODEXB_HV.log.bak-3 to /opt/winccoa_projects/CXHV/log//smiSM_CODEXB_HV.log.bak-4"]
2026.01.22 15:26:22.257["Copying /opt/winccoa_projects/CXHV/log//smiSM_CODEXB_HV.log.bak-2 to /opt/winccoa_projects/CXHV/log//smiSM_CODEXB_HV.log.bak-3"]
2026.01.22 15:26:22.259["Copying /opt/winccoa_projects/CXHV/log//smiSM_CODEXB_HV.log.bak-1 to /opt/winccoa_projects/CXHV/log//smiSM_CODEXB_HV.log.bak-2"]
2026.01.22 15:26:22.262["Copying /opt/winccoa_projects/CXHV/log//smiSM_CODEXB_HV.log.bak to /opt/winccoa_projects/CXHV/log//smiSM_CODEXB_HV.log.bak-1"]
2026.01.22 15:26:22.264["Copying /opt/winccoa_projects/CXHV/log//smiSM_CODEXB_HV.log to /opt/winccoa_projects/CXHV/log//smiSM_CODEXB_HV.log.bak"]
2026.01.22 15:26:23.208["************ Domain Running"]["CODEXB_HV"]["EXCLUDED"]
2026.01.22 16:15:57.319["fwFsmSrv: Starting up"]
2026.01.22 16:15:57.326["System Name: CXHV: System Number: 1401 - FwFsm: version is 3503"]
["Thu 22 Jan 2026 04:15:57 PM CET DIM_DNS_NODE = cxhv01"]
2026.01.22 16:15:57.838["WCCOAsmi started"]
2026.01.22 16:15:58.848["FwFsmSrvr: Api FSM States written."]
["Fri 23 Jan 2026 11:08:24 AM CET fwFSMSrvr executing FwDeleteScripts - CODEXB_HV_ALT From: CXHV:Manager1(petersm@cxhv01)"]
["Fri 23 Jan 2026 11:08:24 AM CET CODEXB_HV_ALT - Object Scripts deleted"]
["Fri 23 Jan 2026 11:08:24 AM CET fwFSMSrvr executing FwCreateDomain - CODEXB_HV_ALT From: CXHV:Manager1(petersm@cxhv01)"]
rm: cannot remove '/opt/winccoa_projects/CXHV/smi/CODEXB_HV_ALT.sobj': No such file or directory
["Fri 23 Jan 2026 11:08:24 AM CET CODEXB_HV_ALT - Domain Created"]
["Fri 23 Jan 2026 11:08:56 AM CET fwFSMSrvr executing FwDeleteScripts - CODEXB_HV_ALT From: CXHV:Manager1(petersm@cxhv01)"]
["Fri 23 Jan 2026 11:08:56 AM CET CODEXB_HV_ALT - Object Scripts deleted"]
["Fri 23 Jan 2026 11:08:56 AM CET fwFSMSrvr executing FwCreateScripts - CODEXB_HV_ALT From: CXHV:Manager1(petersm@cxhv01)"]
["Fri 23 Jan 2026 11:08:56 AM CET CODEXB_HV_ALT - Object Scripts for Type FwCaenChannelDefault Created"]
["Fri 23 Jan 2026 11:08:56 AM CET fwFSMSrvr executing FwCreateScripts - CODEXB_HV_ALT From: CXHV:Manager1(petersm@cxhv01)"]
["Fri 23 Jan 2026 11:08:56 AM CET CODEXB_HV_ALT - Object Scripts for Type FwDevMode Created"]
["Fri 23 Jan 2026 11:08:56 AM CET fwFSMSrvr executing FwCreateDomain - CODEXB_HV_ALT From: CXHV:Manager1(petersm@cxhv01)"]
["Fri 23 Jan 2026 11:08:56 AM CET CODEXB_HV_ALT - Domain Created"]
["Fri 23 Jan 2026 11:09:23 AM CET fwFSMSrvr executing FwDeleteScripts - CODEXB_HV_ALT From: CXHV:Manager1(petersm@cxhv01)"]
["Fri 23 Jan 2026 11:09:23 AM CET CODEXB_HV_ALT - Object Scripts deleted"]
["Fri 23 Jan 2026 11:09:23 AM CET fwFSMSrvr executing FwCreateScripts - CODEXB_HV_ALT From: CXHV:Manager1(petersm@cxhv01)"]
["Fri 23 Jan 2026 11:09:23 AM CET CODEXB_HV_ALT - Object Scripts for Type FwCaenChannelDefault Created"]
["Fri 23 Jan 2026 11:09:23 AM CET fwFSMSrvr executing FwCreateScripts - CODEXB_HV_ALT From: CXHV:Manager1(petersm@cxhv01)"]
["Fri 23 Jan 2026 11:09:23 AM CET CODEXB_HV_ALT - Object Scripts for Type FwCaenChannelA1580Default Created"]
["Fri 23 Jan 2026 11:09:23 AM CET fwFSMSrvr executing FwCreateScripts - CODEXB_HV_ALT From: CXHV:Manager1(petersm@cxhv01)"]
["Fri 23 Jan 2026 11:09:23 AM CET CODEXB_HV_ALT - Object Scripts for Type FwDevMode Created"]
["Fri 23 Jan 2026 11:09:23 AM CET fwFSMSrvr executing FwCreateDomain - CODEXB_HV_ALT From: CXHV:Manager1(petersm@cxhv01)"]
["Fri 23 Jan 2026 11:09:23 AM CET CODEXB_HV_ALT - Domain Created"]
["Fri 23 Jan 2026 11:17:31 AM CET fwFSMSrvr executing FwDeleteScripts - CODEXB_HV From: CXHV:Manager1(petersm@cxhv01)"]
["Fri 23 Jan 2026 11:17:31 AM CET CODEXB_HV - Object Scripts deleted"]
["Fri 23 Jan 2026 11:17:31 AM CET fwFSMSrvr executing FwCreateScripts - CODEXB_HV From: CXHV:Manager1(petersm@cxhv01)"]
["Fri 23 Jan 2026 11:17:31 AM CET CODEXB_HV - Object Scripts for Type FwCaenChannelA1580Default Created"]
["Fri 23 Jan 2026 11:17:31 AM CET fwFSMSrvr executing FwCreateScripts - CODEXB_HV From: CXHV:Manager1(petersm@cxhv01)"]
["Fri 23 Jan 2026 11:17:31 AM CET CODEXB_HV - Object Scripts for Type FwFSMConfDB_HV Created"]
["Fri 23 Jan 2026 11:17:31 AM CET fwFSMSrvr executing FwCreateScripts - CODEXB_HV From: CXHV:Manager1(petersm@cxhv01)"]
["Fri 23 Jan 2026 11:17:31 AM CET CODEXB_HV - Object Scripts for Type FwDevMode Created"]
["Fri 23 Jan 2026 11:17:31 AM CET fwFSMSrvr executing FwCreateDomain - CODEXB_HV From: CXHV:Manager1(petersm@cxhv01)"]
["Fri 23 Jan 2026 11:17:31 AM CET CODEXB_HV - Domain Created"]
["Fri 23 Jan 2026 11:17:52 AM CET fwFSMSrvr executing FwDeleteScripts - CODEXB_HV From: CXHV:Manager1(petersm@cxhv01)"]
["Fri 23 Jan 2026 11:17:52 AM CET CODEXB_HV - Object Scripts deleted"]
["Fri 23 Jan 2026 11:17:53 AM CET fwFSMSrvr executing FwCreateScripts - CODEXB_HV From: CXHV:Manager1(petersm@cxhv01)"]
["Fri 23 Jan 2026 11:17:53 AM CET CODEXB_HV - Object Scripts for Type FwCaenChannelA1580Default Created"]
["Fri 23 Jan 2026 11:17:53 AM CET fwFSMSrvr executing FwCreateScripts - CODEXB_HV From: CXHV:Manager1(petersm@cxhv01)"]
["Fri 23 Jan 2026 11:17:53 AM CET CODEXB_HV - Object Scripts for Type FwFSMConfDB_HV Created"]
["Fri 23 Jan 2026 11:17:53 AM CET fwFSMSrvr executing FwCreateScripts - CODEXB_HV From: CXHV:Manager1(petersm@cxhv01)"]
["Fri 23 Jan 2026 11:17:53 AM CET CODEXB_HV - Object Scripts for Type FwDevMode Created"]
["Fri 23 Jan 2026 11:17:53 AM CET fwFSMSrvr executing FwCreateDomain - CODEXB_HV From: CXHV:Manager1(petersm@cxhv01)"]
["Fri 23 Jan 2026 11:17:53 AM CET CODEXB_HV - Domain Created"]
["Fri 23 Jan 2026 11:18:26 AM CET fwFSMSrvr executing FwDeleteScripts - CODEXB_HV From: CXHV:Manager1(petersm@cxhv01)"]
["Fri 23 Jan 2026 11:18:26 AM CET CODEXB_HV - Object Scripts deleted"]
["Fri 23 Jan 2026 11:18:26 AM CET fwFSMSrvr executing FwCreateScripts - CODEXB_HV From: CXHV:Manager1(petersm@cxhv01)"]
["Fri 23 Jan 2026 11:18:26 AM CET CODEXB_HV - Object Scripts for Type FwCaenChannelA1580Default Created"]
["Fri 23 Jan 2026 11:18:26 AM CET fwFSMSrvr executing FwCreateScripts - CODEXB_HV From: CXHV:Manager1(petersm@cxhv01)"]
["Fri 23 Jan 2026 11:18:26 AM CET CODEXB_HV - Object Scripts for Type FwFSMConfDB_HV Created"]
["Fri 23 Jan 2026 11:18:26 AM CET fwFSMSrvr executing FwCreateScripts - CODEXB_HV From: CXHV:Manager1(petersm@cxhv01)"]
["Fri 23 Jan 2026 11:18:26 AM CET CODEXB_HV - Object Scripts for Type FwDevMode Created"]
["Fri 23 Jan 2026 11:18:27 AM CET fwFSMSrvr executing FwCreateDomain - CODEXB_HV From: CXHV:Manager1(petersm@cxhv01)"]
["Fri 23 Jan 2026 11:18:27 AM CET CODEXB_HV - Domain Created"]
["Fri 23 Jan 2026 11:18:46 AM CET fwFSMSrvr executing FwDeleteScripts - CODEXB_HV From: CXHV:Manager1(petersm@cxhv01)"]
["Fri 23 Jan 2026 11:18:46 AM CET CODEXB_HV - Object Scripts deleted"]
["Fri 23 Jan 2026 11:18:47 AM CET fwFSMSrvr executing FwCreateScripts - CODEXB_HV From: CXHV:Manager1(petersm@cxhv01)"]
["Fri 23 Jan 2026 11:18:47 AM CET CODEXB_HV - Object Scripts for Type FwCaenChannelA1580Default Created"]
["Fri 23 Jan 2026 11:18:47 AM CET fwFSMSrvr executing FwCreateScripts - CODEXB_HV From: CXHV:Manager1(petersm@cxhv01)"]
["Fri 23 Jan 2026 11:18:47 AM CET CODEXB_HV - Object Scripts for Type FwFSMConfDB_HV Created"]
["Fri 23 Jan 2026 11:18:47 AM CET fwFSMSrvr executing FwCreateScripts - CODEXB_HV From: CXHV:Manager1(petersm@cxhv01)"]
["Fri 23 Jan 2026 11:18:47 AM CET CODEXB_HV - Object Scripts for Type FwDevMode Created"]
["Fri 23 Jan 2026 11:18:47 AM CET fwFSMSrvr executing FwCreateDomain - CODEXB_HV From: CXHV:Manager1(petersm@cxhv01)"]
["Fri 23 Jan 2026 11:18:47 AM CET CODEXB_HV - Domain Created"]
["Fri 23 Jan 2026 11:19:31 AM CET fwFSMSrvr executing FwDeleteScripts - CODEXB_HV From: CXHV:Manager1(petersm@cxhv01)"]
["Fri 23 Jan 2026 11:19:31 AM CET CODEXB_HV - Object Scripts deleted"]
["Fri 23 Jan 2026 11:19:31 AM CET fwFSMSrvr executing FwCreateScripts - CODEXB_HV From: CXHV:Manager1(petersm@cxhv01)"]
["Fri 23 Jan 2026 11:19:31 AM CET CODEXB_HV - Object Scripts for Type FwCaenChannelA1580Default Created"]
["Fri 23 Jan 2026 11:19:31 AM CET fwFSMSrvr executing FwCreateScripts - CODEXB_HV From: CXHV:Manager1(petersm@cxhv01)"]
["Fri 23 Jan 2026 11:19:31 AM CET CODEXB_HV - Object Scripts for Type FwFSMConfDB_HV Created"]
["Fri 23 Jan 2026 11:19:31 AM CET fwFSMSrvr executing FwCreateScripts - CODEXB_HV From: CXHV:Manager1(petersm@cxhv01)"]
["Fri 23 Jan 2026 11:19:31 AM CET CODEXB_HV - Object Scripts for Type FwDevMode Created"]
["Fri 23 Jan 2026 11:19:31 AM CET fwFSMSrvr executing FwCreateDomain - CODEXB_HV From: CXHV:Manager1(petersm@cxhv01)"]
["Fri 23 Jan 2026 11:19:32 AM CET CODEXB_HV - Domain Created"]
2026.01.23 11:19:32.173["WCCOAsmi re-started"]
["Fri 23 Jan 2026 11:19:32 AM CET DIM_DNS_NODE = cxhv01"]
2026.01.23 11:19:32.729["WCCOAsmi started"]
["Fri 23 Jan 2026 11:20:14 AM CET fwFSMSrvr executing FwDeleteScripts - CODEXB_HV From: CXHV:Manager1(petersm@cxhv01)"]
["Fri 23 Jan 2026 11:20:14 AM CET CODEXB_HV - Object Scripts deleted"]
["Fri 23 Jan 2026 11:20:14 AM CET fwFSMSrvr executing FwCreateScripts - CODEXB_HV From: CXHV:Manager1(petersm@cxhv01)"]
["Fri 23 Jan 2026 11:20:14 AM CET CODEXB_HV - Object Scripts for Type FwDevMode Created"]
["Fri 23 Jan 2026 11:20:14 AM CET fwFSMSrvr executing FwCreateDomain - CODEXB_HV From: CXHV:Manager1(petersm@cxhv01)"]
["Fri 23 Jan 2026 11:20:15 AM CET CODEXB_HV - Domain Created"]
["Fri 23 Jan 2026 11:20:40 AM CET fwFSMSrvr executing FwDeleteScripts - CODEXB_HV From: CXHV:Manager1(petersm@cxhv01)"]
["Fri 23 Jan 2026 11:20:40 AM CET CODEXB_HV - Object Scripts deleted"]
["Fri 23 Jan 2026 11:20:40 AM CET fwFSMSrvr executing FwCreateScripts - CODEXB_HV From: CXHV:Manager1(petersm@cxhv01)"]
["Fri 23 Jan 2026 11:20:40 AM CET CODEXB_HV - Object Scripts for Type FwDevMode Created"]
["Fri 23 Jan 2026 11:20:40 AM CET fwFSMSrvr executing FwCreateScripts - CODEXB_HV From: CXHV:Manager1(petersm@cxhv01)"]
["Fri 23 Jan 2026 11:20:40 AM CET CODEXB_HV - Object Scripts for Type FwCaenChannelA1580Default Created"]
["Fri 23 Jan 2026 11:20:40 AM CET fwFSMSrvr executing FwCreateDomain - CODEXB_HV From: CXHV:Manager1(petersm@cxhv01)"]
["Fri 23 Jan 2026 11:20:40 AM CET CODEXB_HV - Domain Created"]
["Fri 23 Jan 2026 11:21:01 AM CET fwFSMSrvr executing FwDeleteScripts - CODEXB_HV From: CXHV:Manager1(petersm@cxhv01)"]
["Fri 23 Jan 2026 11:21:01 AM CET CODEXB_HV - Object Scripts deleted"]
["Fri 23 Jan 2026 11:21:01 AM CET fwFSMSrvr executing FwCreateScripts - CODEXB_HV From: CXHV:Manager1(petersm@cxhv01)"]
["Fri 23 Jan 2026 11:21:01 AM CET CODEXB_HV - Object Scripts for Type FwDevMode Created"]
["Fri 23 Jan 2026 11:21:01 AM CET fwFSMSrvr executing FwCreateScripts - CODEXB_HV From: CXHV:Manager1(petersm@cxhv01)"]
["Fri 23 Jan 2026 11:21:01 AM CET CODEXB_HV - Object Scripts for Type FwCaenChannelA1580Default Created"]
["Fri 23 Jan 2026 11:21:01 AM CET fwFSMSrvr executing FwCreateDomain - CODEXB_HV From: CXHV:Manager1(petersm@cxhv01)"]
["Fri 23 Jan 2026 11:21:02 AM CET CODEXB_HV - Domain Created"]
["Fri 23 Jan 2026 11:21:24 AM CET fwFSMSrvr executing FwDeleteScripts - CODEXB_HV From: CXHV:Manager1(petersm@cxhv01)"]
["Fri 23 Jan 2026 11:21:24 AM CET CODEXB_HV - Object Scripts deleted"]
["Fri 23 Jan 2026 11:21:24 AM CET fwFSMSrvr executing FwCreateScripts - CODEXB_HV From: CXHV:Manager1(petersm@cxhv01)"]
["Fri 23 Jan 2026 11:21:24 AM CET CODEXB_HV - Object Scripts for Type FwDevMode Created"]
["Fri 23 Jan 2026 11:21:24 AM CET fwFSMSrvr executing FwCreateScripts - CODEXB_HV From: CXHV:Manager1(petersm@cxhv01)"]
["Fri 23 Jan 2026 11:21:24 AM CET CODEXB_HV - Object Scripts for Type FwCaenChannelA1580Default Created"]
["Fri 23 Jan 2026 11:21:24 AM CET fwFSMSrvr executing FwCreateDomain - CODEXB_HV From: CXHV:Manager1(petersm@cxhv01)"]
["Fri 23 Jan 2026 11:21:24 AM CET CODEXB_HV - Domain Created"]
["Fri 23 Jan 2026 11:21:52 AM CET fwFSMSrvr executing FwDeleteScripts - CODEXB_HV From: CXHV:Manager1(petersm@cxhv01)"]
["Fri 23 Jan 2026 11:21:52 AM CET CODEXB_HV - Object Scripts deleted"]
["Fri 23 Jan 2026 11:21:52 AM CET fwFSMSrvr executing FwCreateScripts - CODEXB_HV From: CXHV:Manager1(petersm@cxhv01)"]
["Fri 23 Jan 2026 11:21:52 AM CET CODEXB_HV - Object Scripts for Type FwDevMode Created"]
["Fri 23 Jan 2026 11:21:52 AM CET fwFSMSrvr executing FwCreateScripts - CODEXB_HV From: CXHV:Manager1(petersm@cxhv01)"]
["Fri 23 Jan 2026 11:21:52 AM CET CODEXB_HV - Object Scripts for Type FwCaenChannelA1580Default Created"]
["Fri 23 Jan 2026 11:21:52 AM CET fwFSMSrvr executing FwCreateDomain - CODEXB_HV From: CXHV:Manager1(petersm@cxhv01)"]
["Fri 23 Jan 2026 11:21:52 AM CET CODEXB_HV - Domain Created"]
["Fri 23 Jan 2026 11:22:08 AM CET fwFSMSrvr executing FwDeleteScripts - CODEXB_HV_ALT From: CXHV:Manager1(petersm@cxhv01)"]
["Fri 23 Jan 2026 11:22:08 AM CET CODEXB_HV_ALT - Object Scripts deleted"]
["Fri 23 Jan 2026 11:22:08 AM CET fwFSMSrvr executing FwCreateDomain - CODEXB_HV_ALT From: CXHV:Manager1(petersm@cxhv01)"]
["Fri 23 Jan 2026 11:22:08 AM CET CODEXB_HV_ALT - Domain Created"]
["Fri 23 Jan 2026 11:22:28 AM CET fwFSMSrvr executing FwDeleteScripts - CODEXB_HV_ALT From: CXHV:Manager1(petersm@cxhv01)"]
["Fri 23 Jan 2026 11:22:28 AM CET CODEXB_HV_ALT - Object Scripts deleted"]
["Fri 23 Jan 2026 11:22:28 AM CET fwFSMSrvr executing FwCreateScripts - CODEXB_HV_ALT From: CXHV:Manager1(petersm@cxhv01)"]
["Fri 23 Jan 2026 11:22:28 AM CET CODEXB_HV_ALT - Object Scripts for Type FwDevMode Created"]
["Fri 23 Jan 2026 11:22:28 AM CET fwFSMSrvr executing FwCreateDomain - CODEXB_HV_ALT From: CXHV:Manager1(petersm@cxhv01)"]
["Fri 23 Jan 2026 11:22:28 AM CET CODEXB_HV_ALT - Domain Created"]
["Fri 23 Jan 2026 11:22:47 AM CET fwFSMSrvr executing FwDeleteScripts - CODEXB_HV_ALT From: CXHV:Manager1(petersm@cxhv01)"]
["Fri 23 Jan 2026 11:22:47 AM CET CODEXB_HV_ALT - Object Scripts deleted"]
["Fri 23 Jan 2026 11:22:47 AM CET fwFSMSrvr executing FwCreateScripts - CODEXB_HV_ALT From: CXHV:Manager1(petersm@cxhv01)"]
["Fri 23 Jan 2026 11:22:47 AM CET CODEXB_HV_ALT - Object Scripts for Type FwDevMode Created"]
["Fri 23 Jan 2026 11:22:48 AM CET fwFSMSrvr executing FwCreateDomain - CODEXB_HV_ALT From: CXHV:Manager1(petersm@cxhv01)"]
["Fri 23 Jan 2026 11:22:48 AM CET CODEXB_HV_ALT - Domain Created"]
["Fri 23 Jan 2026 11:22:58 AM CET fwFSMSrvr executing FwDeleteScripts - CODEXB_HV_ALT From: CXHV:Manager1(petersm@cxhv01)"]
["Fri 23 Jan 2026 11:22:58 AM CET CODEXB_HV_ALT - Object Scripts deleted"]
["Fri 23 Jan 2026 11:22:58 AM CET fwFSMSrvr executing FwCreateScripts - CODEXB_HV_ALT From: CXHV:Manager1(petersm@cxhv01)"]
["Fri 23 Jan 2026 11:22:58 AM CET CODEXB_HV_ALT - Object Scripts for Type FwDevMode Created"]
["Fri 23 Jan 2026 11:22:58 AM CET fwFSMSrvr executing FwCreateDomain - CODEXB_HV_ALT From: CXHV:Manager1(petersm@cxhv01)"]
["Fri 23 Jan 2026 11:22:58 AM CET CODEXB_HV_ALT - Domain Created"]
["Fri 23 Jan 2026 11:23:11 AM CET fwFSMSrvr executing FwDeleteScripts - CODEXB_HV_ALT From: CXHV:Manager1(petersm@cxhv01)"]
["Fri 23 Jan 2026 11:23:11 AM CET CODEXB_HV_ALT - Object Scripts deleted"]
["Fri 23 Jan 2026 11:23:11 AM CET fwFSMSrvr executing FwCreateScripts - CODEXB_HV_ALT From: CXHV:Manager1(petersm@cxhv01)"]
["Fri 23 Jan 2026 11:23:11 AM CET CODEXB_HV_ALT - Object Scripts for Type FwDevMode Created"]
["Fri 23 Jan 2026 11:23:12 AM CET fwFSMSrvr executing FwCreateDomain - CODEXB_HV_ALT From: CXHV:Manager1(petersm@cxhv01)"]
["Fri 23 Jan 2026 11:23:12 AM CET CODEXB_HV_ALT - Domain Created"]
["Fri 23 Jan 2026 11:24:03 AM CET fwFSMSrvr executing FwDeleteScripts - CODEXB_HV From: CXHV:Manager2(petersm@cxhv01)"]
["Fri 23 Jan 2026 11:24:03 AM CET CODEXB_HV - Object Scripts deleted"]
["Fri 23 Jan 2026 11:24:03 AM CET fwFSMSrvr executing FwCreateScripts - CODEXB_HV From: CXHV:Manager2(petersm@cxhv01)"]
["Fri 23 Jan 2026 11:24:03 AM CET CODEXB_HV - Object Scripts for Type FwDevMode Created"]
["Fri 23 Jan 2026 11:24:03 AM CET fwFSMSrvr executing FwCreateScripts - CODEXB_HV From: CXHV:Manager2(petersm@cxhv01)"]
["Fri 23 Jan 2026 11:24:03 AM CET CODEXB_HV - Object Scripts for Type FwCaenChannelA1580Default Created"]
["Fri 23 Jan 2026 11:24:03 AM CET fwFSMSrvr executing FwCreateScripts - CODEXB_HV From: CXHV:Manager2(petersm@cxhv01)"]
["Fri 23 Jan 2026 11:24:03 AM CET CODEXB_HV - Object Scripts for Type FwFSMConfDB_HV Created"]
["Fri 23 Jan 2026 11:24:03 AM CET fwFSMSrvr executing FwCreateDomain - CODEXB_HV From: CXHV:Manager2(petersm@cxhv01)"]
["Fri 23 Jan 2026 11:24:03 AM CET CODEXB_HV - Domain Created"]
["Fri 23 Jan 2026 11:25:31 AM CET fwFSMSrvr executing FwRestartAllDomains From: CXHV:Manager1(petersm@cxhv01)"]
2026.01.23 11:25:32.223["Copying /opt/winccoa_projects/CXHV/log//smiSM_CODEXB_HV.log.bak-4 to /opt/winccoa_projects/CXHV/log//smiSM_CODEXB_HV.log.bak-5"]
2026.01.23 11:25:32.226["Copying /opt/winccoa_projects/CXHV/log//smiSM_CODEXB_HV.log.bak-3 to /opt/winccoa_projects/CXHV/log//smiSM_CODEXB_HV.log.bak-4"]
2026.01.23 11:25:32.229["Copying /opt/winccoa_projects/CXHV/log//smiSM_CODEXB_HV.log.bak-2 to /opt/winccoa_projects/CXHV/log//smiSM_CODEXB_HV.log.bak-3"]
2026.01.23 11:25:32.231["Copying /opt/winccoa_projects/CXHV/log//smiSM_CODEXB_HV.log.bak-1 to /opt/winccoa_projects/CXHV/log//smiSM_CODEXB_HV.log.bak-2"]
2026.01.23 11:25:32.233["Copying /opt/winccoa_projects/CXHV/log//smiSM_CODEXB_HV.log.bak to /opt/winccoa_projects/CXHV/log//smiSM_CODEXB_HV.log.bak-1"]
2026.01.23 11:25:32.235["Copying /opt/winccoa_projects/CXHV/log//smiSM_CODEXB_HV.log to /opt/winccoa_projects/CXHV/log//smiSM_CODEXB_HV.log.bak"]
2026.01.23 11:25:32.243["************ Domain Stopped"]["CODEXB_HV"]["DEAD"]
2026.01.23 11:25:33.253["************ Domain Running"]["CODEXB_HV_ALT"]["EXCLUDED"]
2026.01.23 11:25:33.253["************ Domain Running"]["CODEXB_HV"]["EXCLUDED"]
2026.01.23 11:26:57.461["WCCOAsmi re-started"]
["Fri 23 Jan 2026 11:26:57 AM CET DIM_DNS_NODE = cxhv01"]
["Fri 23 Jan 2026 11:26:57 AM CET fwFSMSrvr executing FwDeleteScripts - CODEXB_HV From: CXHV:Manager1(petersm@cxhv01)"]
["Fri 23 Jan 2026 11:26:57 AM CET CODEXB_HV - Object Scripts deleted"]
["Fri 23 Jan 2026 11:26:57 AM CET fwFSMSrvr executing FwCreateScripts - CODEXB_HV From: CXHV:Manager1(petersm@cxhv01)"]
["Fri 23 Jan 2026 11:26:57 AM CET CODEXB_HV - Object Scripts for Type FwDevMode Created"]
["Fri 23 Jan 2026 11:26:57 AM CET fwFSMSrvr executing FwCreateScripts - CODEXB_HV From: CXHV:Manager1(petersm@cxhv01)"]
["Fri 23 Jan 2026 11:26:57 AM CET CODEXB_HV - Object Scripts for Type FwCaenChannelA1580Default Created"]
["Fri 23 Jan 2026 11:26:57 AM CET fwFSMSrvr executing FwCreateScripts - CODEXB_HV From: CXHV:Manager1(petersm@cxhv01)"]
["Fri 23 Jan 2026 11:26:57 AM CET CODEXB_HV - Object Scripts for Type FwFSMConfDB_HV Created"]
["Fri 23 Jan 2026 11:26:57 AM CET fwFSMSrvr executing FwCreateDomain - CODEXB_HV From: CXHV:Manager1(petersm@cxhv01)"]
2026.01.23 11:26:58.000["WCCOAsmi started"]
["Fri 23 Jan 2026 11:26:58 AM CET CODEXB_HV - Domain Created"]
2026.01.23 11:27:12.948["WCCOAsmi re-started"]
["Fri 23 Jan 2026 11:27:12 AM CET DIM_DNS_NODE = cxhv01"]
["Fri 23 Jan 2026 11:27:13 AM CET fwFSMSrvr executing FwDeleteScripts - CODEXB_HV From: CXHV:Manager1(petersm@cxhv01)"]
["Fri 23 Jan 2026 11:27:13 AM CET CODEXB_HV - Object Scripts deleted"]
["Fri 23 Jan 2026 11:27:13 AM CET fwFSMSrvr executing FwCreateScripts - CODEXB_HV From: CXHV:Manager1(petersm@cxhv01)"]
["Fri 23 Jan 2026 11:27:13 AM CET CODEXB_HV - Object Scripts for Type FwDevMode Created"]
["Fri 23 Jan 2026 11:27:13 AM CET fwFSMSrvr executing FwCreateScripts - CODEXB_HV From: CXHV:Manager1(petersm@cxhv01)"]
["Fri 23 Jan 2026 11:27:13 AM CET CODEXB_HV - Object Scripts for Type FwCaenChannelA1580Default Created"]
["Fri 23 Jan 2026 11:27:13 AM CET fwFSMSrvr executing FwCreateScripts - CODEXB_HV From: CXHV:Manager1(petersm@cxhv01)"]
["Fri 23 Jan 2026 11:27:13 AM CET CODEXB_HV - Object Scripts for Type FwFSMConfDB_HV Created"]
["Fri 23 Jan 2026 11:27:13 AM CET fwFSMSrvr executing FwCreateDomain - CODEXB_HV From: CXHV:Manager1(petersm@cxhv01)"]
2026.01.23 11:27:13.471["WCCOAsmi started"]
["Fri 23 Jan 2026 11:27:13 AM CET CODEXB_HV - Domain Created"]
2026.01.23 11:27:32.147["WCCOAsmi re-started"]
["Fri 23 Jan 2026 11:27:32 AM CET DIM_DNS_NODE = cxhv01"]
["Fri 23 Jan 2026 11:27:32 AM CET fwFSMSrvr executing FwDeleteScripts - CODEXB_HV From: CXHV:Manager1(petersm@cxhv01)"]
["Fri 23 Jan 2026 11:27:32 AM CET CODEXB_HV - Object Scripts deleted"]
["Fri 23 Jan 2026 11:27:32 AM CET fwFSMSrvr executing FwCreateScripts - CODEXB_HV From: CXHV:Manager1(petersm@cxhv01)"]
["Fri 23 Jan 2026 11:27:32 AM CET CODEXB_HV - Object Scripts for Type FwDevMode Created"]
["Fri 23 Jan 2026 11:27:32 AM CET fwFSMSrvr executing FwCreateScripts - CODEXB_HV From: CXHV:Manager1(petersm@cxhv01)"]
["Fri 23 Jan 2026 11:27:32 AM CET CODEXB_HV - Object Scripts for Type FwCaenChannelA1580Default Created"]
["Fri 23 Jan 2026 11:27:32 AM CET fwFSMSrvr executing FwCreateScripts - CODEXB_HV From: CXHV:Manager1(petersm@cxhv01)"]
["Fri 23 Jan 2026 11:27:32 AM CET CODEXB_HV - Object Scripts for Type FwFSMConfDB_HV Created"]
["Fri 23 Jan 2026 11:27:32 AM CET fwFSMSrvr executing FwCreateDomain - CODEXB_HV From: CXHV:Manager1(petersm@cxhv01)"]
2026.01.23 11:27:32.682["WCCOAsmi started"]
["Fri 23 Jan 2026 11:27:32 AM CET CODEXB_HV - Domain Created"]
2026.01.23 11:27:41.082["WCCOAsmi re-started"]
["Fri 23 Jan 2026 11:27:41 AM CET DIM_DNS_NODE = cxhv01"]
["Fri 23 Jan 2026 11:27:41 AM CET fwFSMSrvr executing FwDeleteScripts - CODEXB_HV From: CXHV:Manager1(petersm@cxhv01)"]
["Fri 23 Jan 2026 11:27:41 AM CET CODEXB_HV - Object Scripts deleted"]
["Fri 23 Jan 2026 11:27:41 AM CET fwFSMSrvr executing FwCreateScripts - CODEXB_HV From: CXHV:Manager1(petersm@cxhv01)"]
["Fri 23 Jan 2026 11:27:41 AM CET CODEXB_HV - Object Scripts for Type FwDevMode Created"]
["Fri 23 Jan 2026 11:27:41 AM CET fwFSMSrvr executing FwCreateScripts - CODEXB_HV From: CXHV:Manager1(petersm@cxhv01)"]
["Fri 23 Jan 2026 11:27:41 AM CET CODEXB_HV - Object Scripts for Type FwFSMConfDB_HV Created"]
["Fri 23 Jan 2026 11:27:41 AM CET fwFSMSrvr executing FwCreateScripts - CODEXB_HV From: CXHV:Manager1(petersm@cxhv01)"]
["Fri 23 Jan 2026 11:27:41 AM CET CODEXB_HV - Object Scripts for Type FwCaenChannelA1580Default Created"]
["Fri 23 Jan 2026 11:27:41 AM CET fwFSMSrvr executing FwCreateDomain - CODEXB_HV From: CXHV:Manager1(petersm@cxhv01)"]
2026.01.23 11:27:41.620["WCCOAsmi started"]
["Fri 23 Jan 2026 11:27:41 AM CET CODEXB_HV - Domain Created"]
["Fri 23 Jan 2026 11:27:57 AM CET fwFSMSrvr executing FwDeleteScripts - CODEXB_HV From: CXHV:Manager1(petersm@cxhv01)"]
["Fri 23 Jan 2026 11:27:57 AM CET CODEXB_HV - Object Scripts deleted"]
["Fri 23 Jan 2026 11:27:58 AM CET fwFSMSrvr executing FwCreateScripts - CODEXB_HV From: CXHV:Manager1(petersm@cxhv01)"]
["Fri 23 Jan 2026 11:27:58 AM CET CODEXB_HV - Object Scripts for Type FwDevMode Created"]
["Fri 23 Jan 2026 11:27:58 AM CET fwFSMSrvr executing FwCreateScripts - CODEXB_HV From: CXHV:Manager1(petersm@cxhv01)"]
["Fri 23 Jan 2026 11:27:58 AM CET CODEXB_HV - Object Scripts for Type FwCaenChannelA1580Default Created"]
["Fri 23 Jan 2026 11:27:58 AM CET fwFSMSrvr executing FwCreateScripts - CODEXB_HV From: CXHV:Manager1(petersm@cxhv01)"]
["Fri 23 Jan 2026 11:27:58 AM CET CODEXB_HV - Object Scripts for Type FwFSMConfDB_HV Created"]
["Fri 23 Jan 2026 11:27:58 AM CET fwFSMSrvr executing FwCreateDomain - CODEXB_HV From: CXHV:Manager1(petersm@cxhv01)"]
["Fri 23 Jan 2026 11:27:58 AM CET CODEXB_HV - Domain Created"]
["Fri 23 Jan 2026 11:28:15 AM CET fwFSMSrvr executing FwDeleteScripts - CODEXB_HV From: CXHV:Manager1(petersm@cxhv01)"]
["Fri 23 Jan 2026 11:28:15 AM CET CODEXB_HV - Object Scripts deleted"]
["Fri 23 Jan 2026 11:28:15 AM CET fwFSMSrvr executing FwCreateScripts - CODEXB_HV From: CXHV:Manager1(petersm@cxhv01)"]
["Fri 23 Jan 2026 11:28:15 AM CET CODEXB_HV - Object Scripts for Type FwDevMode Created"]
["Fri 23 Jan 2026 11:28:15 AM CET fwFSMSrvr executing FwCreateScripts - CODEXB_HV From: CXHV:Manager1(petersm@cxhv01)"]
["Fri 23 Jan 2026 11:28:15 AM CET CODEXB_HV - Object Scripts for Type FwCaenChannelA1580Default Created"]
["Fri 23 Jan 2026 11:28:15 AM CET fwFSMSrvr executing FwCreateScripts - CODEXB_HV From: CXHV:Manager1(petersm@cxhv01)"]
["Fri 23 Jan 2026 11:28:15 AM CET CODEXB_HV - Object Scripts for Type FwFSMConfDB_HV Created"]
["Fri 23 Jan 2026 11:28:15 AM CET fwFSMSrvr executing FwCreateDomain - CODEXB_HV From: CXHV:Manager1(petersm@cxhv01)"]
2026.01.23 11:28:16.207["WCCOAsmi re-started"]
["Fri 23 Jan 2026 11:28:16 AM CET DIM_DNS_NODE = cxhv01"]
2026.01.23 11:28:16.261["WCCOAsmi started"]
["Fri 23 Jan 2026 11:28:16 AM CET CODEXB_HV - Domain Created"]
["Fri 23 Jan 2026 11:28:48 AM CET fwFSMSrvr executing FwRestartAllDomains From: CXHV:Manager1(petersm@cxhv01)"]
2026.01.23 11:28:48.816["************ Domain Stopped"]["CODEXB_HV"]["DEAD"]
2026.01.23 11:28:48.867["************ Domain Stopped"]["CODEXB_HV_ALT"]["DEAD"]
2026.01.23 11:28:50.881["Copying /opt/winccoa_projects/CXHV/log//smiSM_CODEXB_HV.log.bak-4 to /opt/winccoa_projects/CXHV/log//smiSM_CODEXB_HV.log.bak-5"]
2026.01.23 11:28:50.884["Copying /opt/winccoa_projects/CXHV/log//smiSM_CODEXB_HV.log.bak-3 to /opt/winccoa_projects/CXHV/log//smiSM_CODEXB_HV.log.bak-4"]
2026.01.23 11:28:50.886["Copying /opt/winccoa_projects/CXHV/log//smiSM_CODEXB_HV.log.bak-2 to /opt/winccoa_projects/CXHV/log//smiSM_CODEXB_HV.log.bak-3"]
2026.01.23 11:28:50.888["Copying /opt/winccoa_projects/CXHV/log//smiSM_CODEXB_HV.log.bak-1 to /opt/winccoa_projects/CXHV/log//smiSM_CODEXB_HV.log.bak-2"]
2026.01.23 11:28:50.890["Copying /opt/winccoa_projects/CXHV/log//smiSM_CODEXB_HV.log.bak to /opt/winccoa_projects/CXHV/log//smiSM_CODEXB_HV.log.bak-1"]
2026.01.23 11:28:50.892["Copying /opt/winccoa_projects/CXHV/log//smiSM_CODEXB_HV.log to /opt/winccoa_projects/CXHV/log//smiSM_CODEXB_HV.log.bak"]
2026.01.23 11:28:50.950["Copying /opt/winccoa_projects/CXHV/log//smiSM_CODEXB_HV_ALT.log to /opt/winccoa_projects/CXHV/log//smiSM_CODEXB_HV_ALT.log.bak"]
2026.01.23 11:28:51.853["************ Domain Running"]["CODEXB_HV_ALT"]["EXCLUDED"]
2026.01.23 11:28:51.854["************ Domain Running"]["CODEXB_HV"]["EXCLUDED"]
2026.01.23 11:29:13.090["WCCOAsmi re-started"]
["Fri 23 Jan 2026 11:29:13 AM CET DIM_DNS_NODE = cxhv01"]
["Fri 23 Jan 2026 11:29:13 AM CET fwFSMSrvr executing FwDeleteScripts - CODEXB_HV From: CXHV:Manager1(petersm@cxhv01)"]
["Fri 23 Jan 2026 11:29:13 AM CET CODEXB_HV - Object Scripts deleted"]
["Fri 23 Jan 2026 11:29:13 AM CET fwFSMSrvr executing FwCreateScripts - CODEXB_HV From: CXHV:Manager1(petersm@cxhv01)"]
["Fri 23 Jan 2026 11:29:13 AM CET CODEXB_HV - Object Scripts for Type FwDevMode Created"]
["Fri 23 Jan 2026 11:29:13 AM CET fwFSMSrvr executing FwCreateScripts - CODEXB_HV From: CXHV:Manager1(petersm@cxhv01)"]
["Fri 23 Jan 2026 11:29:13 AM CET CODEXB_HV - Object Scripts for Type FwCaenChannelA1580Default Created"]
["Fri 23 Jan 2026 11:29:13 AM CET fwFSMSrvr executing FwCreateScripts - CODEXB_HV From: CXHV:Manager1(petersm@cxhv01)"]
["Fri 23 Jan 2026 11:29:13 AM CET CODEXB_HV - Object Scripts for Type FwFSMConfDB_HV Created"]
["Fri 23 Jan 2026 11:29:13 AM CET fwFSMSrvr executing FwCreateDomain - CODEXB_HV From: CXHV:Manager1(petersm@cxhv01)"]
2026.01.23 11:29:13.642["WCCOAsmi started"]
["Fri 23 Jan 2026 11:29:13 AM CET CODEXB_HV - Domain Created"]
["Fri 23 Jan 2026 11:29:27 AM CET fwFSMSrvr executing FwDeleteScripts - CODEXB_HV From: CXHV:Manager1(petersm@cxhv01)"]
["Fri 23 Jan 2026 11:29:27 AM CET CODEXB_HV - Object Scripts deleted"]
["Fri 23 Jan 2026 11:29:27 AM CET fwFSMSrvr executing FwCreateScripts - CODEXB_HV From: CXHV:Manager1(petersm@cxhv01)"]
["Fri 23 Jan 2026 11:29:27 AM CET CODEXB_HV - Object Scripts for Type FwDevMode Created"]
["Fri 23 Jan 2026 11:29:27 AM CET fwFSMSrvr executing FwCreateScripts - CODEXB_HV From: CXHV:Manager1(petersm@cxhv01)"]
["Fri 23 Jan 2026 11:29:27 AM CET CODEXB_HV - Object Scripts for Type FwCaenChannelA1580Default Created"]
["Fri 23 Jan 2026 11:29:28 AM CET fwFSMSrvr executing FwCreateScripts - CODEXB_HV From: CXHV:Manager1(petersm@cxhv01)"]
["Fri 23 Jan 2026 11:29:28 AM CET CODEXB_HV - Object Scripts for Type FwFSMConfDB_HV Created"]
["Fri 23 Jan 2026 11:29:28 AM CET fwFSMSrvr executing FwCreateDomain - CODEXB_HV From: CXHV:Manager1(petersm@cxhv01)"]
["Fri 23 Jan 2026 11:29:28 AM CET CODEXB_HV - Domain Created"]
["Fri 23 Jan 2026 11:29:36 AM CET fwFSMSrvr executing FwDeleteScripts - CODEXB_HV From: CXHV:Manager1(petersm@cxhv01)"]
["Fri 23 Jan 2026 11:29:36 AM CET CODEXB_HV - Object Scripts deleted"]
["Fri 23 Jan 2026 11:29:36 AM CET fwFSMSrvr executing FwCreateScripts - CODEXB_HV From: CXHV:Manager1(petersm@cxhv01)"]
["Fri 23 Jan 2026 11:29:36 AM CET CODEXB_HV - Object Scripts for Type FwDevMode Created"]
["Fri 23 Jan 2026 11:29:36 AM CET fwFSMSrvr executing FwCreateScripts - CODEXB_HV From: CXHV:Manager1(petersm@cxhv01)"]
["Fri 23 Jan 2026 11:29:36 AM CET CODEXB_HV - Object Scripts for Type FwCaenChannelA1580Default Created"]
["Fri 23 Jan 2026 11:29:36 AM CET fwFSMSrvr executing FwCreateScripts - CODEXB_HV From: CXHV:Manager1(petersm@cxhv01)"]
["Fri 23 Jan 2026 11:29:36 AM CET CODEXB_HV - Object Scripts for Type FwFSMConfDB_HV Created"]
["Fri 23 Jan 2026 11:29:36 AM CET fwFSMSrvr executing FwCreateDomain - CODEXB_HV From: CXHV:Manager1(petersm@cxhv01)"]
["Fri 23 Jan 2026 11:29:37 AM CET CODEXB_HV - Domain Created"]
["Fri 23 Jan 2026 11:30:32 AM CET fwFSMSrvr executing FwRestartAllDomains From: CXHV:Manager1(petersm@cxhv01)"]
2026.01.23 11:30:32.629["************ Domain Stopped"]["CODEXB_HV"]["DEAD"]
2026.01.23 11:30:32.679["************ Domain Stopped"]["CODEXB_HV_ALT"]["DEAD"]
2026.01.23 11:30:34.692["Copying /opt/winccoa_projects/CXHV/log//smiSM_CODEXB_HV.log.bak-4 to /opt/winccoa_projects/CXHV/log//smiSM_CODEXB_HV.log.bak-5"]
2026.01.23 11:30:34.694["Copying /opt/winccoa_projects/CXHV/log//smiSM_CODEXB_HV.log.bak-3 to /opt/winccoa_projects/CXHV/log//smiSM_CODEXB_HV.log.bak-4"]
2026.01.23 11:30:34.696["Copying /opt/winccoa_projects/CXHV/log//smiSM_CODEXB_HV.log.bak-2 to /opt/winccoa_projects/CXHV/log//smiSM_CODEXB_HV.log.bak-3"]
2026.01.23 11:30:34.698["Copying /opt/winccoa_projects/CXHV/log//smiSM_CODEXB_HV.log.bak-1 to /opt/winccoa_projects/CXHV/log//smiSM_CODEXB_HV.log.bak-2"]
2026.01.23 11:30:34.700["Copying /opt/winccoa_projects/CXHV/log//smiSM_CODEXB_HV.log.bak to /opt/winccoa_projects/CXHV/log//smiSM_CODEXB_HV.log.bak-1"]
2026.01.23 11:30:34.701["Copying /opt/winccoa_projects/CXHV/log//smiSM_CODEXB_HV.log to /opt/winccoa_projects/CXHV/log//smiSM_CODEXB_HV.log.bak"]
2026.01.23 11:30:34.759["Copying /opt/winccoa_projects/CXHV/log//smiSM_CODEXB_HV_ALT.log.bak to /opt/winccoa_projects/CXHV/log//smiSM_CODEXB_HV_ALT.log.bak-1"]
2026.01.23 11:30:34.761["Copying /opt/winccoa_projects/CXHV/log//smiSM_CODEXB_HV_ALT.log to /opt/winccoa_projects/CXHV/log//smiSM_CODEXB_HV_ALT.log.bak"]
2026.01.23 11:30:35.662["************ Domain Running"]["CODEXB_HV_ALT"]["EXCLUDED"]
2026.01.23 11:30:35.663["************ Domain Running"]["CODEXB_HV"]["EXCLUDED"]
["Fri 23 Jan 2026 11:31:36 AM CET fwFSMSrvr executing FwRestartAllDomains From: CXHV:Manager1(petersm@cxhv01)"]
2026.01.23 11:31:36.511["************ Domain Stopped"]["CODEXB_HV"]["DEAD"]
2026.01.23 11:31:36.562["************ Domain Stopped"]["CODEXB_HV_ALT"]["DEAD"]
2026.01.23 11:31:38.576["Copying /opt/winccoa_projects/CXHV/log//smiSM_CODEXB_HV.log.bak-4 to /opt/winccoa_projects/CXHV/log//smiSM_CODEXB_HV.log.bak-5"]
2026.01.23 11:31:38.580["Copying /opt/winccoa_projects/CXHV/log//smiSM_CODEXB_HV.log.bak-3 to /opt/winccoa_projects/CXHV/log//smiSM_CODEXB_HV.log.bak-4"]
2026.01.23 11:31:38.582["Copying /opt/winccoa_projects/CXHV/log//smiSM_CODEXB_HV.log.bak-2 to /opt/winccoa_projects/CXHV/log//smiSM_CODEXB_HV.log.bak-3"]
2026.01.23 11:31:38.586["Copying /opt/winccoa_projects/CXHV/log//smiSM_CODEXB_HV.log.bak-1 to /opt/winccoa_projects/CXHV/log//smiSM_CODEXB_HV.log.bak-2"]
2026.01.23 11:31:38.588["Copying /opt/winccoa_projects/CXHV/log//smiSM_CODEXB_HV.log.bak to /opt/winccoa_projects/CXHV/log//smiSM_CODEXB_HV.log.bak-1"]
2026.01.23 11:31:38.594["Copying /opt/winccoa_projects/CXHV/log//smiSM_CODEXB_HV.log to /opt/winccoa_projects/CXHV/log//smiSM_CODEXB_HV.log.bak"]
2026.01.23 11:31:38.652["Copying /opt/winccoa_projects/CXHV/log//smiSM_CODEXB_HV_ALT.log.bak-1 to /opt/winccoa_projects/CXHV/log//smiSM_CODEXB_HV_ALT.log.bak-2"]
2026.01.23 11:31:38.654["Copying /opt/winccoa_projects/CXHV/log//smiSM_CODEXB_HV_ALT.log.bak to /opt/winccoa_projects/CXHV/log//smiSM_CODEXB_HV_ALT.log.bak-1"]
2026.01.23 11:31:38.655["Copying /opt/winccoa_projects/CXHV/log//smiSM_CODEXB_HV_ALT.log to /opt/winccoa_projects/CXHV/log//smiSM_CODEXB_HV_ALT.log.bak"]
2026.01.23 11:31:39.555["************ Domain Running"]["CODEXB_HV_ALT"]["EXCLUDED"]
2026.01.23 11:31:39.555["************ Domain Running"]["CODEXB_HV"]["EXCLUDED"]
["Fri 23 Jan 2026 12:13:55 PM CET fwFSMSrvr executing FwStopAllDomains From: CXHV:Manager1(petersm@cxhv01)"]
2026.01.23 12:13:56.890["************ Domain Stopped"]["CODEXB_HV_ALT"]["DEAD"]
2026.01.23 12:13:56.890["************ Domain Stopped"]["CODEXB_HV"]["DEAD"]
2026.01.23 12:14:00.900["WCCOAsmi stopped"]
["Fri 23 Jan 2026 12:14:13 PM CET fwFSMSrvr executing FwDeleteScripts - CODEXB_HV_ALT From: CXHV:Manager1(petersm@cxhv01)"]
["Fri 23 Jan 2026 12:14:13 PM CET CODEXB_HV_ALT - Object Scripts deleted"]
["Fri 23 Jan 2026 12:14:13 PM CET fwFSMSrvr executing FwCreateScripts - CODEXB_HV_ALT From: CXHV:Manager1(petersm@cxhv01)"]
["Fri 23 Jan 2026 12:14:13 PM CET CODEXB_HV_ALT - Object Scripts for Type FwDevMode Created"]
["Fri 23 Jan 2026 12:14:13 PM CET fwFSMSrvr executing FwCreateDomain - CODEXB_HV_ALT From: CXHV:Manager1(petersm@cxhv01)"]
["Fri 23 Jan 2026 12:14:14 PM CET CODEXB_HV_ALT - Domain Created"]
["Fri 23 Jan 2026 12:14:24 PM CET fwFSMSrvr executing FwDeleteScripts - CODEXB_HV_ALT From: CXHV:Manager1(petersm@cxhv01)"]
["Fri 23 Jan 2026 12:14:24 PM CET CODEXB_HV_ALT - Object Scripts deleted"]
["Fri 23 Jan 2026 12:14:24 PM CET fwFSMSrvr executing FwCreateScripts - CODEXB_HV_ALT From: CXHV:Manager1(petersm@cxhv01)"]
["Fri 23 Jan 2026 12:14:24 PM CET CODEXB_HV_ALT - Object Scripts for Type FwDevMode Created"]
["Fri 23 Jan 2026 12:14:24 PM CET fwFSMSrvr executing FwCreateDomain - CODEXB_HV_ALT From: CXHV:Manager1(petersm@cxhv01)"]
["Fri 23 Jan 2026 12:14:24 PM CET CODEXB_HV_ALT - Domain Created"]
["Fri 23 Jan 2026 12:14:34 PM CET fwFSMSrvr executing FwDeleteScripts - CODEXB_HV_ALT From: CXHV:Manager1(petersm@cxhv01)"]
["Fri 23 Jan 2026 12:14:34 PM CET CODEXB_HV_ALT - Object Scripts deleted"]
["Fri 23 Jan 2026 12:14:34 PM CET fwFSMSrvr executing FwCreateScripts - CODEXB_HV_ALT From: CXHV:Manager1(petersm@cxhv01)"]
["Fri 23 Jan 2026 12:14:34 PM CET CODEXB_HV_ALT - Object Scripts for Type FwDevMode Created"]
["Fri 23 Jan 2026 12:14:34 PM CET fwFSMSrvr executing FwCreateDomain - CODEXB_HV_ALT From: CXHV:Manager1(petersm@cxhv01)"]
["Fri 23 Jan 2026 12:14:34 PM CET CODEXB_HV_ALT - Domain Created"]
["Fri 23 Jan 2026 12:14:43 PM CET fwFSMSrvr executing FwDeleteScripts - CODEXB_HV_ALT From: CXHV:Manager1(petersm@cxhv01)"]
["Fri 23 Jan 2026 12:14:43 PM CET CODEXB_HV_ALT - Object Scripts deleted"]
["Fri 23 Jan 2026 12:14:43 PM CET fwFSMSrvr executing FwCreateScripts - CODEXB_HV_ALT From: CXHV:Manager1(petersm@cxhv01)"]
["Fri 23 Jan 2026 12:14:43 PM CET CODEXB_HV_ALT - Object Scripts for Type FwDevMode Created"]
["Fri 23 Jan 2026 12:14:43 PM CET fwFSMSrvr executing FwCreateDomain - CODEXB_HV_ALT From: CXHV:Manager1(petersm@cxhv01)"]
["Fri 23 Jan 2026 12:14:43 PM CET CODEXB_HV_ALT - Domain Created"]
["Fri 23 Jan 2026 12:15:35 PM CET fwFSMSrvr executing FwDeleteScripts - CODEXB_HV_ALT From: CXHV:Manager1(petersm@cxhv01)"]
["Fri 23 Jan 2026 12:15:35 PM CET CODEXB_HV_ALT - Object Scripts deleted"]
["Fri 23 Jan 2026 12:15:35 PM CET fwFSMSrvr executing FwCreateScripts - CODEXB_HV_ALT From: CXHV:Manager1(petersm@cxhv01)"]
["Fri 23 Jan 2026 12:15:35 PM CET CODEXB_HV_ALT - Object Scripts for Type FwDevMode Created"]
["Fri 23 Jan 2026 12:15:35 PM CET fwFSMSrvr executing FwCreateScripts - CODEXB_HV_ALT From: CXHV:Manager1(petersm@cxhv01)"]
["Fri 23 Jan 2026 12:15:35 PM CET CODEXB_HV_ALT - Object Scripts for Type FwCaenChannelA1580Default Created"]
["Fri 23 Jan 2026 12:15:35 PM CET fwFSMSrvr executing FwCreateDomain - CODEXB_HV_ALT From: CXHV:Manager1(petersm@cxhv01)"]
["Fri 23 Jan 2026 12:15:35 PM CET CODEXB_HV_ALT - Domain Created"]
["Fri 23 Jan 2026 12:15:52 PM CET fwFSMSrvr executing FwDeleteScripts - CODEXB_HV_ALT From: CXHV:Manager1(petersm@cxhv01)"]
["Fri 23 Jan 2026 12:15:52 PM CET CODEXB_HV_ALT - Object Scripts deleted"]
["Fri 23 Jan 2026 12:15:52 PM CET fwFSMSrvr executing FwCreateScripts - CODEXB_HV_ALT From: CXHV:Manager1(petersm@cxhv01)"]
["Fri 23 Jan 2026 12:15:52 PM CET CODEXB_HV_ALT - Object Scripts for Type FwDevMode Created"]
["Fri 23 Jan 2026 12:15:52 PM CET fwFSMSrvr executing FwCreateScripts - CODEXB_HV_ALT From: CXHV:Manager1(petersm@cxhv01)"]
["Fri 23 Jan 2026 12:15:52 PM CET CODEXB_HV_ALT - Object Scripts for Type FwCaenChannelA1580Default Created"]
["Fri 23 Jan 2026 12:15:52 PM CET fwFSMSrvr executing FwCreateDomain - CODEXB_HV_ALT From: CXHV:Manager1(petersm@cxhv01)"]
["Fri 23 Jan 2026 12:15:52 PM CET CODEXB_HV_ALT - Domain Created"]
["Fri 23 Jan 2026 12:16:21 PM CET fwFSMSrvr executing FwDeleteScripts - CODEXB_HV_ALT From: CXHV:Manager1(petersm@cxhv01)"]
["Fri 23 Jan 2026 12:16:21 PM CET CODEXB_HV_ALT - Object Scripts deleted"]
["Fri 23 Jan 2026 12:16:21 PM CET fwFSMSrvr executing FwCreateScripts - CODEXB_HV_ALT From: CXHV:Manager1(petersm@cxhv01)"]
["Fri 23 Jan 2026 12:16:21 PM CET CODEXB_HV_ALT - Object Scripts for Type FwDevMode Created"]
["Fri 23 Jan 2026 12:16:21 PM CET fwFSMSrvr executing FwCreateScripts - CODEXB_HV_ALT From: CXHV:Manager1(petersm@cxhv01)"]
["Fri 23 Jan 2026 12:16:21 PM CET CODEXB_HV_ALT - Object Scripts for Type FwCaenChannelA1580Default Created"]
["Fri 23 Jan 2026 12:16:21 PM CET fwFSMSrvr executing FwCreateDomain - CODEXB_HV_ALT From: CXHV:Manager1(petersm@cxhv01)"]
["Fri 23 Jan 2026 12:16:21 PM CET CODEXB_HV_ALT - Domain Created"]
["Fri 23 Jan 2026 12:16:40 PM CET fwFSMSrvr executing FwDeleteScripts - CODEXB_HV_ALT From: CXHV:Manager1(petersm@cxhv01)"]
["Fri 23 Jan 2026 12:16:40 PM CET CODEXB_HV_ALT - Object Scripts deleted"]
["Fri 23 Jan 2026 12:16:40 PM CET fwFSMSrvr executing FwCreateScripts - CODEXB_HV_ALT From: CXHV:Manager1(petersm@cxhv01)"]
["Fri 23 Jan 2026 12:16:40 PM CET CODEXB_HV_ALT - Object Scripts for Type FwDevMode Created"]
["Fri 23 Jan 2026 12:16:40 PM CET fwFSMSrvr executing FwCreateScripts - CODEXB_HV_ALT From: CXHV:Manager1(petersm@cxhv01)"]
["Fri 23 Jan 2026 12:16:40 PM CET CODEXB_HV_ALT - Object Scripts for Type FwCaenChannelA1580Default Created"]
["Fri 23 Jan 2026 12:16:40 PM CET fwFSMSrvr executing FwCreateDomain - CODEXB_HV_ALT From: CXHV:Manager1(petersm@cxhv01)"]
["Fri 23 Jan 2026 12:16:41 PM CET CODEXB_HV_ALT - Domain Created"]
["Fri 23 Jan 2026 12:18:06 PM CET fwFSMSrvr executing FwDeleteScripts - CODEXB_HV_ALT From: CXHV:Manager1(petersm@cxhv01)"]
["Fri 23 Jan 2026 12:18:06 PM CET CODEXB_HV_ALT - Object Scripts deleted"]
["Fri 23 Jan 2026 12:18:07 PM CET fwFSMSrvr executing FwCreateScripts - CODEXB_HV_ALT From: CXHV:Manager1(petersm@cxhv01)"]
["Fri 23 Jan 2026 12:18:07 PM CET CODEXB_HV_ALT - Object Scripts for Type FwDevMode Created"]
["Fri 23 Jan 2026 12:18:07 PM CET fwFSMSrvr executing FwCreateDomain - CODEXB_HV_ALT From: CXHV:Manager1(petersm@cxhv01)"]
["Fri 23 Jan 2026 12:18:07 PM CET CODEXB_HV_ALT - Domain Created"]
["Fri 23 Jan 2026 12:18:22 PM CET fwFSMSrvr executing FwDeleteScripts - CODEXB_HV_ALT From: CXHV:Manager1(petersm@cxhv01)"]
["Fri 23 Jan 2026 12:18:22 PM CET CODEXB_HV_ALT - Object Scripts deleted"]
["Fri 23 Jan 2026 12:18:23 PM CET fwFSMSrvr executing FwCreateScripts - CODEXB_HV_ALT From: CXHV:Manager1(petersm@cxhv01)"]
["Fri 23 Jan 2026 12:18:23 PM CET CODEXB_HV_ALT - Object Scripts for Type FwDevMode Created"]
["Fri 23 Jan 2026 12:18:23 PM CET fwFSMSrvr executing FwCreateScripts - CODEXB_HV_ALT From: CXHV:Manager1(petersm@cxhv01)"]
["Fri 23 Jan 2026 12:18:23 PM CET CODEXB_HV_ALT - Object Scripts for Type FwCaenChannelA1580Default Created"]
["Fri 23 Jan 2026 12:18:23 PM CET fwFSMSrvr executing FwCreateDomain - CODEXB_HV_ALT From: CXHV:Manager1(petersm@cxhv01)"]
["Fri 23 Jan 2026 12:18:23 PM CET CODEXB_HV_ALT - Domain Created"]
["Fri 23 Jan 2026 12:18:43 PM CET fwFSMSrvr executing FwDeleteScripts - CODEXB_HV_ALT From: CXHV:Manager1(petersm@cxhv01)"]
["Fri 23 Jan 2026 12:18:43 PM CET CODEXB_HV_ALT - Object Scripts deleted"]
["Fri 23 Jan 2026 12:18:43 PM CET fwFSMSrvr executing FwCreateScripts - CODEXB_HV_ALT From: CXHV:Manager1(petersm@cxhv01)"]
["Fri 23 Jan 2026 12:18:43 PM CET CODEXB_HV_ALT - Object Scripts for Type FwDevMode Created"]
["Fri 23 Jan 2026 12:18:43 PM CET fwFSMSrvr executing FwCreateScripts - CODEXB_HV_ALT From: CXHV:Manager1(petersm@cxhv01)"]
["Fri 23 Jan 2026 12:18:43 PM CET CODEXB_HV_ALT - Object Scripts for Type FwCaenChannelA1580Default Created"]
["Fri 23 Jan 2026 12:18:43 PM CET fwFSMSrvr executing FwCreateDomain - CODEXB_HV_ALT From: CXHV:Manager1(petersm@cxhv01)"]
["Fri 23 Jan 2026 12:18:43 PM CET CODEXB_HV_ALT - Domain Created"]
["Fri 23 Jan 2026 12:19:07 PM CET fwFSMSrvr executing FwDeleteScripts - CODEXB_HV_ALT From: CXHV:Manager1(petersm@cxhv01)"]
["Fri 23 Jan 2026 12:19:07 PM CET CODEXB_HV_ALT - Object Scripts deleted"]
["Fri 23 Jan 2026 12:19:07 PM CET fwFSMSrvr executing FwCreateScripts - CODEXB_HV_ALT From: CXHV:Manager1(petersm@cxhv01)"]
["Fri 23 Jan 2026 12:19:07 PM CET CODEXB_HV_ALT - Object Scripts for Type FwDevMode Created"]
["Fri 23 Jan 2026 12:19:07 PM CET fwFSMSrvr executing FwCreateScripts - CODEXB_HV_ALT From: CXHV:Manager1(petersm@cxhv01)"]
["Fri 23 Jan 2026 12:19:07 PM CET CODEXB_HV_ALT - Object Scripts for Type FwCaenChannelA1580Default Created"]
["Fri 23 Jan 2026 12:19:07 PM CET fwFSMSrvr executing FwCreateDomain - CODEXB_HV_ALT From: CXHV:Manager1(petersm@cxhv01)"]
["Fri 23 Jan 2026 12:19:07 PM CET CODEXB_HV_ALT - Domain Created"]
["Fri 23 Jan 2026 12:19:25 PM CET fwFSMSrvr executing FwDeleteScripts - CODEXB_HV_ALT From: CXHV:Manager1(petersm@cxhv01)"]
["Fri 23 Jan 2026 12:19:25 PM CET CODEXB_HV_ALT - Object Scripts deleted"]
["Fri 23 Jan 2026 12:19:25 PM CET fwFSMSrvr executing FwCreateScripts - CODEXB_HV_ALT From: CXHV:Manager1(petersm@cxhv01)"]
["Fri 23 Jan 2026 12:19:25 PM CET CODEXB_HV_ALT - Object Scripts for Type FwDevMode Created"]
["Fri 23 Jan 2026 12:19:25 PM CET fwFSMSrvr executing FwCreateScripts - CODEXB_HV_ALT From: CXHV:Manager1(petersm@cxhv01)"]
["Fri 23 Jan 2026 12:19:25 PM CET CODEXB_HV_ALT - Object Scripts for Type FwCaenChannelA1580Default Created"]
["Fri 23 Jan 2026 12:19:25 PM CET fwFSMSrvr executing FwCreateScripts - CODEXB_HV_ALT From: CXHV:Manager1(petersm@cxhv01)"]
["Fri 23 Jan 2026 12:19:25 PM CET CODEXB_HV_ALT - Object Scripts for Type FwCaenChannelDefault Created"]
["Fri 23 Jan 2026 12:19:25 PM CET fwFSMSrvr executing FwCreateDomain - CODEXB_HV_ALT From: CXHV:Manager1(petersm@cxhv01)"]
["Fri 23 Jan 2026 12:19:26 PM CET CODEXB_HV_ALT - Domain Created"]
["Fri 23 Jan 2026 12:19:46 PM CET fwFSMSrvr executing FwDeleteScripts - CODEXB_HV_ALT From: CXHV:Manager1(petersm@cxhv01)"]
["Fri 23 Jan 2026 12:19:46 PM CET CODEXB_HV_ALT - Object Scripts deleted"]
["Fri 23 Jan 2026 12:19:46 PM CET fwFSMSrvr executing FwCreateScripts - CODEXB_HV_ALT From: CXHV:Manager1(petersm@cxhv01)"]
["Fri 23 Jan 2026 12:19:46 PM CET CODEXB_HV_ALT - Object Scripts for Type FwDevMode Created"]
["Fri 23 Jan 2026 12:19:46 PM CET fwFSMSrvr executing FwCreateScripts - CODEXB_HV_ALT From: CXHV:Manager1(petersm@cxhv01)"]
["Fri 23 Jan 2026 12:19:46 PM CET CODEXB_HV_ALT - Object Scripts for Type FwCaenChannelA1580Default Created"]
["Fri 23 Jan 2026 12:19:46 PM CET fwFSMSrvr executing FwCreateScripts - CODEXB_HV_ALT From: CXHV:Manager1(petersm@cxhv01)"]
["Fri 23 Jan 2026 12:19:46 PM CET CODEXB_HV_ALT - Object Scripts for Type FwCaenChannelDefault Created"]
["Fri 23 Jan 2026 12:19:46 PM CET fwFSMSrvr executing FwCreateDomain - CODEXB_HV_ALT From: CXHV:Manager1(petersm@cxhv01)"]
["Fri 23 Jan 2026 12:19:46 PM CET CODEXB_HV_ALT - Domain Created"]
["Fri 23 Jan 2026 12:20:10 PM CET fwFSMSrvr executing FwDeleteScripts - CODEXB_HV_ALT From: CXHV:Manager2(petersm@cxhv01)"]
["Fri 23 Jan 2026 12:20:10 PM CET CODEXB_HV_ALT - Object Scripts deleted"]
["Fri 23 Jan 2026 12:20:10 PM CET fwFSMSrvr executing FwCreateScripts - CODEXB_HV_ALT From: CXHV:Manager2(petersm@cxhv01)"]
["Fri 23 Jan 2026 12:20:10 PM CET CODEXB_HV_ALT - Object Scripts for Type FwDevMode Created"]
["Fri 23 Jan 2026 12:20:10 PM CET fwFSMSrvr executing FwCreateScripts - CODEXB_HV_ALT From: CXHV:Manager2(petersm@cxhv01)"]
["Fri 23 Jan 2026 12:20:10 PM CET CODEXB_HV_ALT - Object Scripts for Type FwCaenChannelA1580Default Created"]
["Fri 23 Jan 2026 12:20:10 PM CET fwFSMSrvr executing FwCreateScripts - CODEXB_HV_ALT From: CXHV:Manager2(petersm@cxhv01)"]
["Fri 23 Jan 2026 12:20:10 PM CET CODEXB_HV_ALT - Object Scripts for Type FwCaenChannelDefault Created"]
["Fri 23 Jan 2026 12:20:10 PM CET fwFSMSrvr executing FwCreateScripts - CODEXB_HV_ALT From: CXHV:Manager2(petersm@cxhv01)"]
["Fri 23 Jan 2026 12:20:10 PM CET CODEXB_HV_ALT - Object Scripts for Type FwFSMConfDB_HV Created"]
["Fri 23 Jan 2026 12:20:10 PM CET fwFSMSrvr executing FwCreateDomain - CODEXB_HV_ALT From: CXHV:Manager2(petersm@cxhv01)"]
["Fri 23 Jan 2026 12:20:10 PM CET CODEXB_HV_ALT - Domain Created"]
["Fri 23 Jan 2026 12:22:11 PM CET fwFSMSrvr executing FwRestartAllDomains From: CXHV:Manager1(petersm@cxhv01)"]
["Fri 23 Jan 2026 12:22:11 PM CET DIM_DNS_NODE = cxhv01"]
2026.01.23 12:22:11.842["WCCOAsmi started"]
2026.01.23 12:22:11.852["Copying /opt/winccoa_projects/CXHV/log//smiSM_CODEXB_HV.log.bak-4 to /opt/winccoa_projects/CXHV/log//smiSM_CODEXB_HV.log.bak-5"]
2026.01.23 12:22:11.855["Copying /opt/winccoa_projects/CXHV/log//smiSM_CODEXB_HV.log.bak-3 to /opt/winccoa_projects/CXHV/log//smiSM_CODEXB_HV.log.bak-4"]
2026.01.23 12:22:11.857["Copying /opt/winccoa_projects/CXHV/log//smiSM_CODEXB_HV.log.bak-2 to /opt/winccoa_projects/CXHV/log//smiSM_CODEXB_HV.log.bak-3"]
2026.01.23 12:22:11.859["Copying /opt/winccoa_projects/CXHV/log//smiSM_CODEXB_HV.log.bak-1 to /opt/winccoa_projects/CXHV/log//smiSM_CODEXB_HV.log.bak-2"]
2026.01.23 12:22:11.861["Copying /opt/winccoa_projects/CXHV/log//smiSM_CODEXB_HV.log.bak to /opt/winccoa_projects/CXHV/log//smiSM_CODEXB_HV.log.bak-1"]
2026.01.23 12:22:11.862["Copying /opt/winccoa_projects/CXHV/log//smiSM_CODEXB_HV.log to /opt/winccoa_projects/CXHV/log//smiSM_CODEXB_HV.log.bak"]
2026.01.23 12:22:11.868["************ Domain Stopped"]["CODEXB_HV"]["DEAD"]
2026.01.23 12:22:11.920["Copying /opt/winccoa_projects/CXHV/log//smiSM_CODEXB_HV_ALT.log.bak-2 to /opt/winccoa_projects/CXHV/log//smiSM_CODEXB_HV_ALT.log.bak-3"]
2026.01.23 12:22:11.922["Copying /opt/winccoa_projects/CXHV/log//smiSM_CODEXB_HV_ALT.log.bak-1 to /opt/winccoa_projects/CXHV/log//smiSM_CODEXB_HV_ALT.log.bak-2"]
2026.01.23 12:22:11.924["Copying /opt/winccoa_projects/CXHV/log//smiSM_CODEXB_HV_ALT.log.bak to /opt/winccoa_projects/CXHV/log//smiSM_CODEXB_HV_ALT.log.bak-1"]
2026.01.23 12:22:11.926["Copying /opt/winccoa_projects/CXHV/log//smiSM_CODEXB_HV_ALT.log to /opt/winccoa_projects/CXHV/log//smiSM_CODEXB_HV_ALT.log.bak"]
2026.01.23 12:22:11.932["************ Domain Stopped"]["CODEXB_HV_ALT"]["DEAD"]
2026.01.23 12:22:12.953["************ Domain Running"]["CODEXB_HV_ALT"]["EXCLUDED"]
2026.01.23 12:22:12.953["************ Domain Running"]["CODEXB_HV"]["EXCLUDED"]
["Fri 23 Jan 2026 12:22:47 PM CET fwFSMSrvr executing FwStopAllDomains From: CXHV:Manager1(petersm@cxhv01)"]
2026.01.23 12:22:48.420["************ Domain Stopped"]["CODEXB_HV"]["DEAD"]
2026.01.23 12:22:48.472["************ Domain Stopped"]["CODEXB_HV_ALT"]["DEAD"]
2026.01.23 12:22:52.478["WCCOAsmi stopped"]
["Fri 23 Jan 2026 12:22:54 PM CET fwFSMSrvr executing FwRestartAllDomains From: CXHV:Manager1(petersm@cxhv01)"]
["Fri 23 Jan 2026 12:22:54 PM CET DIM_DNS_NODE = cxhv01"]
2026.01.23 12:22:54.646["WCCOAsmi started"]
2026.01.23 12:22:54.654["Copying /opt/winccoa_projects/CXHV/log//smiSM_CODEXB_HV.log.bak-4 to /opt/winccoa_projects/CXHV/log//smiSM_CODEXB_HV.log.bak-5"]
2026.01.23 12:22:54.656["Copying /opt/winccoa_projects/CXHV/log//smiSM_CODEXB_HV.log.bak-3 to /opt/winccoa_projects/CXHV/log//smiSM_CODEXB_HV.log.bak-4"]
2026.01.23 12:22:54.658["Copying /opt/winccoa_projects/CXHV/log//smiSM_CODEXB_HV.log.bak-2 to /opt/winccoa_projects/CXHV/log//smiSM_CODEXB_HV.log.bak-3"]
2026.01.23 12:22:54.660["Copying /opt/winccoa_projects/CXHV/log//smiSM_CODEXB_HV.log.bak-1 to /opt/winccoa_projects/CXHV/log//smiSM_CODEXB_HV.log.bak-2"]
2026.01.23 12:22:54.661["Copying /opt/winccoa_projects/CXHV/log//smiSM_CODEXB_HV.log.bak to /opt/winccoa_projects/CXHV/log//smiSM_CODEXB_HV.log.bak-1"]
2026.01.23 12:22:54.663["Copying /opt/winccoa_projects/CXHV/log//smiSM_CODEXB_HV.log to /opt/winccoa_projects/CXHV/log//smiSM_CODEXB_HV.log.bak"]
2026.01.23 12:22:54.670["************ Domain Stopped"]["CODEXB_HV"]["DEAD"]
2026.01.23 12:22:54.722["Copying /opt/winccoa_projects/CXHV/log//smiSM_CODEXB_HV_ALT.log.bak-3 to /opt/winccoa_projects/CXHV/log//smiSM_CODEXB_HV_ALT.log.bak-4"]
2026.01.23 12:22:54.724["Copying /opt/winccoa_projects/CXHV/log//smiSM_CODEXB_HV_ALT.log.bak-2 to /opt/winccoa_projects/CXHV/log//smiSM_CODEXB_HV_ALT.log.bak-3"]
2026.01.23 12:22:54.727["Copying /opt/winccoa_projects/CXHV/log//smiSM_CODEXB_HV_ALT.log.bak-1 to /opt/winccoa_projects/CXHV/log//smiSM_CODEXB_HV_ALT.log.bak-2"]
2026.01.23 12:22:54.728["Copying /opt/winccoa_projects/CXHV/log//smiSM_CODEXB_HV_ALT.log.bak to /opt/winccoa_projects/CXHV/log//smiSM_CODEXB_HV_ALT.log.bak-1"]
2026.01.23 12:22:54.730["Copying /opt/winccoa_projects/CXHV/log//smiSM_CODEXB_HV_ALT.log to /opt/winccoa_projects/CXHV/log//smiSM_CODEXB_HV_ALT.log.bak"]
2026.01.23 12:22:54.736["************ Domain Stopped"]["CODEXB_HV_ALT"]["DEAD"]
2026.01.23 12:22:55.746["************ Domain Running"]["CODEXB_HV_ALT"]["EXCLUDED"]
2026.01.23 12:22:55.797["************ Domain Running"]["CODEXB_HV"]["EXCLUDED"]
["Fri 23 Jan 2026 12:23:21 PM CET fwFSMSrvr executing FwStopAllDomains From: CXHV:Manager1(petersm@cxhv01)"]
2026.01.23 12:23:22.257["************ Domain Stopped"]["CODEXB_HV"]["DEAD"]
2026.01.23 12:23:22.308["************ Domain Stopped"]["CODEXB_HV_ALT"]["DEAD"]
2026.01.23 12:23:26.315["WCCOAsmi stopped"]
