2026.01.21 16:37:16.783["System Name: CXHV: System Number: 1401 - FwFsm: version is 3503"]
2026.01.21 16:37:17.793["Starting devices for: CXHV"]
["INFO: Initializing connection to recipe caches  for SMI++ Domain: CXHV"]
2026.01.21 16:41:46.877["Stopping devices for: CXHV"]
2026.01.21 16:41:48.108["Starting devices for: CXHV"]
["INFO: Initializing connection to recipe caches  for SMI++ Domain: CXHV"]
2026.01.21 16:42:52.427["System Name: CXHV: System Number: 1401 - FwFsm: version is 3503"]
2026.01.21 16:42:53.433["Starting devices for: CXHV"]
["INFO: Initializing connection to recipe caches  for SMI++ Domain: CXHV"]
2026.01.21 16:43:52.568["Stopping devices for: CXHV"]
2026.01.21 16:43:54.506["Starting devices for: CXHV"]
["INFO: Initializing connection to recipe caches  for SMI++ Domain: CXHV"]
2026.01.21 16:52:42.860["System Name: CXHV: System Number: 1401 - FwFsm: version is 3503"]
2026.01.21 16:52:43.864["Starting devices for: CXHV"]
["INFO: Initializing connection to recipe caches  for SMI++ Domain: CXHV"]
2026.01.21 16:54:26.225["System Name: CXHV: System Number: 1401 - FwFsm: version is 3503"]
2026.01.21 16:54:27.230["Starting devices for: CXHV"]
["INFO: Initializing connection to recipe caches  for SMI++ Domain: CXHV"]
2026.01.21 16:55:41.397["Stopping devices for: CXHV"]
2026.01.21 16:55:43.319["Starting devices for: CXHV"]
["INFO: Initializing connection to recipe caches  for SMI++ Domain: CXHV"]
2026.01.22 10:31:46.654["System Name: CXHV: System Number: 1401 - FwFsm: version is 3503"]
2026.01.22 10:31:47.659["Starting devices for: CODEXB_HV"]
["ERROR: fwFSMConfDB_getDomainConfigurator() -> No configurator found in domain: CODEXB_HV"]
["ERROR: fwFSMConfDB_getCache() -> Could not find recipe: FwFSMConfDB/CODEXB_HV/DEFAULT/Go_READY. Aborting..."]
2026.01.22 10:37:04.334["Stopping devices for: CODEXB_HV"]
2026.01.22 10:37:07.029["Starting devices for: CODEXB_HV"]
2026.01.22 10:37:38.539["System Name: CXHV: System Number: 1401 - FwFsm: version is 3503"]
2026.01.22 10:37:39.544["Starting devices for: CODEXB_HV"]
["INFO: Initializing connection to recipe caches  for SMI++ Domain: CODEXB_HV"]
["INFO: Configurator in FSM Domain: CODEXB_HV loading mode: PHYSICS"]
["INFO: fwFSMConfDB_cacheAllRecipesForMode() -> Accessing internal caches to load all recipes."]
["INFO::Loading recipe: PHYSICS/Go_STANDBY1 for domain: CODEXB_HV. Please wait..."]
["INFO::Loading recipe: PHYSICS/Go_STANDBY2 for domain: CODEXB_HV. Please wait..."]
["INFO::Loading recipe: PHYSICS/Go_READY for domain: CODEXB_HV. Please wait..."]
["ERROR: fwFSMConfDB_getCache() -> Could not find recipe: FwFSMConfDB/CODEXB_HV/DEFAULT/Go_STANDBY1. Aborting..."]
["ERROR: fwFSMConfDB_getCache() -> Could not find recipe: FwFSMConfDB/CODEXB_HV/DEFAULT/Go_STANDBY1. Aborting..."]
["INFO: Configurator in FSM Domain: CODEXB_HV loading mode: PHYSICS"]
["INFO: Recipes for mode: PHYSICS already loaded."]
["ERROR: fwFSMConfDB_getCache() -> Could not find recipe: FwFSMConfDB/CODEXB_HV/DEFAULT/Go_STANDBY1. Aborting..."]
["ERROR: fwFSMConfDB_getCache() -> Could not find recipe: FwFSMConfDB/CODEXB_HV/DEFAULT/Go_STANDBY1. Aborting..."]
["ERROR: fwFSMConfDB_getCache() -> Could not find recipe: FwFSMConfDB/CODEXB_HV/DEFAULT/Go_STANDBY1. Aborting..."]
["ERROR: fwFSMConfDB_getCache() -> Could not find recipe: FwFSMConfDB/CODEXB_HV/DEFAULT/Go_STANDBY1. Aborting..."]
["ERROR: fwFSMConfDB_getCache() -> Could not find recipe: FwFSMConfDB/CODEXB_HV/DEFAULT/Go_STANDBY1. Aborting..."]
["ERROR: fwFSMConfDB_getCache() -> Could not find recipe: FwFSMConfDB/CODEXB_HV/DEFAULT/Go_STANDBY1. Aborting..."]
["ERROR: fwFSMConfDB_getCache() -> Could not find recipe: FwFSMConfDB/CODEXB_HV/DEFAULT/Go_STANDBY1. Aborting..."]
["ERROR: fwFSMConfDB_getCache() -> Could not find recipe: FwFSMConfDB/CODEXB_HV/DEFAULT/Go_STANDBY1. Aborting..."]
["ERROR: fwFSMConfDB_getCache() -> Could not find recipe: FwFSMConfDB/CODEXB_HV/DEFAULT/Go_STANDBY1. Aborting..."]
["ERROR: fwFSMConfDB_getCache() -> Could not find recipe: FwFSMConfDB/CODEXB_HV/DEFAULT/Go_STANDBY1. Aborting..."]
["ERROR: fwFSMConfDB_getCache() -> Could not find recipe: FwFSMConfDB/CODEXB_HV/DEFAULT/Go_STANDBY1. Aborting..."]
["ERROR: fwFSMConfDB_getCache() -> Could not find recipe: FwFSMConfDB/CODEXB_HV/DEFAULT/Go_STANDBY1. Aborting..."]
["ERROR: fwFSMConfDB_getCache() -> Could not find recipe: FwFSMConfDB/CODEXB_HV/DEFAULT/Go_STANDBY1. Aborting..."]
["ERROR: fwFSMConfDB_getCache() -> Could not find recipe: FwFSMConfDB/CODEXB_HV/DEFAULT/Go_STANDBY1. Aborting..."]
["ERROR: fwFSMConfDB_getCache() -> Could not find recipe: FwFSMConfDB/CODEXB_HV/DEFAULT/Go_STANDBY1. Aborting..."]
["ERROR: fwFSMConfDB_getCache() -> Could not find recipe: FwFSMConfDB/CODEXB_HV/DEFAULT/Go_STANDBY1. Aborting..."]
["INFO: Configurator in FSM Domain: CODEXB_HV loading mode: PHYSICS"]
["INFO: Recipes for mode: PHYSICS already loaded."]
["ERROR: fwFSMConfDB_getCache() -> Could not find recipe: FwFSMConfDB/CODEXB_HV/DEFAULT/Go_STANDBY2. Aborting..."]
["ERROR: fwFSMConfDB_getCache() -> Could not find recipe: FwFSMConfDB/CODEXB_HV/DEFAULT/Go_STANDBY2. Aborting..."]
["ERROR: fwFSMConfDB_getCache() -> Could not find recipe: FwFSMConfDB/CODEXB_HV/DEFAULT/Go_STANDBY2. Aborting..."]
["ERROR: fwFSMConfDB_getCache() -> Could not find recipe: FwFSMConfDB/CODEXB_HV/DEFAULT/Go_STANDBY2. Aborting..."]
["ERROR: fwFSMConfDB_getCache() -> Could not find recipe: FwFSMConfDB/CODEXB_HV/DEFAULT/Go_STANDBY2. Aborting..."]
["ERROR: fwFSMConfDB_getCache() -> Could not find recipe: FwFSMConfDB/CODEXB_HV/DEFAULT/Go_STANDBY2. Aborting..."]
["ERROR: fwFSMConfDB_getCache() -> Could not find recipe: FwFSMConfDB/CODEXB_HV/DEFAULT/Go_STANDBY2. Aborting..."]
["ERROR: fwFSMConfDB_getCache() -> Could not find recipe: FwFSMConfDB/CODEXB_HV/DEFAULT/Go_STANDBY2. Aborting..."]
["ERROR: fwFSMConfDB_getCache() -> Could not find recipe: FwFSMConfDB/CODEXB_HV/DEFAULT/Go_STANDBY2. Aborting..."]
["ERROR: fwFSMConfDB_getCache() -> Could not find recipe: FwFSMConfDB/CODEXB_HV/DEFAULT/Go_STANDBY2. Aborting..."]
["ERROR: fwFSMConfDB_getCache() -> Could not find recipe: FwFSMConfDB/CODEXB_HV/DEFAULT/Go_STANDBY2. Aborting..."]
["ERROR: fwFSMConfDB_getCache() -> Could not find recipe: FwFSMConfDB/CODEXB_HV/DEFAULT/Go_STANDBY2. Aborting..."]
["ERROR: fwFSMConfDB_getCache() -> Could not find recipe: FwFSMConfDB/CODEXB_HV/DEFAULT/Go_STANDBY2. Aborting..."]
["ERROR: fwFSMConfDB_getCache() -> Could not find recipe: FwFSMConfDB/CODEXB_HV/DEFAULT/Go_STANDBY2. Aborting..."]
["ERROR: fwFSMConfDB_getCache() -> Could not find recipe: FwFSMConfDB/CODEXB_HV/DEFAULT/Go_STANDBY2. Aborting..."]
["ERROR: fwFSMConfDB_getCache() -> Could not find recipe: FwFSMConfDB/CODEXB_HV/DEFAULT/Go_STANDBY2. Aborting..."]
["INFO: Configurator in FSM Domain: CODEXB_HV loading mode: PHYSICS"]
["INFO: fwFSMConfDB_cacheAllRecipesForMode() -> Accessing internal caches to load all recipes."]
["INFO::Loading recipe: PHYSICS/Go_STANDBY1 for domain: CODEXB_HV. Please wait..."]
["INFO::Loading recipe: PHYSICS/Go_STANDBY2 for domain: CODEXB_HV. Please wait..."]
["INFO::Loading recipe: PHYSICS/Go_READY for domain: CODEXB_HV. Please wait..."]
["INFO: Configurator in FSM Domain: CODEXB_HV loading mode: PHYSICS"]
["INFO: fwFSMConfDB_cacheAllRecipesForMode() -> Accessing internal caches to load all recipes."]
["INFO::Loading recipe: PHYSICS/Go_STANDBY1 for domain: CODEXB_HV. Please wait..."]
["INFO::Loading recipe: PHYSICS/Go_STANDBY2 for domain: CODEXB_HV. Please wait..."]
["INFO::Loading recipe: PHYSICS/Go_READY for domain: CODEXB_HV. Please wait..."]
["ERROR: fwFSMConfDB_getCache() -> Could not find recipe: FwFSMConfDB/CODEXB_HV/DEFAULT/Go_STANDBY1. Aborting..."]
["ERROR: fwFSMConfDB_getCache() -> Could not find recipe: FwFSMConfDB/CODEXB_HV/DEFAULT/Go_STANDBY1. Aborting..."]
["ERROR: fwFSMConfDB_getCache() -> Could not find recipe: FwFSMConfDB/CODEXB_HV/DEFAULT/Go_STANDBY1. Aborting..."]
["ERROR: fwFSMConfDB_getCache() -> Could not find recipe: FwFSMConfDB/CODEXB_HV/DEFAULT/Go_STANDBY1. Aborting..."]
["ERROR: fwFSMConfDB_getCache() -> Could not find recipe: FwFSMConfDB/CODEXB_HV/DEFAULT/Go_STANDBY1. Aborting..."]
["ERROR: fwFSMConfDB_getCache() -> Could not find recipe: FwFSMConfDB/CODEXB_HV/DEFAULT/Go_STANDBY1. Aborting..."]
["ERROR: fwFSMConfDB_getCache() -> Could not find recipe: FwFSMConfDB/CODEXB_HV/DEFAULT/Go_STANDBY1. Aborting..."]
["ERROR: fwFSMConfDB_getCache() -> Could not find recipe: FwFSMConfDB/CODEXB_HV/DEFAULT/Go_STANDBY1. Aborting..."]
["ERROR: fwFSMConfDB_getCache() -> Could not find recipe: FwFSMConfDB/CODEXB_HV/DEFAULT/Go_STANDBY1. Aborting..."]
["ERROR: fwFSMConfDB_getCache() -> Could not find recipe: FwFSMConfDB/CODEXB_HV/DEFAULT/Go_STANDBY1. Aborting..."]
["ERROR: fwFSMConfDB_getCache() -> Could not find recipe: FwFSMConfDB/CODEXB_HV/DEFAULT/Go_STANDBY1. Aborting..."]
["ERROR: fwFSMConfDB_getCache() -> Could not find recipe: FwFSMConfDB/CODEXB_HV/DEFAULT/Go_STANDBY1. Aborting..."]
["ERROR: fwFSMConfDB_getCache() -> Could not find recipe: FwFSMConfDB/CODEXB_HV/DEFAULT/Go_STANDBY1. Aborting..."]
["ERROR: fwFSMConfDB_getCache() -> Could not find recipe: FwFSMConfDB/CODEXB_HV/DEFAULT/Go_STANDBY1. Aborting..."]
["ERROR: fwFSMConfDB_getCache() -> Could not find recipe: FwFSMConfDB/CODEXB_HV/DEFAULT/Go_STANDBY1. Aborting..."]
["ERROR: fwFSMConfDB_getCache() -> Could not find recipe: FwFSMConfDB/CODEXB_HV/DEFAULT/Go_STANDBY1. Aborting..."]
["INFO: Configurator in FSM Domain: CODEXB_HV loading mode: PHYSICS"]
["INFO: fwFSMConfDB_cacheAllRecipesForMode() -> Accessing internal caches to load all recipes."]
["INFO::Loading recipe: PHYSICS/Go_STANDBY1 for domain: CODEXB_HV. Please wait..."]
["INFO::Loading recipe: PHYSICS/Go_STANDBY2 for domain: CODEXB_HV. Please wait..."]
["INFO::Loading recipe: PHYSICS/Go_READY for domain: CODEXB_HV. Please wait..."]
["WARNING : DPE CAEN/cxcaen01/board08/channel000.settings.v0 could not be found on the Recipe!"]
["WARNING : DPE CAEN/cxcaen01/board08/channel000.settings.v0 could not be found on the Recipe!"]
["WARNING : DPE CAEN/cxcaen01/board08/channel000.settings.v0 could not be found on the Recipe!"]
["WARNING : DPE CAEN/cxcaen01/board08/channel000.settings.v0 could not be found on the Recipe!"]
["WARNING : DPE CAEN/cxcaen01/board08/channel000.settings.v0 could not be found on the Recipe!"]
["WARNING : DPE CAEN/cxcaen01/board08/channel000.settings.v0 could not be found on the Recipe!"]
["WARNING : DPE CAEN/cxcaen01/board08/channel000.settings.v0 could not be found on the Recipe!"]
["WARNING : DPE CAEN/cxcaen01/board08/channel000.settings.v0 could not be found on the Recipe!"]
["WARNING : DPE CAEN/cxcaen01/board08/channel000.settings.v0 could not be found on the Recipe!"]
2026.01.22 11:25:42.097["Stopping devices for: CODEXB_HV"]
2026.01.22 11:57:45.446["System Name: CXHV: System Number: 1401 - FwFsm: version is 3503"]
2026.01.22 11:57:46.452["Starting devices for: CODEXB_HV"]
["INFO: Initializing connection to recipe caches  for SMI++ Domain: CODEXB_HV"]
["INFO: Configurator in FSM Domain: CODEXB_HV loading mode: PHYSICS"]
["INFO: fwFSMConfDB_cacheAllRecipesForMode() -> Accessing internal caches to load all recipes."]
["INFO::Loading recipe: PHYSICS/Go_STANDBY1 for domain: CODEXB_HV. Please wait..."]
["INFO::Loading recipe: PHYSICS/Go_STANDBY2 for domain: CODEXB_HV. Please wait..."]
["INFO::Loading recipe: PHYSICS/Go_READY for domain: CODEXB_HV. Please wait..."]
["INFO: Configurator in FSM Domain: CODEXB_HV loading mode: PHYSICS"]
["INFO: fwFSMConfDB_cacheAllRecipesForMode() -> Accessing internal caches to load all recipes."]
["INFO::Loading recipe: PHYSICS/Go_STANDBY1 for domain: CODEXB_HV. Please wait..."]
["INFO::Loading recipe: PHYSICS/Go_STANDBY2 for domain: CODEXB_HV. Please wait..."]
["INFO::Loading recipe: PHYSICS/Go_READY for domain: CODEXB_HV. Please wait..."]
2026.01.22 15:21:31.069["System Name: CXHV: System Number: 1401 - FwFsm: version is 3503"]
2026.01.22 15:21:32.074["Starting devices for: CODEXB_HV"]
["INFO: Initializing connection to recipe caches  for SMI++ Domain: CODEXB_HV"]
["INFO: Configurator in FSM Domain: CODEXB_HV loading mode: PHYSICS"]
["INFO: fwFSMConfDB_cacheAllRecipesForMode() -> Accessing internal caches to load all recipes."]
["INFO::Loading recipe: PHYSICS/Go_STANDBY1 for domain: CODEXB_HV. Please wait..."]
["INFO::Loading recipe: PHYSICS/Go_STANDBY2 for domain: CODEXB_HV. Please wait..."]
["INFO::Loading recipe: PHYSICS/Go_READY for domain: CODEXB_HV. Please wait..."]
["INFO: Configurator in FSM Domain: CODEXB_HV loading mode: PHYSICS"]
["INFO: Recipes for mode: PHYSICS already loaded."]
2026.01.22 15:26:20.192["Stopping devices for: CODEXB_HV"]
2026.01.22 15:26:22.415["Starting devices for: CODEXB_HV"]
["INFO: Initializing connection to recipe caches  for SMI++ Domain: CODEXB_HV"]
["INFO: Configurator in FSM Domain: CODEXB_HV loading mode: PHYSICS"]
["INFO: fwFSMConfDB_cacheAllRecipesForMode() -> Accessing internal caches to load all recipes."]
["INFO::Loading recipe: PHYSICS/Go_STANDBY1 for domain: CODEXB_HV. Please wait..."]
["INFO::Loading recipe: PHYSICS/Go_STANDBY2 for domain: CODEXB_HV. Please wait..."]
["INFO::Loading recipe: PHYSICS/Go_READY for domain: CODEXB_HV. Please wait..."]
["INFO: Configurator in FSM Domain: CODEXB_HV loading mode: PHYSICS"]
["INFO: Recipes for mode: PHYSICS already loaded."]
2026.01.23 11:25:31.561["System Name: CXHV: System Number: 1401 - FwFsm: version is 3503"]
2026.01.23 11:25:32.567["Starting devices for: CODEXB_HV"]
2026.01.23 11:25:32.567["Starting devices for: CODEXB_HV_ALT"]
["INFO: Initializing connection to recipe caches  for SMI++ Domain: CODEXB_HV"]
["INFO: Configurator in FSM Domain: CODEXB_HV loading mode: PHYSICS"]
["INFO: fwFSMConfDB_cacheAllRecipesForMode() -> Accessing internal caches to load all recipes."]
["INFO::Loading recipe: PHYSICS/Go_STANDBY1 for domain: CODEXB_HV. Please wait..."]
["INFO::Loading recipe: PHYSICS/Go_STANDBY2 for domain: CODEXB_HV. Please wait..."]
["INFO::Loading recipe: PHYSICS/Go_READY for domain: CODEXB_HV. Please wait..."]
2026.01.23 11:28:48.987["Stopping devices for: CODEXB_HV_ALT"]
2026.01.23 11:28:48.999["Stopping devices for: CODEXB_HV"]
2026.01.23 11:28:51.798["Starting devices for: CODEXB_HV"]
2026.01.23 11:28:51.798["Starting devices for: CODEXB_HV_ALT"]
["INFO: Initializing connection to recipe caches  for SMI++ Domain: CODEXB_HV"]
2026.01.23 11:30:33.018["Stopping devices for: CODEXB_HV_ALT"]
2026.01.23 11:30:33.033["Stopping devices for: CODEXB_HV"]
2026.01.23 11:30:34.921["Starting devices for: CODEXB_HV"]
2026.01.23 11:30:34.921["Starting devices for: CODEXB_HV_ALT"]
["INFO: Initializing connection to recipe caches  for SMI++ Domain: CODEXB_HV"]
2026.01.23 11:31:36.558["Stopping devices for: CODEXB_HV_ALT"]
2026.01.23 11:31:36.573["Stopping devices for: CODEXB_HV"]
2026.01.23 11:31:38.997["Starting devices for: CODEXB_HV"]
2026.01.23 11:31:38.997["Starting devices for: CODEXB_HV_ALT"]
["INFO: Initializing connection to recipe caches  for SMI++ Domain: CODEXB_HV"]
2026.01.23 12:22:12.166["System Name: CXHV: System Number: 1401 - FwFsm: version is 3503"]
2026.01.23 12:22:13.172["Starting devices for: CODEXB_HV"]
2026.01.23 12:22:13.175["Starting devices for: CODEXB_HV_ALT"]
["INFO: Initializing connection to recipe caches  for SMI++ Domain: CODEXB_HV"]
["INFO: Initializing connection to recipe caches  for SMI++ Domain: CODEXB_HV_ALT"]
2026.01.23 12:22:54.879["System Name: CXHV: System Number: 1401 - FwFsm: version is 3503"]
2026.01.23 12:22:55.885["Starting devices for: CODEXB_HV"]
2026.01.23 12:22:55.887["Starting devices for: CODEXB_HV_ALT"]
["INFO: Initializing connection to recipe caches  for SMI++ Domain: CODEXB_HV"]
["INFO: Initializing connection to recipe caches  for SMI++ Domain: CODEXB_HV_ALT"]
["INFO: Configurator in FSM Domain: CODEXB_HV_ALT loading mode: PHYSICS"]
["INFO: fwFSMConfDB_cacheAllRecipesForMode() -> Accessing internal caches to load all recipes."]
["INFO::Loading recipe: PHYSICS/Go_STANDBY1 for domain: CODEXB_HV_ALT. Please wait..."]
["WARNING: fwFSMConfDB_cacheAllRecipesForMode()-> Some devices are missing in the recipe: PHYSICS/Go_STANDBY1 for FSM domain: CODEXB_HV_ALT"]
["INFO::Loading recipe: PHYSICS/Go_STANDBY2 for domain: CODEXB_HV_ALT. Please wait..."]
["WARNING: fwFSMConfDB_cacheAllRecipesForMode()-> Some devices are missing in the recipe: PHYSICS/Go_STANDBY2 for FSM domain: CODEXB_HV_ALT"]
["INFO::Loading recipe: PHYSICS/Go_READY for domain: CODEXB_HV_ALT. Please wait..."]
["WARNING: fwFSMConfDB_cacheAllRecipesForMode()-> Some devices are missing in the recipe: PHYSICS/Go_READY for FSM domain: CODEXB_HV_ALT"]
